=~=~=~=~=~=~=~=~=~=~=~= PuTTY log 2019.06.14 16:31:34 =~=~=~=~=~=~=~=~=~=~=~=
-68,8
-61,11
-60,9
-64,8
-61,11
-57,10
-53,9
-48,8
-43,8
-41,9
-38,8
-42,10
-35,8
-42,10
-44,11
-59,10
-50,8
-50,8
-52,9
-52,9
-65,10
-61,10
-67,9
-69,11
-64,8
-66,8
-70,9
-61,8
-68,9
-67,8
-67,9
-72,10
-70,10
-69,9
-71,10
-72,9
-76,10
-75,9
-90,3
-83,7
-82,7
-81,7
-79,7
-75,9
-77,8
-78,9
-74,8
-72,9
-76,10
-73,9
-73,8
-77,8
-72,8
-80,8
-75,10
-86,6
-84,8
-88,6
-93,1
-86,6
-97,-8
-93,2
-96,-7
-96,-4
-89,5
-90,4
-94,1
-93,3
-93,0
Timeout/error! No packet received.
-93,1
-94,0
-95,-3
-96,-6
-95,-3
Timeout/error! No packet received.
Timeout/error! No packet received.
-96,-11
Timeout/error! No packet received.
-97,-10
-96,-8
-97,-9
-97,-6
-94,-1
-95,-2
-95,-3
Timeout/error! No packet received.
-96,-3
-96,-4
-97,-15
-97,-12
-96,-4
Timeout/error! No packet received.
-97,-8
-97,-10
Timeout/error! No packet received.
-97,-9
-96,-4
Timeout/error! No packet received.
-96,-6
-96,-5
Timeout/error! No packet received.
-97,-10
-97,-13
Timeout/error! No packet received.
Timeout/error! No packet received.
Timeout/error! No packet received.
-96,-6
-95,-2
-96,-4
Timeout/error! No packet received.
-96,-5
-96,-4
Timeout/error! No packet received.
Timeout/error! No packet received.
-96,-3
-95,-1
-96,-5
-96,-8
-96,-9
-96,-4
-96,-5
-96,-4
-97,-8
-97,-16
-97,-16
-97,-17
Timeout/error! No packet received.
-97,-11
Timeout/error! No packet received.
Timeout/error! No packet received.
Timeout/error! No packet received.
-97,-17
Timeout/error! No packet received.
Timeout/error! No packet received.
Timeout/error! No packet received.
Timeout/error! No packet received.
Timeout/error! No packet received.
Timeout/error! No packet received.
Timeout/error! No packet received.
Timeout/error! No packet received.
Timeout/error! No packet received.
Timeout/error! No packet received.
Timeout/error! No packet received.
Timeout/error! No packet received.
Timeout/error! No packet received.
Timeout/error! No packet received.
Timeout/error! No packet received.
Timeout/error! No packet received.
Timeout/error! No packet received.
Timeout/error! No packet received.
Timeout/error! No packet received.
Timeout/error! No packet received.
Timeout/error! No packet received.
Timeout/error! No packet received.
Timeout/error! No packet received.
Timeout/error! No packet received.
