=~=~=~=~=~=~=~=~=~=~=~= PuTTY log 2019.06.14 16:18:49 =~=~=~=~=~=~=~=~=~=~=~=
-36,8
-36,11
-39,8
-44,10
-42,8
-48,8
-40,9
-42,9
-46,11
-45,9
-40,11
-52,9
-46,8
-48,8
-48,8
-51,8
-46,8
-57,8
-46,11
-61,8
-62,10
-50,8
-61,11
-45,8
-55,9
-52,9
-53,10
-49,11
-47,8
-48,8
-49,11
-49,10
-46,8
-48,8
-49,11
-49,8
-49,10
-49,9
-45,8
-46,11
-48,8
-43,11
-53,11
-47,8
-48,8
-55,8
-50,9
-46,10
-58,10
-47,8
-48,8
-55,9
-60,8
-52,11
-46,10
-51,8
-55,11
-49,11
-57,10
-56,8
-65,11
-58,9
-58,9
-72,8
-53,8
-49,10
-59,9
-37,9
-45,10
-53,9
-59,8
-54,9
-63,8
-51,10
-58,11
-49,9
-56,9
-49,11
-51,9
-52,8
-48,9
-51,9
-66,11
-65,8
-55,11
-48,9
-44,10
-46,11
-45,9
-46,11
-44,9
-48,9
-54,10
-51,8
-63,9
-57,10
-57,8
-60,9
-58,10
-66,9
-67,9
-59,8
-70,9
-60,9
-64,11
-60,8
-66,11
-67,9
-71,9
-69,10
-86,8
-65,10
-74,9
-75,10
-74,9
-80,9
-70,8
-79,9
-68,8
-77,9
-76,10
-81,8
-72,9
-74,9
-71,8
-70,8
-72,9
-78,10
-89,6
-82,8
-76,8
-79,8
-82,8
-79,9
-83,8
-84,8
-81,10
-77,8
-80,10
-79,10
-80,8
-79,9
-85,8
-85,7
-81,8
-81,8
-82,9
-80,9
-81,9
-85,8
-88,6
-87,7
-87,8
-97,-1
-87,7
-85,8
-86,7
-88,7
-92,5
-97,-3
-98,-4
-93,3
-91,4
-97,-1
Timeout/error! No packet received.
-95,2
Timeout/error! No packet received.
-98,-1
-99,-8
-99,-3
Timeout/error! No packet received.
Timeout/error! No packet received.
-100,-6
-99,-1
Timeout/error! No packet received.
Timeout/error! No packet received.
-100,-11
-98,-4
-100,-8
-100,-9
Timeout/error! No packet received.
Timeout/error! No packet received.
-100,-4
-96,0
Timeout/error! No packet received.
-99,-7
Timeout/error! No packet received.
-101,-8
Timeout/error! No packet received.
Timeout/error! No packet received.
-99,-3
Timeout/error! No packet received.
Timeout/error! No packet received.
Timeout/error! No packet received.
-99,-5
-101,-9
-99,-6
Timeout/error! No packet received.
-100,-9
-101,-9
Timeout/error! No packet received.
Timeout/error! No packet received.
Timeout/error! No packet received.
-99,-7
-100,-11
-98,-1
-99,-6
-99,-4
-99,-10
Timeout/error! No packet received.
-98,0
-96,2
-99,-8
-98,-2
-98,-1
-92,5
-99,0
-95,1
Timeout/error! No packet received.
-98,-2
-99,-1
-98,0
-96,1
-98,-4
-98,-1
Timeout/error! No packet received.
Timeout/error! No packet received.
-100,-9
-97,0
-101,-8
-100,-15
-99,-9
-99,-7
-97,0
-99,-4
Timeout/error! No packet received.
Timeout/error! No packet received.
Timeout/error! No packet received.
-100,-13
-100,-14
Timeout/error! No packet received.
-99,-7
Timeout/error! No packet received.
Timeout/error! No packet received.
-101,-9
Timeout/error! No packet received.
Timeout/error! No packet received.
Timeout/error! No packet received.
Timeout/error! No packet received.
Timeout/error! No packet received.
Timeout/error! No packet received.
Timeout/error! No packet received.
Timeout/error! No packet received.
-99,-5
Timeout/error! No packet received.
-101,-7
Timeout/error! No packet received.
-101,-11
Timeout/error! No packet received.
-100,-11
-101,-13
Timeout/error! No packet received.
Timeout/error! No packet received.
Timeout/error! No packet received.
-100,-12
Timeout/error! No packet received.
Timeout/error! No packet received.
Timeout/error! No packet received.
Timeout/error! No packet received.
Timeout/error! No packet received.
Timeout/error! No packet received.
Timeout/error! No packet received.
-100,-14
-100,-6
-100,-5
Timeout/error! No packet received.
Timeout/error! No packet received.
Timeout/error! No packet received.
-99,-7
Timeout/error! No packet received.
-99,-11
Timeout/error! No packet received.
