=~=~=~=~=~=~=~=~=~=~=~= PuTTY log 2019.06.14 16:29:07 =~=~=~=~=~=~=~=~=~=~=~=
-57,9
-61,11
-52,11
-52,9
-45,8
-48,9
-49,10
-48,8
-54,8
-46,8
-48,9
-44,8
-46,9
-69,5
-47,10
-43,11
-56,11
-54,8
-71,9
-61,9
-73,10
-64,8
-63,8
-61,9
-62,10
-59,10
-63,9
-64,10
-62,8
-61,8
-65,11
-73,9
-70,8
-70,9
-78,9
-83,8
-69,10
-74,10
-86,7
-77,9
-82,8
-85,7
-81,8
Timeout/error! No packet received.
-91,4
-77,9
-73,10
-78,10
-82,8
-86,7
-80,8
-85,7
-93,5
-85,7
-77,9
-84,9
-96,0
-93,5
-85,7
-84,8
-87,8
-93,4
-85,8
-84,9
-83,9
-91,5
-92,5
-91,5
-89,7
-95,2
-98,-1
Timeout/error! No packet received.
-98,-2
-94,3
Timeout/error! No packet received.
-94,4
-97,0
-97,0
-98,-2
Timeout/error! No packet received.
-100,-6
-99,0
Timeout/error! No packet received.
-98,0
-99,-5
-95,4
-95,1
Timeout/error! No packet received.
Timeout/error! No packet received.
-99,-3
-100,-5
-97,0
-100,-9
-100,-12
-96,0
-100,-5
-98,-1
-93,5
Timeout/error! No packet received.
-97,0
Timeout/error! No packet received.
-96,2
-96,2
-97,0
-97,-1
-100,-10
-99,-3
-98,-3
-97,-1
Timeout/error! No packet received.
-91,5
-97,0
Timeout/error! No packet received.
-100,-10
-99,-4
-99,-4
-100,-5
-95,2
-98,-1
-97,0
-99,-5
-95,1
-100,-3
-101,-12
-99,-6
-98,-3
-98,-4
-98,-1
-97,-1
-100,-6
-98,-2
-99,-1
Timeout/error! No packet received.
-99,-4
Timeout/error! No packet received.
-100,-15
-100,-13
-100,-12
Timeout/error! No packet received.
Timeout/error! No packet received.
-100,-9
-101,-8
Timeout/error! No packet received.
-100,-8
-101,-10
Timeout/error! No packet received.
Timeout/error! No packet received.
-101,-11
Timeout/error! No packet received.
Timeout/error! No packet received.
-100,-12
Timeout/error! No packet received.
Timeout/error! No packet received.
Timeout/error! No packet received.
Timeout/error! No packet received.
-101,-11
Timeout/error! No packet received.
-101,-16
Timeout/error! No packet received.
Timeout/error! No packet received.
Timeout/error! No packet received.
Timeout/error! No packet received.
Timeout/error! No packet received.
Timeout/error! No packet received.
Timeout/error! No packet received.
Timeout/error! No packet received.
Timeout/error! No packet received.
Timeout/error! No packet received.
Timeout/error! No packet received.
Timeout/error! No packet received.
