=~=~=~=~=~=~=~=~=~=~=~= PuTTY log 2019.06.14 16:22:32 =~=~=~=~=~=~=~=~=~=~=~=
-40,8
-39,8
-39,8
-43,11
-43,11
-43,9
-42,8
-42,10
-44,11
-36,11
-37,8
-46,9
-52,11
-59,8
-47,8
-48,8
-51,9
-42,8
-42,8
-65,10
-42,8
-44,8
-43,11
-38,8
-43,9
-44,8
-43,11
-41,8
-52,9
-43,10
-40,9
-57,9
-69,9
-52,11
-53,10
-61,10
-75,10
-62,10
-65,10
-68,10
-67,10
-74,9
-71,11
-71,9
-69,9
-66,9
-74,9
-68,9
-64,11
-74,9
-67,9
-68,9
Timeout/error! No packet received.
-75,11
-74,9
-66,9
-74,10
-72,10
-72,11
-64,11
-70,10
-65,10
-63,8
-64,8
-68,10
-79,9
-71,10
-73,8
-79,8
-91,5
-83,7
-75,9
-77,9
Timeout/error! No packet received.
-71,8
-68,9
-67,8
-74,8
-83,9
-80,9
-81,9
-91,4
-89,7
-93,0
-85,7
-90,6
-85,8
-96,1
-94,2
-95,2
-87,8
-99,-6
-94,4
-92,4
-98,-2
-98,-2
-94,3
-97,1
-96,0
-99,-6
-99,-5
-97,0
-99,-3
-97,-2
-97,0
-97,-1
-100,-6
-100,-11
-99,-6
-99,-4
-99,-8
-98,-3
-99,-4
Timeout/error! No packet received.
Timeout/error! No packet received.
-98,-5
-100,-7
-99,-2
Timeout/error! No packet received.
-98,-4
-98,-6
-99,-4
Timeout/error! No packet received.
-98,-7
-98,-4
Timeout/error! No packet received.
-99,-3
-98,-5
-94,3
-95,2
-99,-6
-96,0
-97,-3
-98,-4
-97,0
-96,0
-99,-4
-97,-3
-98,-6
-96,0
-100,-11
-99,-10
-100,-6
Timeout/error! No packet received.
Timeout/error! No packet received.
Timeout/error! No packet received.
-99,-2
-98,-6
Timeout/error! No packet received.
-99,-3
Timeout/error! No packet received.
Timeout/error! No packet received.
Timeout/error! No packet received.
Timeout/error! No packet received.
Timeout/error! No packet received.
Timeout/error! No packet received.
Timeout/error! No packet received.
Timeout/error! No packet received.
Timeout/error! No packet received.
Timeout/error! No packet received.
-99,-7
Timeout/error! No packet received.
Timeout/error! No packet received.
Timeout/error! No packet received.
Timeout/error! No packet received.
-100,-16
Timeout/error! No packet received.
Timeout/error! No packet received.
Timeout/error! No packet received.
-100,-8
Timeout/error! No packet received.
Timeout/error! No packet received.
-99,-7
Timeout/error! No packet received.
Timeout/error! No packet received.
-99,-11
-100,-10
Timeout/error! No packet received.
Timeout/error! No packet received.
Timeout/error! No packet received.
Timeout/error! No packet received.
-98,-6
-100,-10
Timeout/error! No packet received.
-99,-12
-100,-11
-99,-4
-99,-10
-100,-10
-100,-9
Timeout/error! No packet received.
-100,-14
-100,-17
-100,-8
-99,-14
-100,-10
-99,-10
-100,-6
-99,-7
-99,-9
Timeout/error! No packet received.
-101,-16
Timeout/error! No packet received.
-100,-12
-100,-16
Timeout/error! No packet received.
-100,-14
Timeout/error! No packet received.
-99,-14
Timeout/error! No packet received.
-99,-15
-100,-10
Timeout/error! No packet received.
Timeout/error! No packet received.
Timeout/error! No packet received.
Timeout/error! No packet received.
Timeout/error! No packet received.
Timeout/error! No packet received.
Timeout/error! No packet received.
Timeout/error! No packet received.
Timeout/error! No packet received.
Timeout/error! No packet received.
Timeout/error! No packet received.
Timeout/error! No packet received.
-99,-16
Timeout/error! No packet received.
Timeout/error! No packet received.
Timeout/error! No packet received.
Timeout/error! No packet received.
Timeout/error! No packet received.
Timeout/error! No packet received.
Timeout/error! No packet received.
-47,8
-47,8
-48,8
-47,8
-54,8
-49,11
-46,9
-47,8
-48,8
-50,11
-49,11
-60,10
