=~=~=~=~=~=~=~=~=~=~=~= PuTTY log 2019.06.14 16:26:46 =~=~=~=~=~=~=~=~=~=~=~=
-47,8
-45,8
-46,11
-45,9
-47,8
-42,8
-42,11
-48,8
-54,8
-47,8
-48,8
-51,9
-47,8
-51,8
-47,8
-47,8
-46,11
-48,8
-43,11
-48,8
-50,8
-55,9
-46,11
-40,8
-43,9
-41,11
-50,10
-52,8
-55,10
-47,8
-58,10
-58,9
-79,10
-55,9
-53,8
-57,8
-64,9
-68,10
-64,9
-73,10
-71,8
-73,10
-63,9
-66,9
-73,10
-68,9
-75,8
-75,11
-78,8
-72,9
-86,8
-74,10
-78,9
-78,10
-81,8
-80,8
-80,9
-84,7
-82,9
-86,6
Timeout/error! No packet received.
-81,8
-85,8
-83,9
-93,4
-89,6
-93,3
-88,6
-83,9
-85,7
-95,1
-93,3
Timeout/error! No packet received.
-94,4
-97,0
-99,-6
-99,-4
Timeout/error! No packet received.
-98,-2
-94,4
Timeout/error! No packet received.
-99,-2
-96,0
Timeout/error! No packet received.
Timeout/error! No packet received.
-97,1
-96,2
-99,-3
-99,-8
-98,-1
-100,-5
-99,-4
-97,0
-100,-10
-99,-8
-100,-5
Timeout/error! No packet received.
Timeout/error! No packet received.
-98,-4
-99,-5
Timeout/error! No packet received.
-99,-10
-98,-5
Timeout/error! No packet received.
Timeout/error! No packet received.
Timeout/error! No packet received.
Timeout/error! No packet received.
Timeout/error! No packet received.
-100,-6
Timeout/error! No packet received.
Timeout/error! No packet received.
-99,-8
Timeout/error! No packet received.
Timeout/error! No packet received.
Timeout/error! No packet received.
-101,-9
-99,-4
-97,-1
-99,-2
-100,-11
-99,-2
-101,-14
-99,-9
-99,-14
Timeout/error! No packet received.
-100,-8
-99,-12
Timeout/error! No packet received.
-100,-10
Timeout/error! No packet received.
-99,-9
-101,-14
-100,-16
-100,-7
Timeout/error! No packet received.
Timeout/error! No packet received.
-99,-12
Timeout/error! No packet received.
Timeout/error! No packet received.
Timeout/error! No packet received.
Timeout/error! No packet received.
Timeout/error! No packet received.
Timeout/error! No packet received.
Timeout/error! No packet received.
Timeout/error! No packet received.
Timeout/error! No packet received.
Timeout/error! No packet received.
Timeout/error! No packet received.
Timeout/error! No packet received.
Timeout/error! No packet received.
-101,-12
Timeout/error! No packet received.
Timeout/error! No packet received.
Timeout/error! No packet received.
Timeout/error! No packet received.
Timeout/error! No packet received.
Timeout/error! No packet received.
Timeout/error! No packet received.
Timeout/error! No packet received.
Timeout/error! No packet received.
Timeout/error! No packet received.
-100,-16
