=~=~=~=~=~=~=~=~=~=~=~= PuTTY log 2019.06.09 17:02:26 =~=~=~=~=~=~=~=~=~=~=~=

[09/06/19 - 17:04:48:981] Compile time configuration:
 - gps
 - proximity
( '+ <FEAT>' means <FEAT> is enabled
[09/06/19 - 17:04:48:981] , '- <FEAT>' means <FEAT> is disabled)
Load General Settings

[09/06/19 - 17:04:51:981] Radio version: 0xa9b5

[09/06/19 - 17:05:10:759] RSSI:-29;SNR:8
[09/06/19 - 17:05:10:759] 

[09/06/19 - 17:05:12:806] RSSI:-29;SNR:8
[09/06/19 - 17:05:12:806] 

[09/06/19 - 17:05:14:862] RSSI:-29;SNR:8
[09/06/19 - 17:05:14:862] 

[09/06/19 - 17:05:16:911] RSSI:-29;SNR:9
[09/06/19 - 17:05:16:911] 

[09/06/19 - 17:05:18:958] RSSI:-29;SNR:8
[09/06/19 - 17:05:18:958] 

[09/06/19 - 17:05:21:005] RSSI:-30;SNR:8
[09/06/19 - 17:05:21:005] 

[09/06/19 - 17:05:23:067] RSSI:-30;SNR:8
[09/06/19 - 17:05:23:067] 

[09/06/19 - 17:05:25:114] RSSI:-31;SNR:10
[09/06/19 - 17:05:25:114] 
=~=~=~=~=~=~=~=~=~=~=~= PuTTY log 2019.06.13 20:54:55 =~=~=~=~=~=~=~=~=~=~=~=

[13/06/19 - 20:54:48:121] 
[13/06/19 - 20:54:55:069] )bxÄå
[13/06/19 - 20:54:55:069] Æ
[13/06/19 - 20:54:55:069] ¡1Çõ˜×