=~=~=~=~=~=~=~=~=~=~=~= PuTTY log 2019.06.14 13:48:59 =~=~=~=~=~=~=~=~=~=~=~=

13:49:31:852, -55,10
13:49:31:852, 

13:49:32:200, -47,9
13:49:32:200, 

13:49:32:552, -36,8
13:49:32:552, 

13:49:32:900, -35,8
13:49:32:904, 

13:49:33:252, -44,8
13:49:33:252, 

13:49:33:600, -32,8
13:49:33:604, 

13:49:33:952, -39,11
13:49:33:952, 

13:49:34:301, -42,10
13:49:34:305, 

13:49:34:653, -54,9
13:49:34:653, 

13:49:35:000, -59,9
13:49:35:004, 

13:49:35:352, -74,8
13:49:35:352, 

13:49:35:704, -76,7
13:49:35:704, 

13:49:36:052, -61,9
13:49:36:056, 

13:49:36:404, -67,9
13:49:36:404, 

13:49:36:752, -68,8
13:49:36:756, 

13:49:37:104, -68,10
13:49:37:104, 

13:49:37:452, -69,9
13:49:37:456, 

13:49:37:804, -70,8
13:49:37:807, 

13:49:38:155, -68,7
13:49:38:156, 

13:49:38:496, -70,8
13:49:38:496, 

13:49:38:855, -73,10
13:49:38:855, 

13:49:39:199, -71,8
13:49:39:199, 

13:49:39:555, -74,9
13:49:39:555, 

13:49:39:906, -78,8
13:49:39:906, 

13:49:40:254, -71,9
13:49:40:258, 

13:49:40:606, -76,6
13:49:40:606, 

13:49:40:954, -83,5
13:49:40:958, 

13:49:41:307, -82,9
13:49:41:307, 

13:49:41:655, Timeout/error! No packet received.
13:49:41:663, 

13:49:42:007, -76,8
13:49:42:007, 

13:49:42:355, -71,9
13:49:42:359, 

13:49:42:707, -76,9
13:49:42:707, 

13:49:43:059, -73,10
13:49:43:059, 

13:49:43:407, -67,8
13:49:43:407, 

13:49:43:759, -74,9
13:49:43:759, 

13:49:44:106, -68,8
13:49:44:110, 

13:49:44:456, -72,10
13:49:44:460, 

13:49:44:807, -74,9
13:49:44:807, 

13:49:45:159, -76,8
13:49:45:159, 

13:49:45:507, -78,7
13:49:45:511, 

13:49:45:859, -84,7
13:49:45:859, 

13:49:46:207, -75,8
13:49:46:212, 

13:49:46:559, -75,9
13:49:46:559, 

13:49:46:907, -80,7
13:49:46:911, 

13:49:47:259, -82,8
13:49:47:259, 

13:49:47:611, -87,8
13:49:47:611, 

13:49:47:959, -81,9
13:49:47:959, 

13:49:48:323, Timeout/error! No packet received.
13:49:48:327, 

13:49:48:659, -80,7
13:49:48:663, 

13:49:49:011, -81,8
13:49:49:011, 

13:49:49:359, -93,1
13:49:49:363, 

13:49:49:711, -87,6
13:49:49:711, 

13:49:50:063, -82,8
13:49:50:063, 

13:49:50:411, -84,7
13:49:50:411, 

13:49:50:775, Timeout/error! No packet received.
13:49:50:779, 

13:49:51:111, -90,0
13:49:51:111, 

13:49:51:460, -84,6
13:49:51:465, 

13:49:51:813, -80,8
13:49:51:813, 

13:49:52:160, -92,0
13:49:52:164, 

13:49:52:512, -83,9
13:49:52:512, 

13:49:52:860, -90,4
13:49:52:864, 

13:49:53:224, Timeout/error! No packet received.
13:49:53:232, 

13:49:53:564, -87,5
13:49:53:564, 

13:49:53:912, -81,9
13:49:53:916, 

13:49:54:264, -86,7
13:49:54:264, 

13:49:54:612, -87,7
13:49:54:616, 

13:49:54:964, -83,5
13:49:54:964, 

13:49:55:313, -82,7
13:49:55:317, 

13:49:55:665, Timeout/error! No packet received.
13:49:55:669, 

13:49:56:013, Timeout/error! No packet received.
13:49:56:021, 

13:49:56:365, -85,6
13:49:56:365, 

13:49:56:717, -85,7
13:49:56:717, 

13:49:57:065, -93,0
13:49:57:065, 

13:49:57:429, Timeout/error! No packet received.
13:49:57:433, 

13:49:57:765, -91,3
13:49:57:765, 

13:49:58:129, Timeout/error! No packet received.
13:49:58:133, 

13:49:58:466, -85,7
13:49:58:466, 

13:49:58:814, -87,6
13:49:58:818, 

13:49:59:166, Timeout/error! No packet received.
13:49:59:170, 

13:49:59:514, -85,7
13:49:59:518, 

13:49:59:866, -87,5
13:49:59:866, 

13:50:00:218, -88,5
13:50:00:218, 

13:50:00:566, -93,3
13:50:00:570, 

13:50:00:918, -91,3
13:50:00:918, 

13:50:01:263, -85,5
13:50:01:263, 

13:50:01:615, -91,3
13:50:01:619, 

13:50:01:967, -86,6
13:50:01:971, 

13:50:02:319, Timeout/error! No packet received.
13:50:02:323, 

13:50:02:667, -84,7
13:50:02:670, 

13:50:03:018, -80,8
13:50:03:018, 

13:50:03:366, -86,4
13:50:03:370, 

13:50:03:718, -89,3
13:50:03:722, 

13:50:04:070, -88,4
13:50:04:070, 

13:50:04:419, -85,4
13:50:04:419, 

13:50:04:771, -90,5
13:50:04:771, 

13:50:05:119, -86,5
13:50:05:122, 

13:50:05:470, -89,7
13:50:05:470, 

13:50:05:818, -89,2
13:50:05:822, 

13:50:06:170, -81,9
13:50:06:170, 

13:50:06:518, -84,9
13:50:06:522, 

13:50:06:870, -85,5
13:50:06:870, 

13:50:07:222, -85,8
13:50:07:222, 

13:50:07:571, -89,4
13:50:07:571, 

13:50:07:919, -84,8
13:50:07:923, 

13:50:08:271, Timeout/error! No packet received.
13:50:08:275, 

13:50:08:619, -88,6
13:50:08:623, 

13:50:08:971, Timeout/error! No packet received.
13:50:08:979, 

13:50:09:323, -92,2
13:50:09:323, 

13:50:09:671, -85,5
13:50:09:675, 

13:50:10:023, -83,6
13:50:10:026, 

13:50:10:371, -81,9
13:50:10:375, 

13:50:10:723, -80,8
13:50:10:723, 

13:50:11:071, -81,9
13:50:11:075, 

13:50:11:423, -92,-2
13:50:11:423, 

13:50:11:771, -86,7
13:50:11:775, 

13:50:12:123, -82,5
13:50:12:123, 

13:50:12:475, -83,6
13:50:12:475, 

13:50:12:823, -86,5
13:50:12:827, 

13:50:13:175, -85,5
13:50:13:175, 

13:50:13:524, -89,2
13:50:13:524, 

13:50:13:872, -94,-4
13:50:13:876, 

13:50:14:224, -86,5
13:50:14:224, 

13:50:14:588, Timeout/error! No packet received.
13:50:14:592, 

13:50:14:924, -81,8
13:50:14:928, 

13:50:15:276, -88,6
13:50:15:276, 

13:50:15:624, -85,5
13:50:15:628, 

13:50:15:976, -91,4
13:50:15:976, 

13:50:16:325, -84,8
13:50:16:329, 

13:50:16:677, -87,5
13:50:16:677, 

13:50:17:025, -94,-4
13:50:17:029, 

13:50:17:376, -93,2
13:50:17:376, 

13:50:17:728, -84,9
13:50:17:729, 

13:50:18:077, -88,6
13:50:18:077, 

13:50:18:425, -90,4
13:50:18:429, 

13:50:18:777, -89,6
13:50:18:777, 

13:50:19:129, Timeout/error! No packet received.
13:50:19:133, 

13:50:19:478, -91,-1
13:50:19:478, 

13:50:19:826, -90,3
13:50:19:830, 

13:50:20:178, -90,5
13:50:20:178, 

13:50:20:526, -89,5
13:50:20:530, 

13:50:20:878, -92,1
13:50:20:878, 

13:50:21:230, Timeout/error! No packet received.
13:50:21:234, 

13:50:21:578, -87,7
13:50:21:578, 

13:50:21:930, -90,5
13:50:21:930, 

13:50:22:279, -93,3
13:50:22:281, 

13:50:22:629, -86,7
13:50:22:629, 

13:50:22:981, -88,4
13:50:22:981, 

13:50:23:329, Timeout/error! No packet received.
13:50:23:337, 

13:50:23:681, -91,5
13:50:23:681, 

13:50:24:028, -90,4
13:50:24:032, 

13:50:24:380, -90,5
13:50:24:380, 

13:50:24:732, -86,7
13:50:24:732, 

13:50:25:080, -94,0
13:50:25:080, 

13:50:25:430, -93,3
13:50:25:433, 

13:50:25:781, Timeout/error! No packet received.
13:50:25:785, 

13:50:26:129, Timeout/error! No packet received.
13:50:26:137, 

13:50:26:493, Timeout/error! No packet received.
13:50:26:500, 

13:50:26:844, Timeout/error! No packet received.
13:50:26:848, 

13:50:27:180, -86,6
13:50:27:184, 

13:50:27:532, -85,6
13:50:27:532, 

13:50:27:884, -86,6
13:50:27:884, 

13:50:28:232, Timeout/error! No packet received.
13:50:28:240, 

13:50:28:582, -95,0
13:50:28:586, 

13:50:28:933, -91,4
13:50:28:933, 

13:50:29:281, -93,-1
13:50:29:285, 

13:50:29:633, Timeout/error! No packet received.
13:50:29:637, 

13:50:29:985, -92,0
13:50:29:985, 

13:50:30:345, Timeout/error! No packet received.
13:50:30:349, 

13:50:30:685, -93,4
13:50:30:685, 

13:50:31:033, -93,-1
13:50:31:037, 

13:50:31:386, -88,4
13:50:31:386, 

13:50:31:734, -93,1
13:50:31:734, 

13:50:32:086, -88,-6
13:50:32:086, 

13:50:32:434, -96,-1
13:50:32:438, 

13:50:32:786, -95,0
13:50:32:786, 

13:50:33:134, -91,0
13:50:33:138, 

13:50:33:486, -95,-6
13:50:33:486, 

13:50:33:838, -90,2
13:50:33:838, 

13:50:34:185, -94,0
13:50:34:185, 

13:50:34:535, -92,4
13:50:34:538, 

13:50:34:886, -91,0
13:50:34:890, 

13:50:35:238, -93,0
13:50:35:238, 

13:50:35:586, -88,5
13:50:35:590, 

13:50:35:938, -96,-3
13:50:35:939, 

13:50:36:287, -90,4
13:50:36:287, 

13:50:36:639, -87,8
13:50:36:639, 

13:50:36:987, Timeout/error! No packet received.
13:50:36:995, 

13:50:37:336, -95,0
13:50:37:340, 

13:50:37:688, -97,-6
13:50:37:688, 

13:50:38:036, -93,3
13:50:38:040, 

13:50:38:388, Timeout/error! No packet received.
13:50:38:392, 

13:50:38:740, -93,0
13:50:38:740, 

13:50:39:088, Timeout/error! No packet received.
13:50:39:096, 

13:50:39:439, -96,0
13:50:39:439, 

13:50:39:787, -94,0
13:50:39:791, 

13:50:40:139, -95,-4
13:50:40:139, 

13:50:40:500, Timeout/error! No packet received.
13:50:40:508, 

13:50:40:840, -93,-5
13:50:40:840, 

13:50:41:188, -92,0
13:50:41:192, 

13:50:41:540, -98,-10
13:50:41:542, 

13:50:41:890, Timeout/error! No packet received.
13:50:41:894, 

13:50:42:242, Timeout/error! No packet received.
13:50:42:246, 

13:50:42:590, -91,2
13:50:42:593, 

13:50:42:941, -97,-1
13:50:42:941, 

13:50:43:290, -88,0
13:50:43:294, 

13:50:43:642, -91,3
13:50:43:642, 

13:50:43:990, -93,2
13:50:43:994, 

13:50:44:342, -97,-4
13:50:44:342, 

13:50:44:693, -96,-6
13:50:44:693, 

13:50:45:041, -93,-1
13:50:45:045, 

13:50:45:393, -96,-4
13:50:45:393, 

13:50:45:741, -96,-1
13:50:45:745, 

13:50:46:093, -93,0
13:50:46:093, 

13:50:46:442, -95,0
13:50:46:442, 

13:50:46:794, -90,4
13:50:46:794, 

13:50:47:142, -94,2
13:50:47:146, 

13:50:47:494, Timeout/error! No packet received.
13:50:47:499, 

13:50:47:842, -89,-1
13:50:47:847, 

13:50:48:195, Timeout/error! No packet received.
13:50:48:199, 

13:50:48:543, -95,-2
13:50:48:547, 

13:50:48:907, Timeout/error! No packet received.
13:50:48:911, 

13:50:49:255, Timeout/error! No packet received.
13:50:49:264, 

13:50:49:596, -91,4
13:50:49:596, 

13:50:49:956, Timeout/error! No packet received.
13:50:49:960, 

13:50:50:296, -89,2
13:50:50:296, 

13:50:50:644, -97,-1
13:50:50:648, 

13:50:50:996, -91,1
13:50:50:996, 

13:50:51:344, Timeout/error! No packet received.
13:50:51:352, 

13:50:51:696, -95,0
13:50:51:696, 

13:50:52:044, -90,5
13:50:52:047, 

13:50:52:397, Timeout/error! No packet received.
13:50:52:401, 

13:50:52:745, -91,4
13:50:52:749, 

13:50:53:097, -95,-3
13:50:53:099, 

13:50:53:447, -94,2
13:50:53:447, 

13:50:53:798, -93,2
13:50:53:798, 

13:50:54:146, -96,-1
13:50:54:150, 

13:50:54:498, -96,0
13:50:54:498, 

13:50:54:846, -95,0
13:50:54:850, 

13:50:55:198, -97,-4
13:50:55:198, 

13:50:55:547, -97,-7
13:50:55:551, 

13:50:55:899, -96,-1
13:50:55:899, 

13:50:56:246, -95,-2
13:50:56:250, 

13:50:56:610, Timeout/error! No packet received.
13:50:56:614, 

13:50:56:950, -94,-1
13:50:56:950, 

13:50:57:298, -95,1
13:50:57:302, 

13:50:57:650, -97,-4
13:50:57:650, 

13:50:57:998, -96,-8
13:50:58:002, 

13:50:58:351, -96,0
13:50:58:351, 

13:50:58:699, -96,-2
13:50:58:699, 

13:50:59:063, Timeout/error! No packet received.
13:50:59:067, 

13:50:59:411, Timeout/error! No packet received.
13:50:59:419, 

13:50:59:751, Timeout/error! No packet received.
13:50:59:755, 

13:51:00:099, -98,-9
13:51:00:103, 

13:51:00:450, -94,2
13:51:00:450, 

13:51:00:798, -93,0
13:51:00:802, 

13:51:01:150, -98,-7
13:51:01:154, 

13:51:01:500, -97,-6
13:51:01:503, 

13:51:01:851, -95,-3
13:51:01:851, 

13:51:02:211, Timeout/error! No packet received.
13:51:02:219, 

13:51:02:551, Timeout/error! No packet received.
13:51:02:559, 

13:51:02:915, Timeout/error! No packet received.
13:51:02:919, 

13:51:03:251, -96,-1
13:51:03:255, 

13:51:03:603, -97,0
13:51:03:605, 

13:51:03:952, -96,-4
13:51:03:952, 

13:51:04:292, Timeout/error! No packet received.
13:51:04:308, 

13:51:04:652, Timeout/error! No packet received.
13:51:04:652, 

13:51:04:995, Timeout/error! No packet received.
13:51:04:995, 

13:51:05:355, -95,-3
13:51:05:355, 

13:51:05:703, -97,-5
13:51:05:707, 

13:51:06:055, -97,-4
13:51:06:055, 

13:51:06:403, -96,-2
13:51:06:406, 

13:51:06:754, Timeout/error! No packet received.
13:51:06:759, 

13:51:07:103, -97,-5
13:51:07:107, 

13:51:07:453, -95,0
13:51:07:457, 

13:51:07:816, Timeout/error! No packet received.
13:51:07:820, 

13:51:08:156, -97,-3
13:51:08:157, 

13:51:08:517, Timeout/error! No packet received.
13:51:08:521, 

13:51:08:865, Timeout/error! No packet received.
13:51:08:873, 

13:51:09:205, -94,0
13:51:09:205, 

13:51:09:557, Timeout/error! No packet received.
13:51:09:561, 

13:51:09:917, Timeout/error! No packet received.
13:51:09:924, 

13:51:10:256, Timeout/error! No packet received.
13:51:10:261, 

13:51:10:607, -98,-3
13:51:10:607, 

13:51:10:955, Timeout/error! No packet received.
13:51:10:963, 

13:51:11:319, Timeout/error! No packet received.
13:51:11:323, 

13:51:11:659, -97,-4
13:51:11:659, 

13:51:12:007, -95,-2
13:51:12:007, 

13:51:12:371, Timeout/error! No packet received.
13:51:12:375, 

13:51:12:707, -99,-7
13:51:12:711, 

13:51:13:059, -97,-1
13:51:13:059, 

13:51:13:420, Timeout/error! No packet received.
13:51:13:428, 

13:51:13:760, -96,-6
13:51:13:760, 

13:51:14:108, -98,-10
13:51:14:112, 

13:51:14:460, -95,-2
13:51:14:460, 

13:51:14:819, Timeout/error! No packet received.
13:51:14:827, 

13:51:15:171, Timeout/error! No packet received.
13:51:15:176, 

13:51:15:507, -99,-7
13:51:15:511, 

13:51:15:859, -93,-5
13:51:15:859, 

13:51:16:207, Timeout/error! No packet received.
13:51:16:215, 

13:51:16:561, Timeout/error! No packet received.
13:51:16:565, 

13:51:16:921, Timeout/error! No packet received.
13:51:16:928, 

13:51:17:260, -96,-5
13:51:17:260, 

13:51:17:624, Timeout/error! No packet received.
13:51:17:628, 

13:51:17:960, Timeout/error! No packet received.
13:51:17:968, 

13:51:18:324, Timeout/error! No packet received.
13:51:18:328, 

13:51:18:660, -95,-7
13:51:18:664, 

13:51:19:012, -97,-1
13:51:19:012, 

13:51:19:373, Timeout/error! No packet received.
13:51:19:377, 

13:51:19:713, -98,-3
13:51:19:713, 

13:51:20:061, -98,-7
13:51:20:065, 

13:51:20:413, -94,-7
13:51:20:413, 

13:51:20:761, Timeout/error! No packet received.
13:51:20:769, 

13:51:21:125, Timeout/error! No packet received.
13:51:21:129, 

13:51:21:473, Timeout/error! No packet received.
13:51:21:481, 

13:51:21:813, Timeout/error! No packet received.
13:51:21:821, 

13:51:22:165, Timeout/error! No packet received.
13:51:22:168, 

13:51:22:514, -95,-7
13:51:22:514, 

13:51:22:874, Timeout/error! No packet received.
13:51:22:882, 

13:51:23:214, -98,-9
13:51:23:214, 

13:51:23:578, Timeout/error! No packet received.
13:51:23:582, 

13:51:23:914, -98,-8
13:51:23:914, 

13:51:24:262, -96,-9
13:51:24:266, 

13:51:24:614, -97,-4
13:51:24:614, 

13:51:24:978, Timeout/error! No packet received.
13:51:24:982, 

13:51:25:327, Timeout/error! No packet received.
13:51:25:331, 

13:51:25:679, Timeout/error! No packet received.
13:51:25:683, 

13:51:26:027, Timeout/error! No packet received.
13:51:26:031, 

13:51:26:367, Timeout/error! No packet received.
13:51:26:371, 

13:51:26:727, Timeout/error! No packet received.
13:51:26:735, 

13:51:27:067, -95,-6
13:51:27:067, 

13:51:27:415, -98,-5
13:51:27:419, 

13:51:27:779, Timeout/error! No packet received.
13:51:27:783, 

13:51:28:115, Timeout/error! No packet received.
13:51:28:123, 

13:51:28:464, Timeout/error! No packet received.
13:51:28:472, 

13:51:28:816, -97,-6
13:51:28:820, 

13:51:29:180, Timeout/error! No packet received.
13:51:29:184, 

13:51:29:528, Timeout/error! No packet received.
13:51:29:537, 

13:51:29:868, -97,-6
13:51:29:869, 

13:51:30:229, Timeout/error! No packet received.
13:51:30:237, 

13:51:30:581, Timeout/error! No packet received.
13:51:30:585, 

13:51:30:929, Timeout/error! No packet received.
13:51:30:936, 

13:51:31:261, -94,-6
13:51:31:261, 

13:51:31:617, Timeout/error! No packet received.
13:51:31:622, 

13:51:31:982, Timeout/error! No packet received.
13:51:31:986, 

13:51:32:330, Timeout/error! No packet received.
13:51:32:337, 

13:51:32:669, -97,-11
13:51:32:669, 

13:51:33:021, -96,-13
13:51:33:021, 

13:51:33:369, Timeout/error! No packet received.
13:51:33:373, 

13:51:33:733, Timeout/error! No packet received.
13:51:33:737, 

13:51:34:069, Timeout/error! No packet received.
13:51:34:076, 

13:51:34:433, Timeout/error! No packet received.
13:51:34:437, 

13:51:34:769, -99,-13
13:51:34:773, 

13:51:35:121, Timeout/error! No packet received.
13:51:35:126, 

13:51:35:470, -98,-12
13:51:35:474, 

13:51:35:822, -97,-8
13:51:35:822, 

13:51:36:182, Timeout/error! No packet received.
13:51:36:190, 

13:51:36:522, Timeout/error! No packet received.
13:51:36:526, 

13:51:36:882, Timeout/error! No packet received.
13:51:36:886, 

13:51:37:234, Timeout/error! No packet received.
13:51:37:238, 

13:51:37:583, Timeout/error! No packet received.
13:51:37:587, 

13:51:37:935, Timeout/error! No packet received.
13:51:37:939, 

13:51:38:283, Timeout/error! No packet received.
13:51:38:291, 

13:51:38:623, Timeout/error! No packet received.
13:51:38:627, 

13:51:38:983, Timeout/error! No packet received.
13:51:38:992, 

13:51:39:324, -96,-13
13:51:39:324, 

13:51:39:684, Timeout/error! No packet received.
13:51:39:692, 

13:51:40:036, Timeout/error! No packet received.
13:51:40:040, 

13:51:40:373, Timeout/error! No packet received.
13:51:40:377, 

13:51:40:733, Timeout/error! No packet received.
13:51:40:743, 

13:51:41:075, -97,-10
13:51:41:075, 

13:51:41:435, Timeout/error! No packet received.
13:51:41:439, 

13:51:41:787, Timeout/error! No packet received.
13:51:41:791, 

13:51:42:135, Timeout/error! No packet received.
13:51:42:143, 

13:51:42:474, Timeout/error! No packet received.
13:51:42:478, 

13:51:42:838, Timeout/error! No packet received.
13:51:42:843, 

13:51:43:186, Timeout/error! No packet received.
13:51:43:191, 

13:51:43:539, Timeout/error! No packet received.
13:51:43:543, 

13:51:43:887, Timeout/error! No packet received.
13:51:43:895, 

13:51:44:227, -99,-11
13:51:44:227, 

13:51:44:588, Timeout/error! No packet received.
13:51:44:592, 

13:51:44:940, Timeout/error! No packet received.
13:51:44:944, 

13:51:45:288, Timeout/error! No packet received.
13:51:45:292, 

13:51:45:640, Timeout/error! No packet received.
13:51:45:644, 

13:51:45:976, Timeout/error! No packet received.
13:51:45:984, 

13:51:46:340, Timeout/error! No packet received.
13:51:46:345, 

13:51:46:677, Timeout/error! No packet received.
13:51:46:683, 

13:51:47:039, Timeout/error! No packet received.
13:51:47:045, 

13:51:47:387, Timeout/error! No packet received.
13:51:47:387, 

13:51:47:730, Timeout/error! No packet received.
13:51:47:746, 

13:51:48:074, -99,-9
13:51:48:074, 

13:51:48:427, -99,-13
13:51:48:431, 

13:51:48:791, Timeout/error! No packet received.
13:51:48:795, 

13:51:49:139, Timeout/error! No packet received.
13:51:49:147, 

13:51:49:491, Timeout/error! No packet received.
13:51:49:495, 

13:51:49:839, Timeout/error! No packet received.
13:51:49:847, 

13:51:50:191, Timeout/error! No packet received.
13:51:50:195, 

13:51:50:540, Timeout/error! No packet received.
13:51:50:544, 

13:51:50:892, Timeout/error! No packet received.
13:51:50:900, 

13:51:51:228, Timeout/error! No packet received.
13:51:51:236, 

13:51:51:591, Timeout/error! No packet received.
13:51:51:596, 

13:51:51:932, Timeout/error! No packet received.
13:51:51:936, 

13:51:52:292, Timeout/error! No packet received.
13:51:52:300, 

13:51:52:643, Timeout/error! No packet received.
13:51:52:647, 

13:51:52:991, Timeout/error! No packet received.
13:51:52:999, 

13:51:53:345, Timeout/error! No packet received.
13:51:53:347, 

13:51:53:695, Timeout/error! No packet received.
13:51:53:699, 

13:51:54:043, Timeout/error! No packet received.
13:51:54:047, 

13:51:54:395, Timeout/error! No packet received.
13:51:54:399, 

13:51:54:743, Timeout/error! No packet received.
13:51:54:751, 

13:51:55:095, Timeout/error! No packet received.
13:51:55:099, 

13:51:55:442, Timeout/error! No packet received.
13:51:55:450, 

13:51:55:794, Timeout/error! No packet received.
13:51:55:800, 

13:51:56:144, Timeout/error! No packet received.
13:51:56:148, 

13:51:56:496, Timeout/error! No packet received.
13:51:56:501, 

13:51:56:845, Timeout/error! No packet received.
13:51:56:849, 

13:51:57:193, Timeout/error! No packet received.
13:51:57:197, 

13:51:57:527, Timeout/error! No packet received.
13:51:57:527, 

13:51:57:886, Timeout/error! No packet received.
13:51:57:886, 

13:51:58:246, Timeout/error! No packet received.
13:51:58:246, 

13:51:58:595, Timeout/error! No packet received.
13:51:58:603, 

13:51:58:947, Timeout/error! No packet received.
13:51:58:951, 

13:51:59:295, Timeout/error! No packet received.
13:51:59:303, 

13:51:59:647, Timeout/error! No packet received.
13:51:59:651, 

13:51:59:995, Timeout/error! No packet received.
13:52:00:003, 

13:52:00:348, Timeout/error! No packet received.
13:52:00:352, 

13:52:00:696, Timeout/error! No packet received.
13:52:00:705, 

13:52:01:049, Timeout/error! No packet received.
13:52:01:053, 

13:52:01:397, Timeout/error! No packet received.
13:52:01:403, 

13:52:01:747, Timeout/error! No packet received.
13:52:01:753, 

13:52:02:097, Timeout/error! No packet received.
13:52:02:105, 

13:52:02:448, Timeout/error! No packet received.
13:52:02:452, 

13:52:02:796, Timeout/error! No packet received.
13:52:02:804, 

13:52:03:148, Timeout/error! No packet received.
13:52:03:153, 

13:52:03:498, Timeout/error! No packet received.
13:52:03:506, 

13:52:03:838, Timeout/error! No packet received.
13:52:03:842, 

13:52:04:198, Timeout/error! No packet received.
13:52:04:205, 

13:52:04:549, Timeout/error! No packet received.
13:52:04:555, 
