=~=~=~=~=~=~=~=~=~=~=~= PuTTY log 2019.06.14 13:39:04 =~=~=~=~=~=~=~=~=~=~=~=

13:39:14:205, -49,9
13:39:14:205, 

13:39:14:553, -47,8
13:39:14:557, 

13:39:14:905, -50,9
13:39:14:905, 

13:39:15:253, -49,9
13:39:15:257, 

13:39:15:605, -47,9
13:39:15:605, 

13:39:15:953, -46,9
13:39:15:957, 

13:39:16:306, -50,8
13:39:16:307, 

13:39:16:655, -47,8
13:39:16:655, 

13:39:17:007, -48,10
13:39:17:007, 

13:39:17:355, -54,10
13:39:17:359, 

13:39:17:707, -52,10
13:39:17:707, 

13:39:18:055, -53,9
13:39:18:059, 

13:39:18:406, -62,10
13:39:18:406, 

13:39:18:758, -55,8
13:39:18:758, 

13:39:19:106, -56,11
13:39:19:110, 

13:39:19:455, -65,9
13:39:19:459, 

13:39:19:807, -64,9
13:39:19:807, 

13:39:20:155, -67,11
13:39:20:159, 

13:39:20:507, -64,10
13:39:20:507, 

13:39:20:859, -69,11
13:39:20:859, 

13:39:21:207, -67,8
13:39:21:207, 

13:39:21:559, -69,9
13:39:21:559, 

13:39:21:907, -64,9
13:39:21:911, 

13:39:22:259, -65,10
13:39:22:259, 

13:39:22:608, -65,10
13:39:22:608, 

13:39:22:960, -71,7
13:39:22:961, 

13:39:23:309, -76,7
13:39:23:309, 

13:39:23:661, -79,8
13:39:23:661, 

13:39:24:009, -70,11
13:39:24:013, 

13:39:24:361, -67,8
13:39:24:361, 

13:39:24:708, -87,3
13:39:24:712, 

13:39:25:060, -82,6
13:39:25:060, 

13:39:25:410, -74,9
13:39:25:413, 

13:39:25:761, -84,6
13:39:25:761, 

13:39:26:109, -72,9
13:39:26:113, 

13:39:26:461, -75,9
13:39:26:461, 

13:39:26:809, -76,8
13:39:26:813, 

13:39:27:161, -75,9
13:39:27:161, 

13:39:27:513, -70,6
13:39:27:513, 

13:39:27:861, -67,8
13:39:27:865, 

13:39:28:213, -69,8
13:39:28:213, 

13:39:28:562, -70,10
13:39:28:562, 

13:39:28:910, -76,6
13:39:28:914, 

13:39:29:262, -70,8
13:39:29:262, 

13:39:29:626, Timeout/error! No packet received.
13:39:29:630, 

13:39:29:962, -73,8
13:39:29:966, 

13:39:30:314, -82,6
13:39:30:314, 

13:39:30:661, -75,11
13:39:30:665, 

13:39:31:013, -81,8
13:39:31:013, 

13:39:31:363, -78,7
13:39:31:367, 

13:39:31:715, -79,8
13:39:31:715, 

13:39:32:075, Timeout/error! No packet received.
13:39:32:082, 

13:39:32:414, -78,9
13:39:32:414, 

13:39:32:766, -83,7
13:39:32:766, 

13:39:33:114, -89,4
13:39:33:114, 

13:39:33:466, -85,8
13:39:33:466, 

13:39:33:814, -78,8
13:39:33:818, 

13:39:34:166, -84,8
13:39:34:166, 

13:39:34:515, -81,9
13:39:34:515, 

13:39:34:867, Timeout/error! No packet received.
13:39:34:871, 

13:39:35:215, -83,6
13:39:35:215, 

13:39:35:567, -84,4
13:39:35:567, 

13:39:35:915, -85,7
13:39:35:919, 

13:39:36:267, -84,6
13:39:36:267, 

13:39:36:615, -85,6
13:39:36:619, 

13:39:36:967, -90,-1
13:39:36:967, 

13:39:37:316, -87,6
13:39:37:316, 

13:39:37:668, Timeout/error! No packet received.
13:39:37:674, 

13:39:38:018, -86,5
13:39:38:018, 

13:39:38:369, -82,9
13:39:38:370, 

13:39:38:718, -81,8
13:39:38:718, 

13:39:39:066, -80,9
13:39:39:071, 

13:39:39:419, -84,9
13:39:39:419, 

13:39:39:770, -80,7
13:39:39:770, 

13:39:40:118, -81,7
13:39:40:118, 

13:39:40:468, -82,7
13:39:40:472, 

13:39:40:820, Timeout/error! No packet received.
13:39:40:823, 

13:39:41:171, -85,6
13:39:41:171, 

13:39:41:519, -89,2
13:39:41:519, 

13:39:41:871, -86,5
13:39:41:871, 

13:39:42:219, -85,5
13:39:42:219, 

13:39:42:571, -87,5
13:39:42:571, 

13:39:42:919, -86,7
13:39:42:923, 

13:39:43:264, -85,7
13:39:43:264, 

13:39:43:620, -94,0
13:39:43:620, 

13:39:43:972, -93,1
13:39:43:972, 

13:39:44:320, -89,6
13:39:44:324, 

13:39:44:672, -89,0
13:39:44:672, 

13:39:45:020, -90,3
13:39:45:024, 

13:39:45:372, -86,6
13:39:45:372, 

13:39:45:720, -88,5
13:39:45:724, 

13:39:46:072, -86,6
13:39:46:072, 

13:39:46:421, -86,3
13:39:46:425, 

13:39:46:773, -86,5
13:39:46:773, 

13:39:47:121, -86,6
13:39:47:125, 

13:39:47:473, -95,-2
13:39:47:473, 

13:39:47:821, -84,6
13:39:47:825, 

13:39:48:173, -85,3
13:39:48:173, 

13:39:48:525, -93,2
13:39:48:526, 

13:39:48:874, -91,0
13:39:48:874, 

13:39:49:222, -91,4
13:39:49:226, 

13:39:49:575, -88,4
13:39:49:575, 

13:39:49:923, -89,2
13:39:49:927, 

13:39:50:287, Timeout/error! No packet received.
13:39:50:291, 

13:39:50:623, -90,0
13:39:50:627, 

13:39:50:975, Timeout/error! No packet received.
13:39:50:979, 

13:39:51:323, -85,6
13:39:51:327, 

13:39:51:675, -93,-1
13:39:51:675, 

13:39:52:027, -86,2
13:39:52:027, 

13:39:52:388, Timeout/error! No packet received.
13:39:52:394, 

13:39:52:725, Timeout/error! No packet received.
13:39:52:733, 

13:39:53:073, -86,6
13:39:53:077, 

13:39:53:425, Timeout/error! No packet received.
13:39:53:433, 

13:39:53:777, -88,7
13:39:53:777, 

13:39:54:125, -87,4
13:39:54:129, 

13:39:54:489, Timeout/error! No packet received.
13:39:54:493, 

13:39:54:825, -92,4
13:39:54:829, 

13:39:55:189, Timeout/error! No packet received.
13:39:55:197, 

13:39:55:526, -87,7
13:39:55:530, 

13:39:55:890, Timeout/error! No packet received.
13:39:55:894, 

13:39:56:226, -88,8
13:39:56:230, 

13:39:56:578, -90,5
13:39:56:578, 

13:39:56:930, -83,6
13:39:56:930, 

13:39:57:278, -86,7
13:39:57:278, 

13:39:57:630, -90,5
13:39:57:630, 

13:39:57:977, -86,4
13:39:57:981, 

13:39:58:327, -88,6
13:39:58:331, 

13:39:58:679, -94,0
13:39:58:682, 

13:39:59:030, -92,3
13:39:59:030, 

13:39:59:378, -94,-1
13:39:59:382, 

13:39:59:742, Timeout/error! No packet received.
13:39:59:746, 

13:40:00:078, -92,0
13:40:00:082, 

13:40:00:430, -89,1
13:40:00:430, 

13:40:00:782, -89,1
13:40:00:782, 

13:40:01:130, -92,2
13:40:01:130, 

13:40:01:479, -87,3
13:40:01:483, 

13:40:01:843, Timeout/error! No packet received.
13:40:01:847, 

13:40:02:183, -87,6
13:40:02:183, 

13:40:02:531, -92,1
13:40:02:531, 

13:40:02:883, -87,4
13:40:02:883, 

13:40:03:231, -89,5
13:40:03:235, 

13:40:03:583, -91,4
13:40:03:583, 

13:40:03:942, Timeout/error! No packet received.
13:40:03:950, 

13:40:04:282, Timeout/error! No packet received.
13:40:04:287, 

13:40:04:643, Timeout/error! No packet received.
13:40:04:651, 

13:40:04:982, Timeout/error! No packet received.
13:40:04:987, 

13:40:05:335, -89,-4
13:40:05:335, 

13:40:05:695, Timeout/error! No packet received.
13:40:05:699, 

13:40:06:035, Timeout/error! No packet received.
13:40:06:039, 

13:40:06:385, -95,0
13:40:06:385, 

13:40:06:733, -92,-1
13:40:06:736, 

13:40:07:085, -91,5
13:40:07:085, 

13:40:07:432, Timeout/error! No packet received.
13:40:07:441, 

13:40:07:785, -93,-4
13:40:07:785, 

13:40:08:144, Timeout/error! No packet received.
13:40:08:152, 

13:40:08:484, -93,0
13:40:08:484, 

13:40:08:836, -92,2
13:40:08:836, 

13:40:09:184, -94,-3
13:40:09:188, 

13:40:09:533, -94,-3
13:40:09:537, 

13:40:09:885, -91,4
13:40:09:885, 

13:40:10:233, -92,0
13:40:10:237, 

13:40:10:585, -90,4
13:40:10:589, 

13:40:10:937, -95,-1
13:40:10:937, 

13:40:11:285, -91,-2
13:40:11:289, 

13:40:11:637, -89,3
13:40:11:638, 

13:40:11:986, -95,0
13:40:11:986, 

13:40:12:350, Timeout/error! No packet received.
13:40:12:354, 

13:40:12:686, -95,-5
13:40:12:690, 

13:40:13:038, -92,0
13:40:13:038, 

13:40:13:387, -96,-3
13:40:13:387, 

13:40:13:751, Timeout/error! No packet received.
13:40:13:755, 

13:40:14:087, -95,0
13:40:14:090, 

13:40:14:438, Timeout/error! No packet received.
13:40:14:442, 

13:40:14:786, -94,-1
13:40:14:790, 

13:40:15:138, -91,2
13:40:15:140, 

13:40:15:500, Timeout/error! No packet received.
13:40:15:504, 

13:40:15:840, -96,0
13:40:15:841, 

13:40:16:189, -94,-1
13:40:16:189, 

13:40:16:541, -96,-2
13:40:16:542, 

13:40:16:890, -96,-1
13:40:16:890, 

13:40:17:250, Timeout/error! No packet received.
13:40:17:258, 

13:40:17:591, Timeout/error! No packet received.
13:40:17:595, 

13:40:17:939, Timeout/error! No packet received.
13:40:17:947, 

13:40:18:291, -91,3
13:40:18:291, 

13:40:18:639, Timeout/error! No packet received.
13:40:18:648, 

13:40:18:991, -96,0
13:40:18:991, 

13:40:19:351, Timeout/error! No packet received.
13:40:19:359, 

13:40:19:691, -93,-3
13:40:19:691, 

13:40:20:039, Timeout/error! No packet received.
13:40:20:047, 

13:40:20:393, -92,3
13:40:20:393, 

13:40:20:741, -93,-2
13:40:20:745, 

13:40:21:093, Timeout/error! No packet received.
13:40:21:097, 

13:40:21:441, -97,-4
13:40:21:444, 

13:40:21:792, -94,-5
13:40:21:792, 

13:40:22:140, -92,2
13:40:22:144, 

13:40:22:492, -93,-1
13:40:22:496, 

13:40:22:844, -91,2
13:40:22:844, 

13:40:23:192, -96,-3
13:40:23:196, 

13:40:23:556, Timeout/error! No packet received.
13:40:23:560, 

13:40:23:892, -92,-2
13:40:23:895, 

13:40:24:243, -95,-4
13:40:24:243, 

13:40:24:595, -94,-1
13:40:24:595, 

13:40:24:943, -94,1
13:40:24:947, 

13:40:25:295, -96,-5
13:40:25:296, 

13:40:25:644, Timeout/error! No packet received.
13:40:25:648, 

13:40:25:992, -93,-3
13:40:25:996, 

13:40:26:339, Timeout/error! No packet received.
13:40:26:339, 

13:40:26:698, Timeout/error! No packet received.
13:40:26:714, 

13:40:27:058, Timeout/error! No packet received.
13:40:27:058, 

13:40:27:394, Timeout/error! No packet received.
13:40:27:402, 

13:40:27:746, -96,-1
13:40:27:746, 

13:40:28:106, Timeout/error! No packet received.
13:40:28:114, 

13:40:28:446, Timeout/error! No packet received.
13:40:28:450, 

13:40:28:794, Timeout/error! No packet received.
13:40:28:802, 

13:40:29:158, Timeout/error! No packet received.
13:40:29:166, 

13:40:29:507, Timeout/error! No packet received.
13:40:29:515, 

13:40:29:859, Timeout/error! No packet received.
13:40:29:863, 

13:40:30:211, Timeout/error! No packet received.
13:40:30:215, 

13:40:30:547, -93,1
13:40:30:547, 

13:40:30:911, Timeout/error! No packet received.
13:40:30:915, 

13:40:31:259, Timeout/error! No packet received.
13:40:31:264, 

13:40:31:596, -95,-3
13:40:31:600, 

13:40:31:960, Timeout/error! No packet received.
13:40:31:964, 

13:40:32:285, Timeout/error! No packet received.
13:40:32:301, 

13:40:32:660, Timeout/error! No packet received.
13:40:32:660, 

13:40:32:989, -95,-7
13:40:32:989, 

13:40:33:350, -95,-1
13:40:33:350, 

13:40:33:698, -97,-6
13:40:33:702, 

13:40:34:062, Timeout/error! No packet received.
13:40:34:066, 

13:40:34:398, -96,-2
13:40:34:402, 

13:40:34:750, Timeout/error! No packet received.
13:40:34:756, 

13:40:35:100, -96,-7
13:40:35:102, 

13:40:35:450, Timeout/error! No packet received.
13:40:35:456, 

13:40:35:812, Timeout/error! No packet received.
13:40:35:816, 

13:40:36:152, -95,-7
13:40:36:152, 

13:40:36:512, Timeout/error! No packet received.
13:40:36:520, 

13:40:36:864, Timeout/error! No packet received.
13:40:36:868, 

13:40:37:200, -95,0
13:40:37:204, 

13:40:37:565, Timeout/error! No packet received.
13:40:37:569, 

13:40:37:901, Timeout/error! No packet received.
13:40:37:909, 

13:40:38:265, Timeout/error! No packet received.
13:40:38:269, 

13:40:38:601, -95,-6
13:40:38:605, 

13:40:38:965, Timeout/error! No packet received.
13:40:38:969, 

13:40:39:301, Timeout/error! No packet received.
13:40:39:309, 

13:40:39:653, -94,-6
13:40:39:653, 

13:40:40:004, -96,-7
13:40:40:004, 

13:40:40:354, Timeout/error! No packet received.
13:40:40:359, 

13:40:40:715, Timeout/error! No packet received.
13:40:40:721, 

13:40:41:065, Timeout/error! No packet received.
13:40:41:071, 

13:40:41:403, -94,-5
13:40:41:403, 

13:40:41:763, Timeout/error! No packet received.
13:40:41:771, 

13:40:42:115, Timeout/error! No packet received.
13:40:42:123, 

13:40:42:455, -97,-5
13:40:42:456, 

13:40:42:816, Timeout/error! No packet received.
13:40:42:821, 

13:40:43:165, Timeout/error! No packet received.
13:40:43:173, 

13:40:43:504, Timeout/error! No packet received.
13:40:43:520, 

13:40:43:848, -98,-8
13:40:43:848, 

13:40:44:208, Timeout/error! No packet received.
13:40:44:223, 

13:40:44:554, Timeout/error! No packet received.
13:40:44:559, 

13:40:44:907, Timeout/error! No packet received.
13:40:44:911, 

13:40:45:267, Timeout/error! No packet received.
13:40:45:275, 

13:40:45:607, Timeout/error! No packet received.
13:40:45:611, 

13:40:45:967, Timeout/error! No packet received.
13:40:45:975, 

13:40:46:307, -97,-5
13:40:46:307, 

13:40:46:667, Timeout/error! No packet received.
13:40:46:676, 

13:40:47:008, -97,-10
13:40:47:008, 

13:40:47:367, Timeout/error! No packet received.
13:40:47:375, 

13:40:47:719, Timeout/error! No packet received.
13:40:47:723, 

13:40:48:055, -98,-11
13:40:48:059, 

13:40:48:408, -98,-6
13:40:48:408, 

13:40:48:769, Timeout/error! No packet received.
13:40:48:772, 

13:40:49:120, Timeout/error! No packet received.
13:40:49:125, 

13:40:49:469, Timeout/error! No packet received.
13:40:49:477, 

13:40:49:809, Timeout/error! No packet received.
13:40:49:812, 

13:40:50:169, Timeout/error! No packet received.
13:40:50:176, 

13:40:50:508, -95,-6
13:40:50:508, 

13:40:50:872, Timeout/error! No packet received.
13:40:50:876, 

13:40:51:208, Timeout/error! No packet received.
13:40:51:216, 

13:40:51:558, Timeout/error! No packet received.
13:40:51:566, 

13:40:51:922, Timeout/error! No packet received.
13:40:51:925, 

13:40:52:261, -96,-8
13:40:52:263, 

13:40:52:623, Timeout/error! No packet received.
13:40:52:627, 

13:40:52:959, -96,-8
13:40:52:962, 

13:40:53:310, -97,-2
13:40:53:310, 

13:40:53:674, Timeout/error! No packet received.
13:40:53:678, 

13:40:54:010, -96,-7
13:40:54:014, 

13:40:54:371, Timeout/error! No packet received.
13:40:54:379, 

13:40:54:723, Timeout/error! No packet received.
13:40:54:727, 

13:40:55:063, Timeout/error! No packet received.
13:40:55:065, 

13:40:55:412, -98,-9
13:40:55:412, 

13:40:55:760, -95,-9
13:40:55:764, 

13:40:56:112, -97,-6
13:40:56:112, 

13:40:56:472, Timeout/error! No packet received.
13:40:56:480, 

13:40:56:824, Timeout/error! No packet received.
13:40:56:828, 

13:40:57:172, Timeout/error! No packet received.
13:40:57:180, 

13:40:57:512, -98,-10
13:40:57:516, 

13:40:57:864, Timeout/error! No packet received.
13:40:57:868, 

13:40:58:224, Timeout/error! No packet received.
13:40:58:232, 

13:40:58:564, -95,-3
13:40:58:564, 

13:40:58:912, Timeout/error! No packet received.
13:40:58:920, 

13:40:59:276, Timeout/error! No packet received.
13:40:59:280, 

13:40:59:612, Timeout/error! No packet received.
13:40:59:620, 

13:40:59:963, -94,-6
13:40:59:963, 

13:41:00:315, Timeout/error! No packet received.
13:41:00:320, 

13:41:00:664, Timeout/error! No packet received.
13:41:00:668, 

13:41:01:016, -97,-5
13:41:01:016, 

13:41:01:364, -98,-10
13:41:01:368, 

13:41:01:728, Timeout/error! No packet received.
13:41:01:732, 

13:41:02:064, -96,-4
13:41:02:068, 

13:41:02:425, Timeout/error! No packet received.
13:41:02:433, 

13:41:02:777, Timeout/error! No packet received.
13:41:02:785, 

13:41:03:117, -98,-5
13:41:03:117, 

13:41:03:465, Timeout/error! No packet received.
13:41:03:473, 

13:41:03:817, Timeout/error! No packet received.
13:41:03:821, 

13:41:04:177, Timeout/error! No packet received.
13:41:04:184, 

13:41:04:528, Timeout/error! No packet received.
13:41:04:536, 

13:41:04:868, Timeout/error! No packet received.
13:41:04:872, 

13:41:05:216, -98,-5
13:41:05:219, 

13:41:05:568, Timeout/error! No packet received.
13:41:05:572, 

13:41:05:916, -97,-8
13:41:05:920, 

13:41:06:268, Timeout/error! No packet received.
13:41:06:272, 

13:41:06:631, Timeout/error! No packet received.
13:41:06:635, 

13:41:06:967, -97,-8
13:41:06:967, 

13:41:07:331, Timeout/error! No packet received.
13:41:07:336, 

13:41:07:680, Timeout/error! No packet received.
13:41:07:686, 

13:41:08:018, Timeout/error! No packet received.
13:41:08:026, 

13:41:08:367, -98,-8
13:41:08:371, 

13:41:08:731, Timeout/error! No packet received.
13:41:08:735, 

13:41:09:067, -98,-8
13:41:09:071, 

13:41:09:419, -97,-11
13:41:09:423, 

13:41:09:783, Timeout/error! No packet received.
13:41:09:787, 

13:41:10:131, Timeout/error! No packet received.
13:41:10:139, 

13:41:10:483, Timeout/error! No packet received.
13:41:10:487, 

13:41:10:831, Timeout/error! No packet received.
13:41:10:839, 

13:41:11:183, Timeout/error! No packet received.
13:41:11:187, 

13:41:11:520, Timeout/error! No packet received.
13:41:11:528, 

13:41:11:884, Timeout/error! No packet received.
13:41:11:888, 

13:41:12:232, Timeout/error! No packet received.
13:41:12:236, 

13:41:12:583, Timeout/error! No packet received.
13:41:12:591, 

13:41:12:931, Timeout/error! No packet received.
13:41:12:939, 

13:41:13:283, Timeout/error! No packet received.
13:41:13:291, 

13:41:13:623, -97,-9
13:41:13:623, 

13:41:13:971, Timeout/error! No packet received.
13:41:13:979, 

13:41:14:332, Timeout/error! No packet received.
13:41:14:340, 

13:41:14:672, -98,-10
13:41:14:672, 

13:41:15:024, Timeout/error! No packet received.
13:41:15:028, 

13:41:15:384, Timeout/error! No packet received.
13:41:15:388, 

13:41:15:724, -97,-6
13:41:15:724, 

13:41:16:072, -94,-8
13:41:16:076, 

13:41:16:436, Timeout/error! No packet received.
13:41:16:441, 

13:41:16:773, Timeout/error! No packet received.
13:41:16:777, 

13:41:17:137, Timeout/error! No packet received.
13:41:17:142, 

13:41:17:465, Timeout/error! No packet received.
13:41:17:465, 

13:41:17:825, Timeout/error! No packet received.
13:41:17:825, 

13:41:18:169, Timeout/error! No packet received.
13:41:18:169, 

13:41:18:524, -97,-4
13:41:18:524, 

13:41:18:876, Timeout/error! No packet received.
13:41:18:880, 

13:41:19:236, Timeout/error! No packet received.
13:41:19:244, 

13:41:19:588, Timeout/error! No packet received.
13:41:19:592, 

13:41:19:935, Timeout/error! No packet received.
13:41:19:943, 

13:41:20:289, Timeout/error! No packet received.
13:41:20:293, 

13:41:20:625, Timeout/error! No packet received.
13:41:20:633, 

13:41:20:988, Timeout/error! No packet received.
13:41:20:993, 

13:41:21:337, Timeout/error! No packet received.
13:41:21:345, 

13:41:21:689, Timeout/error! No packet received.
13:41:21:693, 

13:41:22:037, Timeout/error! No packet received.
13:41:22:045, 

13:41:22:376, Timeout/error! No packet received.
13:41:22:380, 

13:41:22:724, Timeout/error! No packet received.
13:41:22:733, 

13:41:23:088, Timeout/error! No packet received.
13:41:23:093, 

13:41:23:426, Timeout/error! No packet received.
13:41:23:434, 

13:41:23:778, Timeout/error! No packet received.
13:41:23:782, 

13:41:24:126, -94,-1
13:41:24:129, 

13:41:24:477, -95,-4
13:41:24:477, 

13:41:24:825, -96,-5
13:41:24:829, 

13:41:25:177, -92,0
13:41:25:181, 

13:41:25:541, Timeout/error! No packet received.
13:41:25:545, 

13:41:25:877, -95,-1
13:41:25:880, 

13:41:26:228, -94,-3
13:41:26:228, 

13:41:26:578, -97,-4
13:41:26:582, 

13:41:26:929, -98,-4
13:41:26:929, 

13:41:27:289, Timeout/error! No packet received.
13:41:27:297, 

13:41:27:629, -95,-2
13:41:27:633, 

13:41:27:981, -95,-1
13:41:27:981, 

13:41:28:329, -96,-4
13:41:28:333, 

13:41:28:681, -95,-1
13:41:28:681, 

13:41:29:029, -98,-6
13:41:29:033, 

13:41:29:382, -98,-4
13:41:29:382, 

13:41:29:742, Timeout/error! No packet received.
13:41:29:746, 

13:41:30:082, -99,-10
13:41:30:082, 

13:41:30:430, -97,-6
13:41:30:434, 

13:41:30:794, Timeout/error! No packet received.
13:41:30:798, 

13:41:31:142, Timeout/error! No packet received.
13:41:31:150, 

13:41:31:494, Timeout/error! No packet received.
13:41:31:499, 

13:41:31:843, Timeout/error! No packet received.
13:41:31:851, 

13:41:32:183, Timeout/error! No packet received.
13:41:32:187, 

13:41:32:543, Timeout/error! No packet received.
13:41:32:552, 

13:41:32:884, -97,-3
13:41:32:884, 

13:41:33:232, -95,-3
13:41:33:232, 

13:41:33:589, Timeout/error! No packet received.
13:41:33:589, 

13:41:33:933, -96,-8
13:41:33:933, 

13:41:34:294, Timeout/error! No packet received.
13:41:34:302, 

13:41:34:646, Timeout/error! No packet received.
13:41:34:650, 

13:41:34:994, Timeout/error! No packet received.
13:41:35:002, 

13:41:35:346, Timeout/error! No packet received.
13:41:35:350, 

13:41:35:694, Timeout/error! No packet received.
13:41:35:702, 

13:41:36:034, Timeout/error! No packet received.
13:41:36:038, 

13:41:36:383, -95,-5
13:41:36:387, 

13:41:36:747, Timeout/error! No packet received.
13:41:36:751, 

13:41:37:083, Timeout/error! No packet received.
13:41:37:092, 

13:41:37:447, Timeout/error! No packet received.
13:41:37:451, 

13:41:37:795, Timeout/error! No packet received.
13:41:37:804, 

13:41:38:147, Timeout/error! No packet received.
13:41:38:152, 

13:41:38:496, Timeout/error! No packet received.
13:41:38:504, 

13:41:38:847, Timeout/error! No packet received.
13:41:38:852, 

13:41:39:184, Timeout/error! No packet received.
13:41:39:192, 

13:41:39:542, Timeout/error! No packet received.
13:41:39:542, 

13:41:39:886, -94,-3
13:41:39:886, 

13:41:40:229, -95,-1
13:41:40:229, 

13:41:40:586, -93,0
13:41:40:586, 

13:41:40:938, -94,-4
13:41:40:939, 

13:41:41:287, -98,-2
13:41:41:287, 

13:41:41:639, Timeout/error! No packet received.
13:41:41:643, 

13:41:41:987, Timeout/error! No packet received.
13:41:41:995, 

13:41:42:337, -96,-3
13:41:42:340, 

13:41:42:700, Timeout/error! No packet received.
13:41:42:704, 

13:41:43:036, -97,-7
13:41:43:040, 

13:41:43:388, -97,-8
13:41:43:388, 

13:41:43:736, -96,0
13:41:43:740, 

13:41:44:088, Timeout/error! No packet received.
13:41:44:096, 

13:41:44:440, -96,-5
13:41:44:440, 

13:41:44:788, -97,-9
13:41:44:792, 

13:41:45:140, -97,-7
13:41:45:140, 

13:41:45:489, -99,-5
13:41:45:489, 

13:41:45:849, Timeout/error! No packet received.
13:41:45:858, 

13:41:46:189, -98,-9
13:41:46:189, 

13:41:46:553, Timeout/error! No packet received.
13:41:46:557, 

13:41:46:901, Timeout/error! No packet received.
13:41:46:909, 

13:41:47:241, -94,-3
13:41:47:241, 

13:41:47:589, Timeout/error! No packet received.
13:41:47:597, 

13:41:47:941, -96,-4
13:41:47:941, 

13:41:48:290, Timeout/error! No packet received.
13:41:48:298, 

13:41:48:654, Timeout/error! No packet received.
13:41:48:658, 

13:41:49:002, Timeout/error! No packet received.
13:41:49:010, 

13:41:49:354, Timeout/error! No packet received.
13:41:49:361, 

13:41:49:705, Timeout/error! No packet received.
13:41:49:709, 

13:41:50:041, Timeout/error! No packet received.
13:41:50:049, 

13:41:50:393, -96,-4
13:41:50:393, 

13:41:50:745, -93,0
13:41:50:745, 

13:41:51:092, -95,-6
13:41:51:092, 

13:41:51:442, -92,-10
13:41:51:446, 

13:41:51:794, -94,-7
13:41:51:794, 

13:41:52:154, Timeout/error! No packet received.
13:41:52:162, 

13:41:52:506, Timeout/error! No packet received.
13:41:52:510, 

13:41:52:858, Timeout/error! No packet received.
13:41:52:862, 

13:41:53:194, -96,-9
13:41:53:194, 

13:41:53:558, Timeout/error! No packet received.
13:41:53:563, 

13:41:53:907, Timeout/error! No packet received.
13:41:53:911, 

13:41:54:255, Timeout/error! No packet received.
13:41:54:263, 

13:41:54:595, -97,-9
13:41:54:595, 

13:41:54:947, -98,-12
13:41:54:947, 

13:41:55:296, -97,-8
13:41:55:298, 

13:41:55:658, Timeout/error! No packet received.
13:41:55:662, 

13:41:55:994, -96,-4
13:41:55:998, 

13:41:56:346, -94,0
13:41:56:346, 

13:41:56:694, -94,-7
13:41:56:698, 

13:41:57:046, -93,1
13:41:57:046, 

13:41:57:410, Timeout/error! No packet received.
13:41:57:414, 

13:41:57:758, Timeout/error! No packet received.
13:41:57:762, 

13:41:58:098, -92,3
13:41:58:098, 

13:41:58:447, -90,3
13:41:58:447, 

13:41:58:807, Timeout/error! No packet received.
13:41:58:815, 

13:41:59:147, Timeout/error! No packet received.
13:41:59:151, 

13:41:59:499, -93,-4
13:41:59:500, 

13:41:59:848, -94,-1
13:41:59:848, 

13:42:00:196, -90,0
13:42:00:200, 

13:42:00:548, -93,2
13:42:00:548, 

13:42:00:912, Timeout/error! No packet received.
13:42:00:916, 

13:42:01:248, -94,0
13:42:01:252, 

13:42:01:600, -93,0
13:42:01:600, 

13:42:01:948, -95,0
13:42:01:952, 

13:42:02:312, Timeout/error! No packet received.
13:42:02:316, 

13:42:02:648, -95,-5
13:42:02:652, 

13:42:03:000, -95,-3
13:42:03:000, 

13:42:03:352, Timeout/error! No packet received.
13:42:03:356, 

13:42:03:699, -96,-2
13:42:03:699, 

13:42:04:051, -94,0
13:42:04:051, 

13:42:04:401, -94,-8
13:42:04:401, 

13:42:04:761, Timeout/error! No packet received.
13:42:04:770, 

13:42:05:102, -97,-5
13:42:05:102, 

13:42:05:450, Timeout/error! No packet received.
13:42:05:458, 

13:42:05:814, Timeout/error! No packet received.
13:42:05:818, 

13:42:06:162, Timeout/error! No packet received.
13:42:06:170, 

13:42:06:514, Timeout/error! No packet received.
13:42:06:518, 

13:42:06:854, Timeout/error! No packet received.
13:42:06:858, 

13:42:07:214, Timeout/error! No packet received.
13:42:07:218, 

13:42:07:551, Timeout/error! No packet received.
13:42:07:559, 

13:42:07:915, Timeout/error! No packet received.
13:42:07:919, 

13:42:08:263, Timeout/error! No packet received.
13:42:08:271, 

13:42:08:615, Timeout/error! No packet received.
13:42:08:623, 

13:42:08:954, Timeout/error! No packet received.
13:42:08:959, 

13:42:09:315, Timeout/error! No packet received.
13:42:09:320, 

13:42:09:652, -98,-10
13:42:09:656, 

13:42:10:004, Timeout/error! No packet received.
13:42:10:008, 

13:42:10:364, Timeout/error! No packet received.
13:42:10:372, 

13:42:10:716, Timeout/error! No packet received.
13:42:10:720, 

13:42:11:056, -96,-6
13:42:11:056, 

13:42:11:417, Timeout/error! No packet received.
13:42:11:422, 

13:42:11:766, Timeout/error! No packet received.
13:42:11:774, 

13:42:12:106, -96,-7
13:42:12:107, 

13:42:12:455, Timeout/error! No packet received.
13:42:12:459, 

13:42:12:803, -97,-5
13:42:12:807, 

13:42:13:167, Timeout/error! No packet received.
13:42:13:171, 

13:42:13:507, Timeout/error! No packet received.
13:42:13:512, 

13:42:13:868, Timeout/error! No packet received.
13:42:13:874, 

13:42:14:218, Timeout/error! No packet received.
13:42:14:222, 

13:42:14:555, -96,-7
13:42:14:559, 

13:42:14:907, -98,-7
13:42:14:907, 

13:42:15:267, Timeout/error! No packet received.
13:42:15:275, 

13:42:15:607, -94,-8
13:42:15:607, 

13:42:15:958, Timeout/error! No packet received.
13:42:15:962, 

13:42:16:306, Timeout/error! No packet received.
13:42:16:315, 

13:42:16:659, -93,0
13:42:16:660, 

13:42:17:008, -94,-5
13:42:17:008, 

13:42:17:368, Timeout/error! No packet received.
13:42:17:376, 

13:42:17:720, Timeout/error! No packet received.
13:42:17:728, 

13:42:18:068, Timeout/error! No packet received.
13:42:18:076, 

13:42:18:420, Timeout/error! No packet received.
13:42:18:424, 

13:42:18:760, -97,-9
13:42:18:760, 

13:42:19:108, -98,-7
13:42:19:112, 

13:42:19:460, -95,-5
13:42:19:460, 

13:42:19:808, Timeout/error! No packet received.
13:42:19:816, 

13:42:20:160, -94,-5
13:42:20:160, 

13:42:20:508, -97,-2
13:42:20:512, 

13:42:20:860, -97,-3
13:42:20:860, 

13:42:21:220, Timeout/error! No packet received.
13:42:21:228, 

13:42:21:570, Timeout/error! No packet received.
13:42:21:578, 

13:42:21:922, Timeout/error! No packet received.
13:42:21:929, 

13:42:22:261, -98,-11
13:42:22:261, 

13:42:22:609, -95,-1
13:42:22:613, 

13:42:22:973, Timeout/error! No packet received.
13:42:22:978, 

13:42:23:309, -99,-6
13:42:23:313, 

13:42:23:673, Timeout/error! No packet received.
13:42:23:682, 

13:42:24:010, -95,-3
13:42:24:014, 

13:42:24:363, -98,-8
13:42:24:363, 

13:42:24:711, -95,-6
13:42:24:711, 

13:42:25:063, -98,-11
13:42:25:063, 

13:42:25:423, Timeout/error! No packet received.
13:42:25:431, 

13:42:25:763, -98,-10
13:42:25:763, 

13:42:26:123, Timeout/error! No packet received.
13:42:26:131, 

13:42:26:475, Timeout/error! No packet received.
13:42:26:479, 

13:42:26:815, -98,-7
13:42:26:815, 

13:42:27:175, Timeout/error! No packet received.
13:42:27:179, 

13:42:27:513, -98,-10
13:42:27:517, 

13:42:27:865, -96,-8
13:42:27:865, 

13:42:28:225, Timeout/error! No packet received.
13:42:28:233, 

13:42:28:564, Timeout/error! No packet received.
13:42:28:568, 

13:42:28:916, -98,-8
13:42:28:916, 

13:42:29:264, -98,-6
13:42:29:267, 

13:42:29:615, -97,-6
13:42:29:615, 

13:42:29:974, Timeout/error! No packet received.
13:42:29:982, 

13:42:30:314, -97,-7
13:42:30:314, 

13:42:30:666, Timeout/error! No packet received.
13:42:30:672, 

13:42:31:028, Timeout/error! No packet received.
13:42:31:034, 

13:42:31:367, -97,-5
13:42:31:368, 

13:42:31:716, -97,-8
13:42:31:716, 

13:42:32:063, Timeout/error! No packet received.
13:42:32:071, 

13:42:32:415, Timeout/error! No packet received.
13:42:32:423, 

13:42:32:779, Timeout/error! No packet received.
13:42:32:785, 

13:42:33:129, Timeout/error! No packet received.
13:42:33:135, 

13:42:33:479, Timeout/error! No packet received.
13:42:33:483, 

13:42:33:830, Timeout/error! No packet received.
13:42:33:834, 

13:42:34:166, -98,-11
13:42:34:170, 

13:42:34:527, Timeout/error! No packet received.
13:42:34:535, 

13:42:34:879, Timeout/error! No packet received.
13:42:34:887, 

13:42:35:231, Timeout/error! No packet received.
13:42:35:235, 

13:42:35:579, Timeout/error! No packet received.
13:42:35:583, 

13:42:35:919, Timeout/error! No packet received.
13:42:35:925, 

13:42:36:269, Timeout/error! No packet received.
13:42:36:273, 

13:42:36:629, Timeout/error! No packet received.
13:42:36:637, 

13:42:36:968, Timeout/error! No packet received.
13:42:36:972, 

13:42:37:330, Timeout/error! No packet received.
13:42:37:338, 

13:42:37:682, Timeout/error! No packet received.
13:42:37:686, 

13:42:38:030, Timeout/error! No packet received.
13:42:38:038, 

13:42:38:382, Timeout/error! No packet received.
13:42:38:386, 

13:42:38:729, Timeout/error! No packet received.
13:42:38:737, 

13:42:39:081, Timeout/error! No packet received.
13:42:39:085, 

13:42:39:433, Timeout/error! No packet received.
13:42:39:438, 

13:42:39:770, -96,-5
13:42:39:773, 

13:42:40:133, Timeout/error! No packet received.
13:42:40:138, 

13:42:40:471, -95,-4
13:42:40:471, 

13:42:40:823, -96,-4
13:42:40:823, 

13:42:41:171, -98,-9
13:42:41:171, 

13:42:41:519, -97,-7
13:42:41:524, 

13:42:41:872, -98,-5
13:42:41:872, 

13:42:42:220, -94,-7
13:42:42:224, 

13:42:42:572, -97,-5
13:42:42:576, 

13:42:42:924, -95,-2
13:42:42:924, 

13:42:43:264, -95,-1
13:42:43:264, 

13:42:43:621, -95,-3
13:42:43:625, 

13:42:43:973, -97,-6
13:42:43:973, 

13:42:44:325, -96,-1
13:42:44:325, 

13:42:44:672, -95,-3
13:42:44:676, 

13:42:45:024, Timeout/error! No packet received.
13:42:45:028, 

13:42:45:372, -97,-5
13:42:45:375, 

13:42:45:735, Timeout/error! No packet received.
13:42:45:739, 

13:42:46:075, -96,-4
13:42:46:076, 

13:42:46:426, Timeout/error! No packet received.
13:42:46:430, 

13:42:46:773, -95,-4
13:42:46:777, 

13:42:47:125, Timeout/error! No packet received.
13:42:47:129, 

13:42:47:473, Timeout/error! No packet received.
13:42:47:481, 

13:42:47:825, -97,-8
13:42:47:825, 

13:42:48:189, Timeout/error! No packet received.
13:42:48:193, 

13:42:48:525, -97,-12
13:42:48:525, 

13:42:48:889, Timeout/error! No packet received.
13:42:48:893, 

13:42:49:225, -98,-13
13:42:49:229, 

13:42:49:578, -99,-11
13:42:49:578, 

13:42:49:926, -96,-10
13:42:49:926, 

13:42:50:278, -96,-10
13:42:50:278, 

13:42:50:626, -97,-7
13:42:50:630, 

13:42:50:978, -96,-8
13:42:50:978, 

13:42:51:326, -96,-7
13:42:51:330, 

13:42:51:670, -98,-9
13:42:51:670, 

13:42:52:014, -97,-13
13:42:52:030, 

13:42:52:376, Timeout/error! No packet received.
13:42:52:384, 

13:42:52:740, Timeout/error! No packet received.
13:42:52:744, 

13:42:53:076, -97,-10
13:42:53:080, 

13:42:53:417, -98,-8
13:42:53:417, 

13:42:53:777, -95,-10
13:42:53:777, 

13:42:54:136, Timeout/error! No packet received.
13:42:54:136, 

13:42:54:478, -97,-8
13:42:54:478, 

13:42:54:830, -96,-8
13:42:54:830, 

13:42:55:178, -96,-8
13:42:55:182, 

13:42:55:530, -97,-3
13:42:55:531, 

13:42:55:879, -96,-3
13:42:55:879, 

13:42:56:231, -96,-6
13:42:56:231, 

13:42:56:581, -98,-2
13:42:56:581, 

13:42:56:929, Timeout/error! No packet received.
13:42:56:937, 

13:42:57:281, -96,-6
13:42:57:281, 

13:42:57:629, -97,-7
13:42:57:633, 

13:42:57:980, -95,-8
13:42:57:980, 

13:42:58:332, -96,-5
13:42:58:332, 

13:42:58:680, -97,-6
13:42:58:684, 

13:42:59:032, -98,-7
13:42:59:032, 

13:42:59:381, -97,-5
13:42:59:381, 

13:42:59:733, -97,-7
13:42:59:733, 

13:43:00:081, -97,-7
13:43:00:085, 

13:43:00:433, -98,-7
13:43:00:433, 

13:43:00:781, -98,-8
13:43:00:785, 

13:43:01:133, -99,-6
13:43:01:133, 

13:43:01:481, Timeout/error! No packet received.
13:43:01:489, 

13:43:01:833, Timeout/error! No packet received.
13:43:01:837, 

13:43:02:193, Timeout/error! No packet received.
13:43:02:202, 

13:43:02:546, Timeout/error! No packet received.
13:43:02:550, 

13:43:02:882, -97,-13
13:43:02:886, 

13:43:03:246, Timeout/error! No packet received.
13:43:03:251, 

13:43:03:583, Timeout/error! No packet received.
13:43:03:591, 

13:43:03:935, Timeout/error! No packet received.
13:43:03:939, 

13:43:04:296, Timeout/error! No packet received.
13:43:04:300, 

13:43:04:632, -97,-11
13:43:04:636, 

13:43:04:996, Timeout/error! No packet received.
13:43:05:000, 

13:43:05:348, Timeout/error! No packet received.
13:43:05:352, 

13:43:05:696, Timeout/error! No packet received.
13:43:05:704, 

13:43:06:036, -99,-14
13:43:06:036, 

13:43:06:396, Timeout/error! No packet received.
13:43:06:400, 

13:43:06:748, Timeout/error! No packet received.
13:43:06:753, 

13:43:07:085, Timeout/error! No packet received.
13:43:07:093, 

13:43:07:434, Timeout/error! No packet received.
13:43:07:434, 

13:43:07:793, Timeout/error! No packet received.
13:43:07:793, 

13:43:08:137, Timeout/error! No packet received.
13:43:08:152, 

13:43:08:488, Timeout/error! No packet received.
13:43:08:492, 

13:43:08:836, Timeout/error! No packet received.
13:43:08:844, 

13:43:09:200, Timeout/error! No packet received.
13:43:09:204, 

13:43:09:536, Timeout/error! No packet received.
13:43:09:544, 

13:43:09:900, Timeout/error! No packet received.
13:43:09:903, 

13:43:10:239, -97,-13
13:43:10:239, 

13:43:10:586, -98,-12
13:43:10:590, 

13:43:10:938, Timeout/error! No packet received.
13:43:10:942, 

13:43:11:286, -95,-12
13:43:11:290, 

13:43:11:638, -95,-12
13:43:11:642, 

13:43:11:990, -97,-10
13:43:11:990, 

13:43:12:350, Timeout/error! No packet received.
13:43:12:358, 

13:43:12:690, Timeout/error! No packet received.
13:43:12:694, 

13:43:13:038, Timeout/error! No packet received.
13:43:13:046, 

13:43:13:387, Timeout/error! No packet received.
13:43:13:395, 

13:43:13:739, -93,-5
13:43:13:743, 

13:43:14:103, Timeout/error! No packet received.
13:43:14:107, 

13:43:14:439, Timeout/error! No packet received.
13:43:14:446, 

13:43:14:802, Timeout/error! No packet received.
13:43:14:808, 

13:43:15:152, Timeout/error! No packet received.
13:43:15:158, 

13:43:15:490, Timeout/error! No packet received.
13:43:15:498, 

13:43:15:842, Timeout/error! No packet received.
13:43:15:846, 

13:43:16:202, Timeout/error! No packet received.
13:43:16:209, 

13:43:16:542, Timeout/error! No packet received.
13:43:16:547, 

13:43:16:903, Timeout/error! No packet received.
13:43:16:907, 

13:43:17:255, Timeout/error! No packet received.
13:43:17:259, 

13:43:17:603, Timeout/error! No packet received.
13:43:17:611, 

13:43:17:955, Timeout/error! No packet received.
13:43:17:959, 

13:43:18:303, Timeout/error! No packet received.
13:43:18:311, 

13:43:18:655, Timeout/error! No packet received.
13:43:18:658, 

13:43:19:006, Timeout/error! No packet received.
13:43:19:010, 

13:43:19:356, Timeout/error! No packet received.
13:43:19:360, 

13:43:19:703, Timeout/error! No packet received.
13:43:19:711, 

13:43:20:055, Timeout/error! No packet received.
13:43:20:059, 

13:43:20:403, Timeout/error! No packet received.
13:43:20:411, 

13:43:20:755, Timeout/error! No packet received.
13:43:20:759, 

13:43:21:107, Timeout/error! No packet received.
13:43:21:111, 

13:43:21:455, Timeout/error! No packet received.
13:43:21:459, 

13:43:21:807, Timeout/error! No packet received.
13:43:21:812, 

13:43:22:156, Timeout/error! No packet received.
13:43:22:164, 

13:43:22:508, Timeout/error! No packet received.
13:43:22:512, 

13:43:22:856, Timeout/error! No packet received.
13:43:22:860, 

13:43:23:205, Timeout/error! No packet received.
13:43:23:205, 

13:43:23:555, Timeout/error! No packet received.
13:43:23:563, 

13:43:23:907, Timeout/error! No packet received.
13:43:23:915, 

13:43:24:259, Timeout/error! No packet received.
13:43:24:263, 

13:43:24:607, Timeout/error! No packet received.
13:43:24:615, 

13:43:24:947, Timeout/error! No packet received.
13:43:24:951, 

13:43:25:307, Timeout/error! No packet received.
13:43:25:315, 

13:43:25:659, Timeout/error! No packet received.
13:43:25:663, 

13:43:26:011, Timeout/error! No packet received.
13:43:26:015, 

13:43:26:360, Timeout/error! No packet received.
13:43:26:364, 
