=~=~=~=~=~=~=~=~=~=~=~= PuTTY log 2019.06.14 13:03:40 =~=~=~=~=~=~=~=~=~=~=~=

13:03:35:531, '1³åå
13:03:40:176, Æ
13:03:40:176, ¡1ÇõÄÃ
13:04:14:195, -42,8
13:04:14:195, 

13:04:14:543, -43,11
13:04:14:547, 

13:04:14:895, -43,11
13:04:14:895, 

13:04:15:247, -43,11
13:04:15:247, 

13:04:15:596, -42,8
13:04:15:596, 

13:04:15:944, -44,8
13:04:15:944, 

13:04:16:296, -46,8
13:04:16:296, 

13:04:16:644, -56,9
13:04:16:648, 

13:04:16:996, -64,9
13:04:16:996, 

13:04:17:348, -62,8
13:04:17:348, 

13:04:17:698, -62,10
13:04:17:698, 

13:04:18:046, -58,11
13:04:18:048, 

13:04:18:396, -60,10
13:04:18:396, 

13:04:18:748, -60,9
13:04:18:748, 

13:04:19:096, -56,11
13:04:19:100, 

13:04:19:448, -60,10
13:04:19:448, 

13:04:19:796, -65,10
13:04:19:800, 

13:04:20:147, -62,10
13:04:20:147, 

13:04:20:499, -68,8
13:04:20:499, 

13:04:20:847, -65,10
13:04:20:847, 

13:04:21:199, -59,8
13:04:21:199, 

13:04:21:547, -62,10
13:04:21:551, 

13:04:21:899, -65,9
13:04:21:899, 

13:04:22:247, -67,11
13:04:22:251, 

13:04:22:601, -68,9
13:04:22:601, 

13:04:22:949, -63,9
13:04:22:949, 

13:04:23:301, -64,10
13:04:23:301, 

13:04:23:648, -61,9
13:04:23:648, 

13:04:24:000, -65,8
13:04:24:000, 

13:04:24:348, -76,9
13:04:24:352, 

13:04:24:700, -67,8
13:04:24:700, 

13:04:25:048, -83,8
13:04:25:052, 

13:04:25:401, -71,9
13:04:25:401, 

13:04:25:749, -76,9
13:04:25:753, 

13:04:26:101, -70,10
13:04:26:101, 

13:04:26:453, -68,8
13:04:26:453, 

13:04:26:801, -77,9
13:04:26:801, 

13:04:27:152, -66,9
13:04:27:152, 

13:04:27:500, -73,9
13:04:27:504, 

13:04:27:852, -69,10
13:04:27:852, 

13:04:28:204, -74,9
13:04:28:204, 

13:04:28:554, -81,7
13:04:28:554, 

13:04:28:895, -72,10
13:04:28:895, 

13:04:29:254, -72,8
13:04:29:254, 

13:04:29:604, -76,8
13:04:29:604, 

13:04:29:952, -71,8
13:04:29:952, 

13:04:30:304, -77,10
13:04:30:305, 

13:04:30:653, -74,8
13:04:30:653, 

13:04:31:005, -75,8
13:04:31:005, 

13:04:31:353, -83,7
13:04:31:357, 

13:04:31:705, -84,8
13:04:31:705, 

13:04:32:052, -76,10
13:04:32:056, 

13:04:32:402, -88,6
13:04:32:406, 

13:04:32:747, -84,7
13:04:32:747, 

13:04:33:106, Timeout/error! No packet received.
13:04:33:122, 

13:04:33:455, -77,9
13:04:33:455, 

13:04:33:803, -83,6
13:04:33:808, 

13:04:34:156, -78,10
13:04:34:156, 

13:04:34:508, -85,7
13:04:34:508, 

13:04:34:856, -81,6
13:04:34:858, 

13:04:35:206, -86,7
13:04:35:206, 

13:04:35:544, -87,6
13:04:35:544, 

13:04:35:919, Timeout/error! No packet received.
13:04:35:919, 

13:04:36:247, -81,9
13:04:36:247, 

13:04:36:608, -77,9
13:04:36:608, 

13:04:36:956, -86,8
13:04:36:956, 

13:04:37:308, -75,10
13:04:37:308, 

13:04:37:656, -79,8
13:04:37:660, 

13:04:38:008, -84,8
13:04:38:008, 

13:04:38:357, -82,7
13:04:38:357, 

13:04:38:709, -81,8
13:04:38:709, 

13:04:39:057, -79,10
13:04:39:061, 

13:04:39:409, -79,9
13:04:39:409, 

13:04:39:757, -79,9
13:04:39:761, 

13:04:40:109, -88,7
13:04:40:111, 

13:04:40:459, -78,8
13:04:40:459, 

13:04:40:811, -84,7
13:04:40:811, 

13:04:41:159, -81,8
13:04:41:159, 

13:04:41:510, -80,8
13:04:41:510, 

13:04:41:858, -79,8
13:04:41:862, 

13:04:42:210, -87,7
13:04:42:210, 

13:04:42:558, -88,4
13:04:42:562, 

13:04:42:910, -88,4
13:04:42:910, 

13:04:43:262, -79,10
13:04:43:262, 

13:04:43:610, -85,7
13:04:43:610, 

13:04:43:962, -86,7
13:04:43:962, 

13:04:44:323, Timeout/error! No packet received.
13:04:44:327, 

13:04:44:659, -89,6
13:04:44:663, 

13:04:45:011, -86,7
13:04:45:011, 

13:04:45:363, -80,8
13:04:45:363, 

13:04:45:711, -76,8
13:04:45:715, 

13:04:46:063, -72,8
13:04:46:063, 

13:04:46:411, -70,11
13:04:46:415, 

13:04:46:763, -72,10
13:04:46:763, 

13:04:47:111, -80,9
13:04:47:115, 

13:04:47:461, -88,6
13:04:47:465, 

13:04:47:813, -91,2
13:04:47:813, 

13:04:48:165, -80,8
13:04:48:165, 

13:04:48:512, -83,8
13:04:48:516, 

13:04:48:864, -79,8
13:04:48:864, 

13:04:49:212, -89,3
13:04:49:216, 

13:04:49:564, -89,6
13:04:49:564, 

13:04:49:916, -93,3
13:04:49:916, 

13:04:50:264, -84,8
13:04:50:264, 

13:04:50:616, -86,7
13:04:50:616, 

13:04:50:964, -85,6
13:04:50:964, 

13:04:51:316, -86,7
13:04:51:316, 

13:04:51:664, -85,7
13:04:51:667, 

13:04:52:015, -90,4
13:04:52:015, 

13:04:52:367, -85,8
13:04:52:367, 

13:04:52:715, Timeout/error! No packet received.
13:04:52:719, 

13:04:53:067, -87,8
13:04:53:067, 

13:04:53:415, -95,0
13:04:53:419, 

13:04:53:767, -82,8
13:04:53:767, 

13:04:54:115, -81,10
13:04:54:119, 

13:04:54:468, -91,4
13:04:54:468, 

13:04:54:816, -87,7
13:04:54:816, 

13:04:55:168, -93,2
13:04:55:168, 

13:04:55:516, Timeout/error! No packet received.
13:04:55:524, 

13:04:55:868, Timeout/error! No packet received.
13:04:55:872, 

13:04:56:228, Timeout/error! No packet received.
13:04:56:236, 

13:04:56:568, Timeout/error! No packet received.
13:04:56:572, 

13:04:56:920, -90,5
13:04:56:920, 

13:04:57:261, -89,5
13:04:57:261, 

13:04:57:618, -90,5
13:04:57:618, 

13:04:57:970, -90,4
13:04:57:970, 

13:04:58:317, -90,3
13:04:58:321, 

13:04:58:669, -91,3
13:04:58:669, 

13:04:59:021, -93,0
13:04:59:021, 

13:04:59:381, Timeout/error! No packet received.
13:04:59:385, 

13:04:59:721, -88,6
13:04:59:721, 

13:05:00:069, -90,5
13:05:00:073, 

13:05:00:434, Timeout/error! No packet received.
13:05:00:440, 

13:05:00:772, -92,4
13:05:00:772, 

13:05:01:120, -93,1
13:05:01:120, 

13:05:01:472, -92,1
13:05:01:472, 

13:05:01:819, -85,7
13:05:01:823, 

13:05:02:171, -91,5
13:05:02:171, 

13:05:02:531, Timeout/error! No packet received.
13:05:02:539, 

13:05:02:871, -94,0
13:05:02:871, 

13:05:03:223, -87,7
13:05:03:223, 

13:05:03:585, Timeout/error! No packet received.
13:05:03:590, 

13:05:03:934, Timeout/error! No packet received.
13:05:03:938, 

13:05:04:274, -95,-6
13:05:04:274, 

13:05:04:622, -91,4
13:05:04:622, 

13:05:04:974, -95,0
13:05:04:974, 

13:05:05:323, -89,3
13:05:05:323, 

13:05:05:675, -91,4
13:05:05:675, 

13:05:06:023, -91,5
13:05:06:027, 

13:05:06:375, Timeout/error! No packet received.
13:05:06:379, 

13:05:06:723, -92,3
13:05:06:723, 

13:05:07:074, -90,4
13:05:07:074, 

13:05:07:434, Timeout/error! No packet received.
13:05:07:442, 

13:05:07:774, -93,3
13:05:07:774, 

13:05:08:126, -90,5
13:05:08:126, 

13:05:08:476, -87,8
13:05:08:476, 

13:05:08:824, -92,3
13:05:08:824, 

13:05:09:176, -93,3
13:05:09:176, 

13:05:09:524, -94,1
13:05:09:528, 

13:05:09:888, Timeout/error! No packet received.
13:05:09:892, 

13:05:10:224, -93,2
13:05:10:228, 

13:05:10:576, -89,6
13:05:10:576, 

13:05:10:940, Timeout/error! No packet received.
13:05:10:944, 

13:05:11:276, -95,0
13:05:11:278, 

13:05:11:626, -92,4
13:05:11:629, 

13:05:11:977, -96,0
13:05:11:977, 

13:05:12:325, -98,-2
13:05:12:329, 

13:05:12:677, -93,2
13:05:12:677, 

13:05:13:029, -89,5
13:05:13:029, 

13:05:13:378, -90,5
13:05:13:378, 

13:05:13:726, -91,4
13:05:13:730, 

13:05:14:078, -96,-1
13:05:14:078, 

13:05:14:427, -99,-7
13:05:14:431, 

13:05:14:791, Timeout/error! No packet received.
13:05:14:795, 

13:05:15:127, -92,5
13:05:15:131, 

13:05:15:479, -94,0
13:05:15:479, 

13:05:15:827, -97,-1
13:05:15:831, 

13:05:16:178, -91,4
13:05:16:178, 

13:05:16:530, -92,4
13:05:16:530, 

13:05:16:878, -94,3
13:05:16:882, 

13:05:17:230, -92,1
13:05:17:230, 

13:05:17:578, -96,-1
13:05:17:582, 

13:05:17:930, -93,2
13:05:17:930, 

13:05:18:291, Timeout/error! No packet received.
13:05:18:298, 

13:05:18:630, -92,3
13:05:18:632, 

13:05:18:992, Timeout/error! No packet received.
13:05:18:997, 

13:05:19:329, -97,-3
13:05:19:333, 

13:05:19:693, Timeout/error! No packet received.
13:05:19:698, 

13:05:20:029, -92,3
13:05:20:033, 

13:05:20:381, -92,4
13:05:20:381, 

13:05:20:729, -94,3
13:05:20:733, 

13:05:21:081, Timeout/error! No packet received.
13:05:21:085, 

13:05:21:443, Timeout/error! No packet received.
13:05:21:451, 

13:05:21:795, Timeout/error! No packet received.
13:05:21:799, 

13:05:22:131, -93,2
13:05:22:135, 

13:05:22:483, -94,0
13:05:22:483, 

13:05:22:831, -95,-1
13:05:22:835, 

13:05:23:183, -92,2
13:05:23:183, 

13:05:23:535, -91,3
13:05:23:535, 

13:05:23:883, -95,0
13:05:23:883, 

13:05:24:234, -95,0
13:05:24:234, 

13:05:24:584, -93,2
13:05:24:586, 

13:05:24:946, Timeout/error! No packet received.
13:05:24:950, 

13:05:25:282, -95,0
13:05:25:286, 

13:05:25:634, -94,3
13:05:25:634, 

13:05:25:986, Timeout/error! No packet received.
13:05:25:990, 

13:05:26:334, -92,2
13:05:26:338, 

13:05:26:686, -99,-7
13:05:26:686, 

13:05:27:034, Timeout/error! No packet received.
13:05:27:038, 

13:05:27:383, -93,3
13:05:27:388, 

13:05:27:736, -95,-1
13:05:27:736, 

13:05:28:088, -93,3
13:05:28:088, 

13:05:28:448, Timeout/error! No packet received.
13:05:28:452, 

13:05:28:784, -95,-2
13:05:28:789, 

13:05:29:136, Timeout/error! No packet received.
13:05:29:140, 

13:05:29:484, -96,0
13:05:29:488, 

13:05:29:836, -97,-7
13:05:29:836, 

13:05:30:188, -96,-1
13:05:30:188, 

13:05:30:550, Timeout/error! No packet received.
13:05:30:554, 

13:05:30:886, Timeout/error! No packet received.
13:05:30:894, 

13:05:31:238, Timeout/error! No packet received.
13:05:31:241, 

13:05:31:589, -96,-3
13:05:31:589, 

13:05:31:937, -93,1
13:05:31:937, 

13:05:32:289, -96,-4
13:05:32:289, 

13:05:32:637, -97,-2
13:05:32:637, 

13:05:33:001, Timeout/error! No packet received.
13:05:33:005, 

13:05:33:339, -94,0
13:05:33:339, 

13:05:33:691, -98,-3
13:05:33:691, 

13:05:34:039, -94,1
13:05:34:039, 

13:05:34:391, -96,-2
13:05:34:391, 

13:05:34:738, -97,-4
13:05:34:742, 

13:05:35:090, -95,0
13:05:35:090, 

13:05:35:450, Timeout/error! No packet received.
13:05:35:458, 

13:05:35:802, Timeout/error! No packet received.
13:05:35:806, 

13:05:36:138, -94,-2
13:05:36:142, 

13:05:36:491, -96,0
13:05:36:491, 

13:05:36:839, -94,0
13:05:36:844, 

13:05:37:192, -91,5
13:05:37:192, 

13:05:37:539, -100,-12
13:05:37:543, 

13:05:37:891, -93,1
13:05:37:891, 

13:05:38:251, Timeout/error! No packet received.
13:05:38:259, 

13:05:38:591, -93,2
13:05:38:591, 

13:05:38:943, -92,4
13:05:38:943, 

13:05:39:305, Timeout/error! No packet received.
13:05:39:309, 

13:05:39:641, -94,2
13:05:39:645, 

13:05:39:992, -96,0
13:05:39:992, 

13:05:40:356, Timeout/error! No packet received.
13:05:40:360, 

13:05:40:704, Timeout/error! No packet received.
13:05:40:708, 

13:05:41:044, -96,0
13:05:41:044, 

13:05:41:392, -97,-5
13:05:41:396, 

13:05:41:756, Timeout/error! No packet received.
13:05:41:760, 

13:05:42:096, -96,1
13:05:42:096, 

13:05:42:444, -98,-6
13:05:42:444, 

13:05:42:796, -95,0
13:05:42:796, 

13:05:43:144, Timeout/error! No packet received.
13:05:43:148, 

13:05:43:505, Timeout/error! No packet received.
13:05:43:513, 

13:05:43:857, Timeout/error! No packet received.
13:05:43:861, 

13:05:44:196, -96,-2
13:05:44:197, 

13:05:44:557, Timeout/error! No packet received.
13:05:44:561, 

13:05:44:905, Timeout/error! No packet received.
13:05:44:913, 

13:05:45:245, -97,-3
13:05:45:245, 

13:05:45:609, Timeout/error! No packet received.
13:05:45:613, 

13:05:45:945, -94,3
13:05:45:949, 

13:05:46:294, -92,4
13:05:46:298, 

13:05:46:646, -96,0
13:05:46:646, 

13:05:46:994, -92,2
13:05:46:998, 

13:05:47:346, -97,-2
13:05:47:346, 

13:05:47:698, Timeout/error! No packet received.
13:05:47:702, 

13:05:48:058, Timeout/error! No packet received.
13:05:48:062, 

13:05:48:410, Timeout/error! No packet received.
13:05:48:414, 

13:05:48:758, Timeout/error! No packet received.
13:05:48:766, 

13:05:49:110, Timeout/error! No packet received.
13:05:49:114, 

13:05:49:459, Timeout/error! No packet received.
13:05:49:463, 

13:05:49:811, Timeout/error! No packet received.
13:05:49:815, 

13:05:50:147, -97,-7
13:05:50:150, 

13:05:50:498, -98,-7
13:05:50:498, 

13:05:50:850, -97,-3
13:05:50:850, 

13:05:51:210, Timeout/error! No packet received.
13:05:51:218, 

13:05:51:562, Timeout/error! No packet received.
13:05:51:566, 

13:05:51:910, Timeout/error! No packet received.
13:05:51:917, 

13:05:52:249, -98,-10
13:05:52:249, 

13:05:52:599, -98,-3
13:05:52:603, 

13:05:52:951, -99,-12
13:05:52:952, 

13:05:53:300, -98,-6
13:05:53:300, 

13:05:53:652, -98,-7
13:05:53:652, 

13:05:54:012, Timeout/error! No packet received.
13:05:54:020, 

13:05:54:352, -97,-9
13:05:54:352, 

13:05:54:711, Timeout/error! No packet received.
13:05:54:719, 

13:05:55:063, Timeout/error! No packet received.
13:05:55:067, 

13:05:55:411, Timeout/error! No packet received.
13:05:55:419, 

13:05:55:763, Timeout/error! No packet received.
13:05:55:767, 

13:05:56:103, -96,-1
13:05:56:104, 

13:05:56:464, Timeout/error! No packet received.
13:05:56:468, 

13:05:56:812, Timeout/error! No packet received.
13:05:56:821, 

13:05:57:153, -97,-6
13:05:57:154, 

13:05:57:514, Timeout/error! No packet received.
13:05:57:518, 

13:05:57:854, -97,-6
13:05:57:854, 

13:05:58:214, Timeout/error! No packet received.
13:05:58:222, 

13:05:58:564, Timeout/error! No packet received.
13:05:58:568, 

13:05:58:916, Timeout/error! No packet received.
13:05:58:920, 

13:05:59:268, Timeout/error! No packet received.
13:05:59:272, 

13:05:59:604, -98,-11
13:05:59:604, 

13:05:59:967, Timeout/error! No packet received.
13:05:59:971, 

13:06:00:303, Timeout/error! No packet received.
13:06:00:307, 

13:06:00:667, Timeout/error! No packet received.
13:06:00:671, 

13:06:01:003, -97,-1
13:06:01:007, 

13:06:01:353, Timeout/error! No packet received.
13:06:01:361, 

13:06:01:705, -99,-4
13:06:01:705, 

13:06:02:069, Timeout/error! No packet received.
13:06:02:073, 

13:06:02:405, -96,-2
13:06:02:405, 

13:06:02:768, Timeout/error! No packet received.
13:06:02:772, 

13:06:03:104, -97,0
13:06:03:108, 

13:06:03:456, -96,-4
13:06:03:456, 

13:06:03:808, -96,-4
13:06:03:808, 

13:06:04:168, Timeout/error! No packet received.
13:06:04:171, 

13:06:04:507, Timeout/error! No packet received.
13:06:04:511, 

13:06:04:855, -96,-6
13:06:04:859, 

13:06:05:207, -97,-2
13:06:05:207, 

13:06:05:571, Timeout/error! No packet received.
13:06:05:575, 

13:06:05:907, Timeout/error! No packet received.
13:06:05:913, 

13:06:06:257, -98,-8
13:06:06:261, 

13:06:06:621, Timeout/error! No packet received.
13:06:06:625, 

13:06:06:969, Timeout/error! No packet received.
13:06:06:977, 

13:06:07:307, Timeout/error! No packet received.
13:06:07:311, 

13:06:07:659, -99,-10
13:06:07:659, 

13:06:08:010, -98,-4
13:06:08:010, 

13:06:08:370, Timeout/error! No packet received.
13:06:08:374, 

13:06:08:722, Timeout/error! No packet received.
13:06:08:728, 

13:06:09:072, Timeout/error! No packet received.
13:06:09:076, 

13:06:09:407, -96,-3
13:06:09:411, 

13:06:09:771, Timeout/error! No packet received.
13:06:09:775, 

13:06:10:111, -96,-7
13:06:10:111, 

13:06:10:471, Timeout/error! No packet received.
13:06:10:475, 

13:06:10:811, Timeout/error! No packet received.
13:06:10:819, 

13:06:11:159, -97,-9
13:06:11:163, 

13:06:11:523, Timeout/error! No packet received.
13:06:11:529, 

13:06:11:873, Timeout/error! No packet received.
13:06:11:879, 

13:06:12:211, Timeout/error! No packet received.
13:06:12:217, 

13:06:12:571, Timeout/error! No packet received.
13:06:12:579, 

13:06:12:911, Timeout/error! No packet received.
13:06:12:915, 

13:06:13:262, -99,-13
13:06:13:262, 

13:06:13:622, Timeout/error! No packet received.
13:06:13:626, 

13:06:13:962, -99,-8
13:06:13:962, 

13:06:14:322, Timeout/error! No packet received.
13:06:14:330, 

13:06:14:674, Timeout/error! No packet received.
13:06:14:678, 

13:06:15:026, Timeout/error! No packet received.
13:06:15:030, 

13:06:15:374, Timeout/error! No packet received.
13:06:15:378, 

13:06:15:726, Timeout/error! No packet received.
13:06:15:730, 

13:06:16:074, Timeout/error! No packet received.
13:06:16:081, 

13:06:16:411, Timeout/error! No packet received.
13:06:16:426, 

13:06:16:770, Timeout/error! No packet received.
13:06:16:770, 

13:06:17:114, -99,-8
13:06:17:114, 

13:06:17:475, Timeout/error! No packet received.
13:06:17:479, 

13:06:17:814, -97,-6
13:06:17:814, 

13:06:18:174, Timeout/error! No packet received.
13:06:18:182, 

13:06:18:526, Timeout/error! No packet received.
13:06:18:530, 

13:06:18:878, Timeout/error! No packet received.
13:06:18:882, 

13:06:19:214, -98,-8
13:06:19:217, 

13:06:19:577, Timeout/error! No packet received.
13:06:19:581, 

13:06:19:925, Timeout/error! No packet received.
13:06:19:934, 

13:06:20:265, -99,-6
13:06:20:265, 

13:06:20:629, Timeout/error! No packet received.
13:06:20:633, 

13:06:20:977, Timeout/error! No packet received.
13:06:20:982, 

13:06:21:314, -97,-10
13:06:21:318, 

13:06:21:678, Timeout/error! No packet received.
13:06:21:682, 

13:06:22:018, -98,-11
13:06:22:018, 

13:06:22:380, Timeout/error! No packet received.
13:06:22:384, 

13:06:22:727, Timeout/error! No packet received.
13:06:22:731, 

13:06:23:079, Timeout/error! No packet received.
13:06:23:085, 

13:06:23:429, Timeout/error! No packet received.
13:06:23:436, 

13:06:23:780, Timeout/error! No packet received.
13:06:23:786, 

13:06:24:130, Timeout/error! No packet received.
13:06:24:136, 

13:06:24:467, -98,-11
13:06:24:467, 

13:06:24:831, Timeout/error! No packet received.
13:06:24:835, 

13:06:25:167, -96,-13
13:06:25:171, 

13:06:25:532, Timeout/error! No packet received.
13:06:25:536, 

13:06:25:880, Timeout/error! No packet received.
13:06:25:884, 

13:06:26:232, Timeout/error! No packet received.
13:06:26:236, 

13:06:26:580, Timeout/error! No packet received.
13:06:26:587, 

13:06:26:931, Timeout/error! No packet received.
13:06:26:936, 

13:06:27:279, Timeout/error! No packet received.
13:06:27:287, 

13:06:27:631, Timeout/error! No packet received.
13:06:27:635, 

13:06:27:971, -98,-7
13:06:27:971, 

13:06:28:333, Timeout/error! No packet received.
13:06:28:337, 

13:06:28:681, Timeout/error! No packet received.
13:06:28:689, 

13:06:29:033, Timeout/error! No packet received.
13:06:29:037, 

13:06:29:380, Timeout/error! No packet received.
13:06:29:388, 

13:06:29:720, -98,-9
13:06:29:720, 

13:06:30:072, Timeout/error! No packet received.
13:06:30:074, 

13:06:30:422, -97,-11
13:06:30:423, 

13:06:30:783, Timeout/error! No packet received.
13:06:30:791, 

13:06:31:135, Timeout/error! No packet received.
13:06:31:139, 

13:06:31:483, Timeout/error! No packet received.
13:06:31:487, 

13:06:31:823, -98,-12
13:06:31:823, 

13:06:32:171, -98,-6
13:06:32:175, 

13:06:32:521, -97,-10
13:06:32:525, 

13:06:32:885, Timeout/error! No packet received.
13:06:32:888, 

13:06:33:236, Timeout/error! No packet received.
13:06:33:240, 

13:06:33:584, Timeout/error! No packet received.
13:06:33:588, 

13:06:33:936, Timeout/error! No packet received.
13:06:33:940, 

13:06:34:284, Timeout/error! No packet received.
13:06:34:292, 

13:06:34:636, Timeout/error! No packet received.
13:06:34:640, 

13:06:34:984, Timeout/error! No packet received.
13:06:34:992, 

13:06:35:333, Timeout/error! No packet received.
13:06:35:343, 

13:06:35:687, Timeout/error! No packet received.
13:06:35:691, 

13:06:36:035, Timeout/error! No packet received.
13:06:36:043, 

13:06:36:387, Timeout/error! No packet received.
13:06:36:391, 

13:06:36:723, -98,-13
13:06:36:727, 

13:06:37:087, Timeout/error! No packet received.
13:06:37:092, 

13:06:37:436, Timeout/error! No packet received.
13:06:37:440, 

13:06:37:788, Timeout/error! No packet received.
13:06:37:793, 

13:06:38:137, Timeout/error! No packet received.
13:06:38:143, 

13:06:38:487, Timeout/error! No packet received.
13:06:38:491, 

13:06:38:835, Timeout/error! No packet received.
13:06:38:844, 

13:06:39:188, Timeout/error! No packet received.
13:06:39:192, 

13:06:39:527, Timeout/error! No packet received.
13:06:39:542, 

13:06:39:886, Timeout/error! No packet received.
13:06:39:886, 

13:06:40:230, Timeout/error! No packet received.
13:06:40:230, 

13:06:40:587, Timeout/error! No packet received.
13:06:40:595, 

13:06:40:939, Timeout/error! No packet received.
13:06:40:944, 

13:06:41:290, Timeout/error! No packet received.
13:06:41:295, 

13:06:41:639, Timeout/error! No packet received.
13:06:41:643, 

13:06:41:979, Timeout/error! No packet received.
13:06:41:983, 

13:06:42:339, Timeout/error! No packet received.
13:06:42:343, 

13:06:42:679, Timeout/error! No packet received.
13:06:42:684, 

13:06:43:028, -97,-12
13:06:43:028, 

13:06:43:388, Timeout/error! No packet received.
13:06:43:396, 

13:06:43:740, Timeout/error! No packet received.
13:06:43:744, 

13:06:44:088, Timeout/error! No packet received.
13:06:44:096, 

13:06:44:442, Timeout/error! No packet received.
13:06:44:446, 

13:06:44:790, Timeout/error! No packet received.
13:06:44:798, 

13:06:45:142, Timeout/error! No packet received.
13:06:45:146, 

13:06:45:478, -98,-8
13:06:45:482, 

13:06:45:830, Timeout/error! No packet received.
13:06:45:834, 

13:06:46:194, Timeout/error! No packet received.
13:06:46:198, 

13:06:46:530, Timeout/error! No packet received.
13:06:46:534, 

13:06:46:894, Timeout/error! No packet received.
13:06:46:898, 

13:06:47:242, Timeout/error! No packet received.
13:06:47:246, 

13:06:47:592, Timeout/error! No packet received.
13:06:47:598, 

13:06:47:930, -97,-14
13:06:47:933, 

13:06:48:293, Timeout/error! No packet received.
13:06:48:297, 

13:06:48:641, Timeout/error! No packet received.
13:06:48:649, 

13:06:48:993, Timeout/error! No packet received.
13:06:48:997, 

13:06:49:341, Timeout/error! No packet received.
13:06:49:350, 

13:06:49:694, Timeout/error! No packet received.
13:06:49:699, 

13:06:50:043, Timeout/error! No packet received.
13:06:50:051, 

13:06:50:395, Timeout/error! No packet received.
13:06:50:399, 

13:06:50:743, Timeout/error! No packet received.
13:06:50:751, 

13:06:51:095, Timeout/error! No packet received.
13:06:51:099, 

13:06:51:444, Timeout/error! No packet received.
13:06:51:448, 

13:06:51:796, Timeout/error! No packet received.
13:06:51:800, 

13:06:52:132, Timeout/error! No packet received.
13:06:52:136, 

13:06:52:496, Timeout/error! No packet received.
13:06:52:500, 

13:06:52:844, Timeout/error! No packet received.
13:06:52:852, 

13:06:53:184, Timeout/error! No packet received.
13:06:53:188, 

13:06:53:548, Timeout/error! No packet received.
13:06:53:552, 

13:06:53:895, Timeout/error! No packet received.
13:06:53:899, 

13:06:54:247, Timeout/error! No packet received.
13:06:54:252, 

13:06:54:597, Timeout/error! No packet received.
13:06:54:601, 

13:06:54:945, Timeout/error! No packet received.
13:06:54:953, 

13:06:55:297, Timeout/error! No packet received.
13:06:55:302, 

13:06:55:646, Timeout/error! No packet received.
13:06:55:650, 

13:06:55:998, Timeout/error! No packet received.
13:06:56:002, 

13:06:56:346, Timeout/error! No packet received.
13:06:56:351, 

13:06:56:699, Timeout/error! No packet received.
13:06:56:703, 

13:06:57:047, Timeout/error! No packet received.
13:06:57:051, 

13:06:57:399, Timeout/error! No packet received.
13:06:57:403, 

13:06:57:747, Timeout/error! No packet received.
13:06:57:754, 

13:06:58:098, Timeout/error! No packet received.
13:06:58:102, 

13:06:58:436, Timeout/error! No packet received.
13:06:58:444, 

13:06:58:787, -97,-7
13:06:58:787, 

13:06:59:135, -97,-9
13:06:59:139, 

13:06:59:499, Timeout/error! No packet received.
13:06:59:504, 

13:06:59:847, Timeout/error! No packet received.
13:06:59:851, 

13:07:00:199, Timeout/error! No packet received.
13:07:00:206, 

13:07:00:550, Timeout/error! No packet received.
13:07:00:556, 

13:07:00:900, Timeout/error! No packet received.
13:07:00:906, 

13:07:01:250, Timeout/error! No packet received.
13:07:01:254, 

13:07:01:587, -98,-8
13:07:01:591, 

13:07:01:951, Timeout/error! No packet received.
13:07:01:955, 

13:07:02:299, Timeout/error! No packet received.
13:07:02:307, 

13:07:02:651, Timeout/error! No packet received.
13:07:02:655, 

13:07:02:999, Timeout/error! No packet received.
13:07:03:007, 

13:07:03:339, -99,-15
13:07:03:339, 

13:07:03:691, -99,-13
13:07:03:691, 

13:07:04:051, Timeout/error! No packet received.
13:07:04:059, 

13:07:04:400, Timeout/error! No packet received.
13:07:04:408, 

13:07:04:752, Timeout/error! No packet received.
13:07:04:758, 

13:07:05:102, Timeout/error! No packet received.
13:07:05:106, 

13:07:05:454, Timeout/error! No packet received.
13:07:05:458, 

13:07:05:802, Timeout/error! No packet received.
13:07:05:810, 

13:07:06:154, Timeout/error! No packet received.
13:07:06:159, 

13:07:06:503, Timeout/error! No packet received.
13:07:06:508, 

13:07:06:852, Timeout/error! No packet received.
13:07:06:856, 

13:07:07:204, Timeout/error! No packet received.
13:07:07:208, 

13:07:07:556, Timeout/error! No packet received.
13:07:07:560, 

13:07:07:904, Timeout/error! No packet received.
13:07:07:908, 

13:07:08:256, Timeout/error! No packet received.
13:07:08:259, 

13:07:08:603, Timeout/error! No packet received.
13:07:08:607, 

13:07:08:955, Timeout/error! No packet received.
13:07:08:959, 

13:07:09:303, Timeout/error! No packet received.
13:07:09:312, 

13:07:09:655, Timeout/error! No packet received.
13:07:09:660, 

13:07:10:004, Timeout/error! No packet received.
13:07:10:012, 

13:07:10:344, -99,-6
13:07:10:344, 

13:07:10:708, Timeout/error! No packet received.
13:07:10:712, 

13:07:11:055, Timeout/error! No packet received.
13:07:11:060, 

13:07:11:406, Timeout/error! No packet received.
13:07:11:409, 

13:07:11:757, Timeout/error! No packet received.
13:07:11:761, 

13:07:12:105, Timeout/error! No packet received.
13:07:12:113, 

13:07:12:457, Timeout/error! No packet received.
13:07:12:463, 

13:07:12:807, Timeout/error! No packet received.
13:07:12:813, 

13:07:13:145, -96,-13
13:07:13:145, 

13:07:13:505, Timeout/error! No packet received.
13:07:13:513, 

13:07:13:857, Timeout/error! No packet received.
13:07:13:861, 

13:07:14:209, Timeout/error! No packet received.
13:07:14:213, 

13:07:14:558, Timeout/error! No packet received.
13:07:14:564, 

13:07:14:908, Timeout/error! No packet received.
13:07:14:912, 

13:07:15:256, Timeout/error! No packet received.
13:07:15:264, 

13:07:15:608, Timeout/error! No packet received.
13:07:15:615, 

13:07:15:959, Timeout/error! No packet received.
13:07:15:963, 

13:07:16:311, Timeout/error! No packet received.
13:07:16:315, 

13:07:16:659, Timeout/error! No packet received.
13:07:16:663, 

13:07:17:011, Timeout/error! No packet received.
13:07:17:015, 

13:07:17:360, Timeout/error! No packet received.
13:07:17:366, 

13:07:17:710, Timeout/error! No packet received.
13:07:17:716, 

13:07:18:060, Timeout/error! No packet received.
13:07:18:066, 

13:07:18:410, Timeout/error! No packet received.
13:07:18:414, 

13:07:18:758, Timeout/error! No packet received.
13:07:18:766, 

13:07:19:110, Timeout/error! No packet received.
13:07:19:114, 

13:07:19:462, Timeout/error! No packet received.
13:07:19:465, 

13:07:19:797, -98,-13
13:07:19:801, 

13:07:20:149, -99,-13
13:07:20:149, 

13:07:20:499, Timeout/error! No packet received.
13:07:20:503, 

13:07:20:863, Timeout/error! No packet received.
13:07:20:867, 

13:07:21:211, Timeout/error! No packet received.
13:07:21:218, 

13:07:21:562, Timeout/error! No packet received.
13:07:21:568, 

13:07:21:912, Timeout/error! No packet received.
13:07:21:918, 

13:07:22:250, Timeout/error! No packet received.
13:07:22:254, 

13:07:22:602, -98,-10
13:07:22:602, 

13:07:22:962, Timeout/error! No packet received.
13:07:22:970, 

13:07:23:301, -96,-5
13:07:23:303, 

13:07:23:651, -96,-3
13:07:23:651, 

13:07:24:011, Timeout/error! No packet received.
13:07:24:020, 

13:07:24:364, Timeout/error! No packet received.
13:07:24:368, 

13:07:24:700, -95,-7
13:07:24:704, 

13:07:25:052, -96,-5
13:07:25:052, 

13:07:25:404, -96,-3
13:07:25:404, 

13:07:25:764, Timeout/error! No packet received.
13:07:25:768, 

13:07:26:103, -98,-7
13:07:26:103, 

13:07:26:465, Timeout/error! No packet received.
13:07:26:469, 

13:07:26:801, -98,-10
13:07:26:805, 

13:07:27:165, Timeout/error! No packet received.
13:07:27:169, 

13:07:27:513, Timeout/error! No packet received.
13:07:27:522, 

13:07:27:866, Timeout/error! No packet received.
13:07:27:872, 

13:07:28:216, Timeout/error! No packet received.
13:07:28:220, 

13:07:28:564, Timeout/error! No packet received.
13:07:28:572, 

13:07:28:916, Timeout/error! No packet received.
13:07:28:920, 

13:07:29:264, Timeout/error! No packet received.
13:07:29:264, 

13:07:29:617, Timeout/error! No packet received.
13:07:29:623, 

13:07:29:967, Timeout/error! No packet received.
13:07:29:971, 

13:07:30:315, Timeout/error! No packet received.
13:07:30:323, 

13:07:30:667, Timeout/error! No packet received.
13:07:30:671, 

13:07:31:003, -93,-2
13:07:31:007, 

13:07:31:355, -93,0
13:07:31:355, 

13:07:31:719, Timeout/error! No packet received.
13:07:31:723, 

13:07:32:055, -96,-5
13:07:32:055, 

13:07:32:404, Timeout/error! No packet received.
13:07:32:412, 

13:07:32:756, -97,-4
13:07:32:756, 

13:07:33:120, Timeout/error! No packet received.
13:07:33:124, 

13:07:33:468, Timeout/error! No packet received.
13:07:33:472, 

13:07:33:820, Timeout/error! No packet received.
13:07:33:824, 

13:07:34:156, -94,-8
13:07:34:156, 

13:07:34:508, -93,-5
13:07:34:508, 

13:07:34:856, -93,1
13:07:34:860, 

13:07:35:208, -96,-7
13:07:35:208, 

13:07:35:556, -95,-2
13:07:35:560, 

13:07:35:920, Timeout/error! No packet received.
13:07:35:924, 

13:07:36:256, -94,-2
13:07:36:260, 

13:07:36:620, Timeout/error! No packet received.
13:07:36:624, 

13:07:36:972, Timeout/error! No packet received.
13:07:36:976, 

13:07:37:320, Timeout/error! No packet received.
13:07:37:324, 

13:07:37:660, Timeout/error! No packet received.
13:07:37:664, 

13:07:38:008, -95,-4
13:07:38:012, 

13:07:38:372, Timeout/error! No packet received.
13:07:38:378, 

13:07:38:710, -91,1
13:07:38:712, 

13:07:39:072, Timeout/error! No packet received.
13:07:39:076, 

13:07:39:409, -89,-15
13:07:39:413, 

13:07:39:761, -97,-4
13:07:39:761, 

13:07:40:109, -96,-3
13:07:40:113, 

13:07:40:461, -95,-3
13:07:40:461, 

13:07:40:809, Timeout/error! No packet received.
13:07:40:817, 

13:07:41:161, -96,-7
13:07:41:161, 

13:07:41:509, -96,-12
13:07:41:513, 

13:07:41:873, Timeout/error! No packet received.
13:07:41:881, 

13:07:42:225, Timeout/error! No packet received.
13:07:42:228, 

13:07:42:574, Timeout/error! No packet received.
13:07:42:578, 

13:07:42:910, -95,-4
13:07:42:914, 

13:07:43:262, -97,-5
13:07:43:262, 

13:07:43:626, Timeout/error! No packet received.
13:07:43:630, 

13:07:43:974, Timeout/error! No packet received.
13:07:43:978, 

13:07:44:326, Timeout/error! No packet received.
13:07:44:331, 

13:07:44:675, Timeout/error! No packet received.
13:07:44:681, 

13:07:45:025, Timeout/error! No packet received.
13:07:45:028, 

13:07:45:376, Timeout/error! No packet received.
13:07:45:380, 

13:07:45:724, Timeout/error! No packet received.
13:07:45:732, 

13:07:46:076, Timeout/error! No packet received.
13:07:46:082, 

13:07:46:419, Timeout/error! No packet received.
13:07:46:419, 

13:07:46:778, Timeout/error! No packet received.
13:07:46:778, 

13:07:47:122, Timeout/error! No packet received.
13:07:47:122, 

13:07:47:476, Timeout/error! No packet received.
13:07:47:480, 

13:07:47:828, Timeout/error! No packet received.
13:07:47:832, 

13:07:48:176, Timeout/error! No packet received.
13:07:48:180, 

13:07:48:527, Timeout/error! No packet received.
13:07:48:527, 

13:07:48:870, Timeout/error! No packet received.
13:07:48:870, 

13:07:49:214, Timeout/error! No packet received.
13:07:49:230, 

13:07:49:579, Timeout/error! No packet received.
13:07:49:584, 

13:07:49:927, Timeout/error! No packet received.
13:07:49:936, 

13:07:50:276, Timeout/error! No packet received.
13:07:50:284, 

13:07:50:628, Timeout/error! No packet received.
13:07:50:633, 

13:07:50:976, Timeout/error! No packet received.
13:07:50:985, 

13:07:51:325, Timeout/error! No packet received.
13:07:51:325, 

13:07:51:668, Timeout/error! No packet received.
13:07:51:684, 

13:07:52:028, Timeout/error! No packet received.
13:07:52:028, 

13:07:52:380, Timeout/error! No packet received.
13:07:52:384, 

13:07:52:728, Timeout/error! No packet received.
13:07:52:736, 

13:07:53:080, Timeout/error! No packet received.
13:07:53:084, 

13:07:53:428, Timeout/error! No packet received.
13:07:53:435, 

13:07:53:779, Timeout/error! No packet received.
13:07:53:784, 

13:07:54:132, Timeout/error! No packet received.
13:07:54:135, 

13:07:54:481, Timeout/error! No packet received.
13:07:54:489, 

13:07:54:826, Timeout/error! No packet received.
13:07:54:826, 

13:07:55:170, Timeout/error! No packet received.
13:07:55:186, 

13:07:55:533, Timeout/error! No packet received.
13:07:55:537, 

13:07:55:881, Timeout/error! No packet received.
13:07:55:887, 

13:07:56:231, Timeout/error! No packet received.
13:07:56:237, 

13:07:56:581, Timeout/error! No packet received.
13:07:56:585, 

13:07:56:933, Timeout/error! No packet received.
13:07:56:937, 

13:07:57:283, Timeout/error! No packet received.
13:07:57:287, 

13:07:57:631, Timeout/error! No packet received.
13:07:57:639, 

13:07:57:983, Timeout/error! No packet received.
13:07:57:988, 

13:07:58:332, Timeout/error! No packet received.
13:07:58:336, 

13:07:58:680, Timeout/error! No packet received.
13:07:58:688, 

13:07:59:032, Timeout/error! No packet received.
13:07:59:038, 

13:07:59:382, Timeout/error! No packet received.
13:07:59:389, 

13:07:59:733, Timeout/error! No packet received.
13:07:59:739, 

13:08:00:083, Timeout/error! No packet received.
13:08:00:087, 

13:08:00:435, Timeout/error! No packet received.
13:08:00:439, 

13:08:00:783, Timeout/error! No packet received.
13:08:00:791, 

13:08:01:135, Timeout/error! No packet received.
13:08:01:140, 

13:08:01:480, Timeout/error! No packet received.
13:08:01:480, 

13:08:01:824, Timeout/error! No packet received.
13:08:01:839, 

13:08:02:183, Timeout/error! No packet received.
13:08:02:183, 

13:08:02:535, Timeout/error! No packet received.
13:08:02:539, 

13:08:02:887, Timeout/error! No packet received.
13:08:02:895, 

13:08:03:235, Timeout/error! No packet received.
13:08:03:239, 

13:08:03:587, Timeout/error! No packet received.
13:08:03:591, 

13:08:03:935, Timeout/error! No packet received.
13:08:03:941, 

13:08:04:278, Timeout/error! No packet received.
13:08:04:278, 

13:08:04:637, Timeout/error! No packet received.
13:08:04:637, 

13:08:04:981, Timeout/error! No packet received.
13:08:04:981, 

13:08:05:336, Timeout/error! No packet received.
13:08:05:342, 

13:08:05:686, Timeout/error! No packet received.
13:08:05:690, 

13:08:06:038, Timeout/error! No packet received.
13:08:06:042, 

13:08:06:388, Timeout/error! No packet received.
13:08:06:394, 

13:08:06:738, Timeout/error! No packet received.
13:08:06:742, 

13:08:07:086, Timeout/error! No packet received.
13:08:07:093, 

13:08:07:437, Timeout/error! No packet received.
13:08:07:444, 

13:08:07:788, Timeout/error! No packet received.
13:08:07:794, 

13:08:08:138, Timeout/error! No packet received.
13:08:08:144, 

13:08:08:488, Timeout/error! No packet received.
13:08:08:492, 

13:08:08:840, Timeout/error! No packet received.
13:08:08:844, 

13:08:09:188, Timeout/error! No packet received.
13:08:09:192, 
