=~=~=~=~=~=~=~=~=~=~=~= PuTTY log 2019.06.14 15:17:53 =~=~=~=~=~=~=~=~=~=~=~=

15:18:29:290, -59,11
15:18:29:290,

15:18:29:642, -56,7
15:18:29:642,

15:18:29:990, -51,8
15:18:29:990,

15:18:30:342, -53,8
15:18:30:342,

15:18:30:690, -55,8
15:18:30:690,

15:18:31:043, -55,8
15:18:31:043,

15:18:31:390, -54,8
15:18:31:394,

15:18:31:743, -61,8
15:18:31:743,

15:18:32:090, -64,11
15:18:32:094,

15:18:32:442, -67,8
15:18:32:442,

15:18:32:795, -60,9
15:18:32:795,

15:18:33:144, -60,8
15:18:33:144,

15:18:33:493, -58,11
15:18:33:493,

15:18:33:843, -66,11
15:18:33:847,

15:18:34:195, -50,8
15:18:34:195,

15:18:34:543, -48,8
15:18:34:547,

15:18:34:895, -58,11
15:18:34:895,

15:18:35:243, -58,8
15:18:35:247,

15:18:35:595, -53,8
15:18:35:595,

15:18:35:947, -52,10
15:18:35:947,

15:18:36:295, -52,9
15:18:36:295,

15:18:36:647, -57,8
15:18:36:647,

15:18:36:995, -52,8
15:18:36:995,

15:18:37:347, -58,10
15:18:37:347,

15:18:37:696, -51,8
15:18:37:696,

15:18:38:048, -57,10
15:18:38:048,

15:18:38:397, -62,8
15:18:38:397,

15:18:38:744, -60,9
15:18:38:748,

15:18:39:096, -63,9
15:18:39:096,

15:18:39:448, -58,10
15:18:39:448,

15:18:39:796, Timeout/error! No packet received.
15:18:39:800,

15:18:40:148, -64,8
15:18:40:148,

15:18:40:498, -65,8
15:18:40:498,

15:18:40:846, -53,8
15:18:40:850,

15:18:41:197, -51,8
15:18:41:197,

15:18:41:549, -51,9
15:18:41:549,

15:18:41:897, -52,11
15:18:41:901,

15:18:42:249, -56,11
15:18:42:249,

15:18:42:601, -50,10
15:18:42:601,

15:18:42:949, -59,11
15:18:42:949,

15:18:43:298, -60,6
15:18:43:298,

15:18:43:649, -52,9
15:18:43:649,

15:18:44:001, -59,8
15:18:44:001,

15:18:44:349, -50,8
15:18:44:349,

15:18:44:701, -56,10
15:18:44:701,

15:18:45:049, -61,9
15:18:45:049,

15:18:45:401, -65,9
15:18:45:401,

15:18:45:749, -52,11
15:18:45:753,

15:18:46:101, -53,8
15:18:46:101,

15:18:46:449, -47,8
15:18:46:453,

15:18:46:801, -65,8
15:18:46:801,

15:18:47:149, -52,9
15:18:47:153,

15:18:47:502, -52,9
15:18:47:502,

15:18:47:850, -61,9
15:18:47:854,

15:18:48:203, -55,10
15:18:48:203,

15:18:48:553, -59,11
15:18:48:553,

15:18:48:902, -59,8
15:18:48:902,

15:18:49:254, -66,8
15:18:49:254,

15:18:49:602, -61,8
15:18:49:602,

15:18:49:954, -59,10
15:18:49:954,

15:18:50:303, -66,11
15:18:50:303,

15:18:50:651, -70,9
15:18:50:655,

15:18:51:003, -63,11
15:18:51:003,

15:18:51:355, -62,8
15:18:51:355,

15:18:51:703, -60,11
15:18:51:703,

15:18:52:055, -59,8
15:18:52:055,

15:18:52:403, -56,11
15:18:52:403,

15:18:52:755, -56,8
15:18:52:755,

15:18:53:105, -60,8
15:18:53:105,

15:18:53:453, -63,11
15:18:53:457,

15:18:53:804, -64,8
15:18:53:808,

15:18:54:156, -70,9
15:18:54:156,

15:18:54:504, -64,8
15:18:54:508,

15:18:54:856, -62,10
15:18:54:856,

15:18:55:208, -65,8
15:18:55:208,

15:18:55:556, -64,9
15:18:55:556,

15:18:55:908, -60,10
15:18:55:908,

15:18:56:256, -61,6
15:18:56:256,

15:18:56:608, -65,9
15:18:56:608,

15:18:56:956, -71,10
15:18:56:960,

15:18:57:308, -75,9
15:18:57:308,

15:18:57:657, -78,9
15:18:57:657,

15:18:58:009, -74,9
15:18:58:009,

15:18:58:358, -78,8
15:18:58:358,

15:18:58:709, -78,9
15:18:58:709,

15:18:59:058, -69,11
15:18:59:058,

15:18:59:410, Timeout/error! No packet received.
15:18:59:410,

15:18:59:758, -86,7
15:18:59:758,

15:19:00:110, -76,10
15:19:00:110,

15:19:00:460, -77,1
15:19:00:460,

15:19:00:808, -71,8
15:19:00:812,

15:19:01:160, -71,9
15:19:01:160,

15:19:01:512, -76,9
15:19:01:512,

15:19:01:860, -76,10
15:19:01:860,

15:19:02:212, -80,8
15:19:02:212,

15:19:02:560, -76,5
15:19:02:560,

15:19:02:912, -82,8
15:19:02:912,

15:19:03:261, -70,8
15:19:03:261,

15:19:03:612, -70,10
15:19:03:612,

15:19:03:960, -67,10
15:19:03:964,

15:19:04:312, -66,11
15:19:04:312,

15:19:04:664, -65,8
15:19:04:664,

15:19:05:012, -69,10
15:19:05:012,

15:19:05:364, -64,8
15:19:05:364,

15:19:05:712, -71,8
15:19:05:712,

15:19:06:064, -69,10
15:19:06:064,

15:19:06:412, -71,9
15:19:06:412,

15:19:06:764, -69,9
15:19:06:764,

15:19:07:112, -69,11
15:19:07:116,

15:19:07:461, -67,8
15:19:07:465,

15:19:07:813, -66,11
15:19:07:813,

15:19:08:162, -78,9
15:19:08:166,

15:19:08:515, -70,8
15:19:08:515,

15:19:08:865, -68,9
15:19:08:865,

15:19:09:213, -69,10
15:19:09:217,

15:19:09:565, -69,6
15:19:09:565,

15:19:09:917, -70,8
15:19:09:917,

15:19:10:266, -75,10
15:19:10:267,

15:19:10:614, -75,10
15:19:10:614,

15:19:10:966, -72,10
15:19:10:966,

15:19:11:314, -67,6
15:19:11:318,

15:19:11:666, -66,9
15:19:11:666,

15:19:12:014, -68,8
15:19:12:018,

15:19:12:366, -71,9
15:19:12:366,

15:19:12:714, -73,11
15:19:12:718,

15:19:13:066, -76,8
15:19:13:066,

15:19:13:415, -76,8
15:19:13:419,

15:19:13:766, -80,9
15:19:13:766,

15:19:14:118, -93,3
15:19:14:118,

15:19:14:466, -86,8
15:19:14:466,

15:19:14:818, -87,7
15:19:14:818,

15:19:15:166, -76,8
15:19:15:170,

15:19:15:518, -79,10
15:19:15:518,

15:19:15:866, -81,10
15:19:15:870,

15:19:16:218, -77,8
15:19:16:218,

15:19:16:570, -77,8
15:19:16:570,

15:19:16:918, -82,8
15:19:16:918,

15:19:17:270, -80,7
15:19:17:270,

15:19:17:619, -75,11
15:19:17:619,

15:19:17:971, -83,8
15:19:17:971,

15:19:18:320, -87,6
15:19:18:320,

15:19:18:671, -83,9
15:19:18:671,

15:19:19:019, -80,7
15:19:19:019,

15:19:19:371, -79,10
15:19:19:371,

15:19:19:719, -83,7
15:19:19:723,

15:19:20:071, -85,8
15:19:20:071,

15:19:20:419, -87,8
15:19:20:423,

15:19:20:771, -86,8
15:19:20:771,

15:19:21:119, -90,6
15:19:21:123,

15:19:21:471, -88,7
15:19:21:471,

15:19:21:823, -88,7
15:19:21:823,

15:19:22:171, -86,7
15:19:22:171,

15:19:22:523, -78,-8
15:19:22:523,

15:19:22:871, -88,8
15:19:22:875,

15:19:23:225, -81,10
15:19:23:225,

15:19:23:574, -95,1
15:19:23:574,

15:19:23:924, -90,5
15:19:23:924,

15:19:24:272, -88,7
15:19:24:276,

15:19:24:624, -87,8
15:19:24:624,

15:19:24:976, -91,5
15:19:24:976,

15:19:25:324, -89,7
15:19:25:324,

15:19:25:688, Timeout/error! No packet received.
15:19:25:688,

15:19:26:035, Timeout/error! No packet received.
15:19:26:039,

15:19:26:376, -93,5
15:19:26:376,

15:19:26:724, -88,7
15:19:26:727,

15:19:27:075, -89,7
15:19:27:075,

15:19:27:425, -86,6
15:19:27:425,

15:19:27:777, -88,7
15:19:27:777,

15:19:28:126, -99,-4
15:19:28:126,

15:19:28:474, -87,8
15:19:28:478,

15:19:28:825, -93,4
15:19:28:825,

15:19:29:178, -94,2
15:19:29:178,

15:19:29:526, -85,6
15:19:29:526,

15:19:29:878, -87,9
15:19:29:878,

15:19:30:229, -86,7
15:19:30:229,

15:19:30:576, -91,4
15:19:30:576,

15:19:30:928, -89,6
15:19:30:928,

15:19:31:276, -89,7
15:19:31:280,

15:19:31:628, -85,6
15:19:31:628,

15:19:31:976, -95,2
15:19:31:980,

15:19:32:328, -84,8
15:19:32:328,

15:19:32:676, -88,7
15:19:32:680,

15:19:33:028, -93,4
15:19:33:028,

15:19:33:377, -94,3
15:19:33:381,

15:19:33:728, -94,3
15:19:33:728,

15:19:34:080, -92,5
15:19:34:080,

15:19:34:428, -92,3
15:19:34:432,

15:19:34:780, -91,5
15:19:34:780,

15:19:35:132, -91,5
15:19:35:132,

15:19:35:480, -88,8
15:19:35:480,

15:19:35:832, -87,8
15:19:35:832,

15:19:36:180, -87,7
15:19:36:180,

15:19:36:532, -85,6
15:19:36:532,

15:19:36:880, -89,6
15:19:36:880,

15:19:37:232, -86,8
15:19:37:232,

15:19:37:581, -89,6
15:19:37:581,

15:19:37:933, -86,8
15:19:37:933,

15:19:38:282, -86,8
15:19:38:282,

15:19:38:633, -87,8
15:19:38:633,

15:19:38:981, -88,7
15:19:38:985,

15:19:39:333, -87,4
15:19:39:333,

15:19:39:681, -86,8
15:19:39:685,

15:19:40:033, -87,8
15:19:40:033,

15:19:40:384, -87,8
15:19:40:384,

15:19:40:732, -90,7
15:19:40:732,

15:19:41:083, -88,8
15:19:41:083,

15:19:41:435, -88,7
15:19:41:435,

15:19:41:783, -89,6
15:19:41:783,

15:19:42:135, -94,3
15:19:42:135,

15:19:42:483, -93,5
15:19:42:483,

15:19:42:835, -95,4
15:19:42:835,

15:19:43:184, -84,7
15:19:43:184,

15:19:43:533, -84,8
15:19:43:537,

15:19:43:886, -86,7
15:19:43:886,

15:19:44:234, -94,4
15:19:44:234,

15:19:44:586, -96,1
15:19:44:586,

15:19:44:934, -89,7
15:19:44:938,

15:19:45:286, -88,8
15:19:45:286,

15:19:45:634, -92,5
15:19:45:638,

15:19:45:986, -94,4
15:19:45:986,

15:19:46:334, -96,2
15:19:46:338,

15:19:46:686, -96,1
15:19:46:686,

15:19:47:038, -96,1
15:19:47:038,

15:19:47:386, -97,0
15:19:47:386,

15:19:47:736, -99,-6
15:19:47:739,

15:19:48:088, -87,6
15:19:48:088,

15:19:48:437, -92,5
15:19:48:437,

15:19:48:787, -93,4
15:19:48:787,

15:19:49:139, -99,-3
15:19:49:139,

15:19:49:487, -96,2
15:19:49:487,

15:19:49:839, -99,-3
15:19:49:839,

15:19:50:187, -97,-3
15:19:50:191,

15:19:50:538, -98,-4
15:19:50:538,

15:19:50:891, -96,1
15:19:50:891,

15:19:51:238, -89,7
15:19:51:238,

15:19:51:590, -92,4
15:19:51:590,

15:19:51:938, -92,5
15:19:51:938,

15:19:52:291, -95,1
15:19:52:291,

15:19:52:650, Timeout/error! No packet received.
15:19:52:654,

15:19:52:991, -98,-1
15:19:52:991,

15:19:53:340, -98,-3
15:19:53:340,

15:19:53:690, -98,0
15:19:53:690,

15:19:54:042, -97,0
15:19:54:042,

15:19:54:402, Timeout/error! No packet received.
15:19:54:406,

15:19:54:742, -98,-3
15:19:54:742,

15:19:55:090, -98,-6
15:19:55:090,

15:19:55:454, Timeout/error! No packet received.
15:19:55:458,

15:19:55:790, -95,1
15:19:55:790,

15:19:56:142, -97,1
15:19:56:142,

15:19:56:490, -101,-13
15:19:56:494,

15:19:56:854, Timeout/error! No packet received.
15:19:56:858,

15:19:57:194, -93,5
15:19:57:194,

15:19:57:544, -98,-1
15:19:57:544,

15:19:57:892, -95,2
15:19:57:896,

15:19:58:241, -93,4
15:19:58:245,

15:19:58:591, Timeout/error! No packet received.
15:19:58:596,

15:19:58:945, -100,-7
15:19:58:945,

15:19:59:293, -99,-4
15:19:59:293,

15:19:59:645, -99,-5
15:19:59:645,

15:19:59:993, -97,-1
15:19:59:997,

15:20:00:342, -98,0
15:20:00:346,

15:20:00:694, Timeout/error! No packet received.
15:20:00:698,

15:20:01:046, -101,-11
15:20:01:046,

15:20:01:394, -99,-5
15:20:01:394,

15:20:01:746, Timeout/error! No packet received.
15:20:01:746,

15:20:02:106, Timeout/error! No packet received.
15:20:02:110,

15:20:02:446, Timeout/error! No packet received.
15:20:02:450,

15:20:02:794, -100,-4
15:20:02:798,

15:20:03:148, -99,-4
15:20:03:148,

15:20:03:497, -96,0
15:20:03:497,

15:20:03:846, -94,3
15:20:03:846,

15:20:04:198, -96,0
15:20:04:198,

15:20:04:546, -95,1
15:20:04:546,

15:20:04:898, -93,2
15:20:04:898,

15:20:05:246, -94,3
15:20:05:250,

15:20:05:598, -94,3
15:20:05:598,

15:20:05:946, -96,0
15:20:05:950,

15:20:06:298, -96,1
15:20:06:298,

15:20:06:646, -95,1
15:20:06:650,

15:20:06:998, -97,0
15:20:06:998,

15:20:07:350, -99,-4
15:20:07:350,

15:20:07:700, -98,-1
15:20:07:700,

15:20:08:048, -100,-9
15:20:08:052,

15:20:08:397, -100,-6
15:20:08:401,

15:20:08:748, -100,-13
15:20:08:752,

15:20:09:112, Timeout/error! No packet received.
15:20:09:116,

15:20:09:460, Timeout/error! No packet received.
15:20:09:464,

15:20:09:800, -98,-2
15:20:09:800,

15:20:10:152, -100,-6
15:20:10:152,

15:20:10:498, -101,-9
15:20:10:502,

15:20:10:850, -99,-3
15:20:10:850,

15:20:11:202, -101,-7
15:20:11:202,

15:20:11:562, Timeout/error! No packet received.
15:20:11:566,

15:20:11:902, -97,-2
15:20:11:902,

15:20:12:250, -100,-6
15:20:12:254,

15:20:12:602, Timeout/error! No packet received.
15:20:12:606,

15:20:12:950, -99,-2
15:20:12:954,

15:20:13:304, -97,0
15:20:13:304,

15:20:13:654, -98,-3
15:20:13:654,

15:20:14:002, -96,-4
15:20:14:002,

15:20:14:354, -100,-7
15:20:14:354,

15:20:14:702, -99,-6
15:20:14:702,

15:20:15:054, -99,-4
15:20:15:054,

15:20:15:402, -99,-1
15:20:15:406,

15:20:15:754, Timeout/error! No packet received.
15:20:15:758,

15:20:16:106, -100,-4
15:20:16:106,

15:20:16:454, -98,-4
15:20:16:454,

15:20:16:806, Timeout/error! No packet received.
15:20:16:806,

15:20:17:166, Timeout/error! No packet received.
15:20:17:170,

15:20:17:515, Timeout/error! No packet received.
15:20:17:519,

15:20:17:855, -100,-14
15:20:17:855,

15:20:18:217, Timeout/error! No packet received.
15:20:18:220,

15:20:18:554, -99,-9
15:20:18:558,

15:20:18:903, -101,-11
15:20:18:907,

15:20:19:267, Timeout/error! No packet received.
15:20:19:271,

15:20:19:607, -100,-5
15:20:19:607,

15:20:19:967, Timeout/error! No packet received.
15:20:19:971,

15:20:20:305, -99,-7
15:20:20:305,

15:20:20:657, -100,-11
15:20:20:657,

15:20:21:017, Timeout/error! No packet received.
15:20:21:021,

15:20:21:357, -99,-10
15:20:21:357,

15:20:21:705, -97,-6
15:20:21:709,

15:20:22:057, Timeout/error! No packet received.
15:20:22:061,

15:20:22:421, Timeout/error! No packet received.
15:20:22:421,

15:20:22:757, -100,-10
15:20:22:757,

15:20:23:122, Timeout/error! No packet received.
15:20:23:122,

15:20:23:458, Timeout/error! No packet received.
15:20:23:462,

15:20:23:808, -100,-10
15:20:23:808,

15:20:24:168, Timeout/error! No packet received.
15:20:24:172,

15:20:24:508, -100,-10
15:20:24:508,

15:20:24:860, -100,-7
15:20:24:860,

15:20:25:220, Timeout/error! No packet received.
15:20:25:224,

15:20:25:560, -101,-14
15:20:25:560,

15:20:25:908, -99,-5
15:20:25:912,

15:20:26:260, -98,-4
15:20:26:260,

15:20:26:608, Timeout/error! No packet received.
15:20:26:612,

15:20:26:960, Timeout/error! No packet received.
15:20:26:964,

15:20:27:308, -98,-4
15:20:27:312,

15:20:27:662, -100,-10
15:20:27:662,

15:20:28:010, Timeout/error! No packet received.
15:20:28:014,

15:20:28:363, -100,-7
15:20:28:363,

15:20:28:709, -98,-3
15:20:28:713,

15:20:29:063, -98,-3
15:20:29:063,

15:20:29:411, -99,-2
15:20:29:411,

15:20:29:763, -99,-3
15:20:29:763,

15:20:30:111, -97,-2
15:20:30:115,

15:20:30:463, -100,-11
15:20:30:463,

15:20:30:811, -99,-7
15:20:30:815,

15:20:31:163, -100,-3
15:20:31:163,

15:20:31:511, -97,-3
15:20:31:515,

15:20:31:863, -98,-3
15:20:31:863,

15:20:32:215, -96,1
15:20:32:215,

15:20:32:563, -96,2
15:20:32:563,

15:20:32:915, -96,-3
15:20:32:915,

15:20:33:264, -99,-9
15:20:33:264,

15:20:33:627, Timeout/error! No packet received.
15:20:33:631,

15:20:33:975, Timeout/error! No packet received.
15:20:33:979,

15:20:34:327, Timeout/error! No packet received.
15:20:34:331,

15:20:34:664, -98,-1
15:20:34:664,

15:20:35:016, -96,-3
15:20:35:016,

15:20:35:364, -97,0
15:20:35:368,

15:20:35:716, -100,-14
15:20:35:716,

15:20:36:064, -100,-6
15:20:36:068,

15:20:36:428, Timeout/error! No packet received.
15:20:36:432,

15:20:36:780, Timeout/error! No packet received.
15:20:36:780,

15:20:37:128, Timeout/error! No packet received.
15:20:37:132,

15:20:37:465, -100,-4
15:20:37:469,

15:20:37:817, -98,-4
15:20:37:817,

15:20:38:166, -99,-10
15:20:38:166,

15:20:38:515, -99,-2
15:20:38:519,

15:20:38:868, -98,-2
15:20:38:868,

15:20:39:217, -100,-2
15:20:39:217,

15:20:39:568, -99,-5
15:20:39:568,

15:20:39:916, -99,-4
15:20:39:920,

15:20:40:270, -98,-3
15:20:40:271,

15:20:40:619, -98,-1
15:20:40:619,

15:20:40:969, -101,-10
15:20:40:969,

15:20:41:317, -100,-6
15:20:41:321,

15:20:41:669, -101,-7
15:20:41:669,

15:20:42:017, Timeout/error! No packet received.
15:20:42:021,

15:20:42:369, -100,-10
15:20:42:369,

15:20:42:729, Timeout/error! No packet received.
15:20:42:733,

15:20:43:069, -100,-12
15:20:43:069,

15:20:43:419, -98,-11
15:20:43:423,

15:20:43:769, -99,-10
15:20:43:773,

15:20:44:133, Timeout/error! No packet received.
15:20:44:137,

15:20:44:481, Timeout/error! No packet received.
15:20:44:485,

15:20:44:821, -99,-1
15:20:44:821,

15:20:45:169, Timeout/error! No packet received.
15:20:45:173,

15:20:45:521, -99,-11
15:20:45:521,

15:20:45:869, -99,-2
15:20:45:873,

15:20:46:221, -101,-11
15:20:46:221,

15:20:46:573, -101,-8
15:20:46:573,

15:20:46:921, -101,-7
15:20:46:921,

15:20:47:273, Timeout/error! No packet received.
15:20:47:273,

15:20:47:622, -100,-3
15:20:47:622,

15:20:47:974, -99,-2
15:20:47:974,

15:20:48:323, Timeout/error! No packet received.
15:20:48:327,

15:20:48:674, -100,-6
15:20:48:674,

15:20:49:022, -98,-4
15:20:49:026,

15:20:49:374, -98,-2
15:20:49:374,

15:20:49:726, -92,5
15:20:49:726,

15:20:50:074, -99,-1
15:20:50:074,

15:20:50:422, -95,3
15:20:50:426,

15:20:50:774, -95,3
15:20:50:774,

15:20:51:122, -94,2
15:20:51:126,

15:20:51:474, -96,1
15:20:51:474,

15:20:51:826, -95,4
15:20:51:826,

15:20:52:174, -100,-6
15:20:52:174,

15:20:52:526, -99,-10
15:20:52:526,

15:20:52:874, -96,1
15:20:52:878,

15:20:53:227, -95,-1
15:20:53:227,

15:20:53:577, -99,-3
15:20:53:577,

15:20:53:926, -96,0
15:20:53:926,

15:20:54:278, Timeout/error! No packet received.
15:20:54:278,

15:20:54:626, -97,-1
15:20:54:626,

15:20:54:978, -97,-1
15:20:54:978,

15:20:55:326, -98,-4
15:20:55:326,

15:20:55:678, -95,2
15:20:55:678,

15:20:56:026, -99,-4
15:20:56:030,

15:20:56:378, -98,-3
15:20:56:378,

15:20:56:730, -98,-1
15:20:56:730,

15:20:57:078, -96,0
15:20:57:078,

15:20:57:427, -95,1
15:20:57:427,

15:20:57:779, -96,0
15:20:57:779,

15:20:58:128, -96,2
15:20:58:128,

15:20:58:480, -95,1
15:20:58:480,

15:20:58:831, -96,2
15:20:58:831,

15:20:59:180, -96,0
15:20:59:180,

15:20:59:528, -98,-1
15:20:59:532,

15:20:59:880, -97,0
15:20:59:880,

15:21:00:231, -93,4
15:21:00:232,

15:21:00:580, -91,5
15:21:00:580,

15:21:00:928, -92,5
15:21:00:932,

15:21:01:280, -94,3
15:21:01:280,

15:21:01:632, -93,5
15:21:01:632,

15:21:01:980, -95,2
15:21:01:980,

15:21:02:332, -95,1
15:21:02:332,

15:21:02:680, -94,3
15:21:02:684,

15:21:03:032, -99,-7
15:21:03:032,

15:21:03:381, -97,1
15:21:03:381,

15:21:03:731, -94,4
15:21:03:731,

15:21:04:083, -98,-1
15:21:04:083,

15:21:04:431, -95,1
15:21:04:431,

15:21:04:783, -96,2
15:21:04:783,

15:21:05:131, -99,-1
15:21:05:135,

15:21:05:483, -98,0
15:21:05:483,

15:21:05:831, -94,4
15:21:05:835,

15:21:06:183, -93,4
15:21:06:183,

15:21:06:531, -97,0
15:21:06:535,

15:21:06:883, -96,0
15:21:06:883,

15:21:07:235, Timeout/error! No packet received.
15:21:07:235,

15:21:07:585, -97,0
15:21:07:585,

15:21:07:933, -97,0
15:21:07:933,

15:21:08:283, -98,-3
15:21:08:287,

15:21:08:633, -97,1
15:21:08:633,

15:21:08:985, -96,1
15:21:08:985,

15:21:09:333, -95,2
15:21:09:337,

15:21:09:685, -96,1
15:21:09:685,

15:21:10:033, -96,0
15:21:10:037,

15:21:10:386, -94,4
15:21:10:386,

15:21:10:734, -94,4
15:21:10:734,

15:21:11:086, -96,2
15:21:11:086,

15:21:11:434, -97,0
15:21:11:438,

15:21:11:786, -96,1
15:21:11:786,

15:21:12:138, -96,0
15:21:12:138,

15:21:12:486, Timeout/error! No packet received.
15:21:12:490,

15:21:12:838, -98,0
15:21:12:838,

15:21:13:187, -97,0
15:21:13:187,

15:21:13:537, -96,-1
15:21:13:537,

15:21:13:886, -94,-4
15:21:13:890,

15:21:14:238, -100,-4
15:21:14:238,

15:21:14:586, -99,-3
15:21:14:590,

15:21:14:938, -98,-6
15:21:14:938,

15:21:15:290, -100,-4
15:21:15:290,

15:21:15:638, Timeout/error! No packet received.
15:21:15:642,

15:21:15:990, -100,-8
15:21:15:990,

15:21:16:338, -99,-7
15:21:16:342,

15:21:16:690, -97,1
15:21:16:690,

15:21:17:038, -96,0
15:21:17:042,

15:21:17:390, -96,0
15:21:17:390,

15:21:17:739, -96,0
15:21:17:739,

15:21:18:091, -96,0
15:21:18:091,

15:21:18:440, -97,1
15:21:18:440,

15:21:18:791, -98,0
15:21:18:791,

15:21:19:143, -96,0
15:21:19:143,

15:21:19:491, -96,1
15:21:19:491,

15:21:19:843, -94,3
15:21:19:843,

15:21:20:191, -96,1
15:21:20:191,

15:21:20:543, -98,0
15:21:20:543,

15:21:20:891, Timeout/error! No packet received.
15:21:20:895,

15:21:21:243, -98,-2
15:21:21:243,

15:21:21:591, -95,2
15:21:21:591,

15:21:21:943, -95,1
15:21:21:943,

15:21:22:291, -96,0
15:21:22:295,

15:21:22:643, -94,3
15:21:22:643,

15:21:22:991, -94,4
15:21:22:995,

15:21:23:344, -99,0
15:21:23:344,

15:21:23:695, -96,1
15:21:23:695,

15:21:24:043, -97,0
15:21:24:043,

15:21:24:395, -95,1
15:21:24:395,

15:21:24:743, -97,0
15:21:24:747,

15:21:25:095, -99,-2
15:21:25:095,

15:21:25:447, -98,0
15:21:25:447,

15:21:25:795, -98,-4
15:21:25:795,

15:21:26:147, -96,0
15:21:26:147,

15:21:26:495, -93,1
15:21:26:495,

15:21:26:847, -96,0
15:21:26:847,

15:21:27:195, -99,-6
15:21:27:195,

15:21:27:544, -95,2
15:21:27:548,

15:21:27:896, -93,4
15:21:27:896,

15:21:28:245, -92,4
15:21:28:245,

15:21:28:596, -94,5
15:21:28:596,

15:21:28:945, -95,2
15:21:28:949,

15:21:29:297, -96,2
15:21:29:297,

15:21:29:645, -96,1
15:21:29:649,

15:21:29:997, -94,2
15:21:29:997,

15:21:30:347, -94,4
15:21:30:347,

15:21:30:699, -94,4
15:21:30:699,

15:21:31:047, -95,-1
15:21:31:047,

15:21:31:399, -100,-5
15:21:31:399,

15:21:31:747, -99,-8
15:21:31:747,

15:21:32:099, -100,-4
15:21:32:099,

15:21:32:447, -98,-3
15:21:32:451,

15:21:32:799, -99,-1
15:21:32:799,

15:21:33:160, Timeout/error! No packet received.
15:21:33:164,

15:21:33:498, -100,-11
15:21:33:502,

15:21:33:847, -98,-5
15:21:33:851,

15:21:34:199, -98,-2
15:21:34:199,

15:21:34:551, -98,0
15:21:34:551,

15:21:34:899, -97,-3
15:21:34:899,

15:21:35:251, -99,0
15:21:35:251,

15:21:35:599, -96,0
15:21:35:603,

15:21:35:951, -98,0
15:21:35:951,

15:21:36:299, -99,-1
15:21:36:303,

15:21:36:651, -98,-2
15:21:36:651,

15:21:36:999, -99,-1
15:21:37:003,

15:21:37:363, Timeout/error! No packet received.
15:21:37:367,

15:21:37:700, -94,1
15:21:37:704,

15:21:38:052, -93,4
15:21:38:052,

15:21:38:402, -94,3
15:21:38:402,

15:21:38:752, -95,2
15:21:38:752,

15:21:39:104, -95,4
15:21:39:104,

15:21:39:452, -94,4
15:21:39:456,

15:21:39:804, -94,3
15:21:39:804,

15:21:40:152, -95,3
15:21:40:152,

15:21:40:503, -95,3
15:21:40:503,

15:21:40:855, -95,1
15:21:40:855,

15:21:41:205, -96,0
15:21:41:205,

15:21:41:553, -96,2
15:21:41:557,

15:21:41:905, -96,2
15:21:41:905,

15:21:42:253, -95,2
15:21:42:257,

15:21:42:605, -94,2
15:21:42:605,

15:21:42:957, -94,3
15:21:42:957,

15:21:43:306, -94,4
15:21:43:306,

15:21:43:656, -93,4
15:21:43:656,

15:21:44:004, -94,2
15:21:44:008,

15:21:44:356, -95,2
15:21:44:356,

15:21:44:704, -95,1
15:21:44:708,

15:21:45:056, -95,2
15:21:45:056,

15:21:45:404, -94,3
15:21:45:408,

15:21:45:756, -94,2
15:21:45:756,

15:21:46:108, -95,1
15:21:46:108,

15:21:46:455, -95,2
15:21:46:459,

15:21:46:807, -95,3
15:21:46:807,

15:21:47:155, -94,3
15:21:47:159,

15:21:47:509, -92,0
15:21:47:509,

15:21:47:857, -94,4
15:21:47:857,

15:21:48:206, -95,3
15:21:48:206,

15:21:48:560, -95,2
15:21:48:560,

15:21:48:921, Timeout/error! No packet received.
15:21:48:925,

15:21:49:261, -95,2
15:21:49:261,

15:21:49:609, Timeout/error! No packet received.
15:21:49:613,

15:21:49:961, -99,-10
15:21:49:961,

15:21:50:309, -100,-4
15:21:50:309,

15:21:50:657, -99,-5
15:21:50:661,

15:21:51:009, -100,-11
15:21:51:009,

15:21:51:361, -99,-2
15:21:51:361,

15:21:51:721, Timeout/error! No packet received.
15:21:51:725,

15:21:52:061, -101,-10
15:21:52:061,

15:21:52:409, -100,-10
15:21:52:413,

15:21:52:773, Timeout/error! No packet received.
15:21:52:777,

15:21:53:113, -99,-10
15:21:53:113,

15:21:53:462, -96,2
15:21:53:462,

15:21:53:813, -95,2
15:21:53:813,

15:21:54:161, -96,0
15:21:54:161,

15:21:54:513, -95,0
15:21:54:513,

15:21:54:861, -96,1
15:21:54:861,

15:21:55:213, -95,0
15:21:55:213,

15:21:55:561, -96,-1
15:21:55:565,

15:21:55:913, -97,1
15:21:55:913,

15:21:56:265, -100,-9
15:21:56:265,

15:21:56:625, Timeout/error! No packet received.
15:21:56:629,

15:21:56:977, Timeout/error! No packet received.
15:21:56:977,

15:21:57:313, -100,-12
15:21:57:313,

15:21:57:662, Timeout/error! No packet received.
15:21:57:666,

15:21:58:014, -99,-14
15:21:58:014,

15:21:58:363, -100,-7
15:21:58:363,

15:21:58:714, Timeout/error! No packet received.
15:21:58:718,

15:21:59:063, -99,-11
15:21:59:067,

15:21:59:415, -100,-13
15:21:59:415,

15:21:59:763, -101,-12
15:21:59:767,

15:22:00:115, -101,-11
15:22:00:115,

15:22:00:463, -101,-11
15:22:00:467,

15:22:00:827, Timeout/error! No packet received.
15:22:00:831,

15:22:01:167, -99,-15
15:22:01:167,

15:22:01:515, -99,-14
15:22:01:519,

15:22:01:867, -101,-16
15:22:01:867,

15:22:02:230, Timeout/error! No packet received.
15:22:02:230,

15:22:02:566, -100,-13
15:22:02:566,

15:22:02:918, Timeout/error! No packet received.
15:22:02:922,

15:22:03:279, Timeout/error! No packet received.
15:22:03:283,

15:22:03:630, Timeout/error! No packet received.
15:22:03:634,

15:22:03:966, -99,-11
15:22:03:970,

15:22:04:330, Timeout/error! No packet received.
15:22:04:334,

15:22:04:678, Timeout/error! No packet received.
15:22:04:682,

15:22:05:030, Timeout/error! No packet received.
15:22:05:034,

15:22:05:382, Timeout/error! No packet received.
15:22:05:382,

15:22:05:730, Timeout/error! No packet received.
15:22:05:734,

15:22:06:082, Timeout/error! No packet received.
15:22:06:082,

15:22:06:430, Timeout/error! No packet received.
15:22:06:434,

15:22:06:782, Timeout/error! No packet received.
15:22:06:786,

15:22:07:130, Timeout/error! No packet received.
15:22:07:134,

15:22:07:483, Timeout/error! No packet received.
15:22:07:483,

15:22:07:831, Timeout/error! No packet received.
15:22:07:835,

15:22:08:180, Timeout/error! No packet received.
15:22:08:184,

15:22:08:533, Timeout/error! No packet received.
15:22:08:533,

15:22:08:883, Timeout/error! No packet received.
15:22:08:886,

15:22:09:231, Timeout/error! No packet received.
15:22:09:234,

15:22:09:583, Timeout/error! No packet received.
15:22:09:586,

15:22:09:934, Timeout/error! No packet received.
15:22:09:934,

15:22:10:284, Timeout/error! No packet received.
15:22:10:288,

15:22:10:632, Timeout/error! No packet received.
15:22:10:636,

15:22:10:984, Timeout/error! No packet received.
15:22:10:988,

15:22:11:332, Timeout/error! No packet received.
15:22:11:336,

15:22:11:684, Timeout/error! No packet received.
15:22:11:688,

15:22:12:036, Timeout/error! No packet received.
15:22:12:036,

15:22:12:384, Timeout/error! No packet received.
15:22:12:388,

15:22:12:736, Timeout/error! No packet received.
15:22:12:736,

15:22:13:084, Timeout/error! No packet received.
15:22:13:088,

15:22:13:433, Timeout/error! No packet received.
15:22:13:437,

15:22:13:784, Timeout/error! No packet received.
15:22:13:788,

15:22:14:136, Timeout/error! No packet received.
15:22:14:140,

15:22:14:484, Timeout/error! No packet received.
15:22:14:488,
