=~=~=~=~=~=~=~=~=~=~=~= PuTTY log 2019.06.14 15:28:39 =~=~=~=~=~=~=~=~=~=~=~=

15:28:39:585, -46,11
15:28:39:589, 

15:28:39:937, -49,11
15:28:39:937, 

15:28:40:288, -50,8
15:28:40:288, 

15:28:40:636, -49,11
15:28:40:636, 

15:28:40:988, -62,8
15:28:40:988, 

15:28:41:336, -53,10
15:28:41:340, 

15:28:41:688, -48,8
15:28:41:688, 

15:28:42:036, -51,9
15:28:42:040, 

15:28:42:388, -48,8
15:28:42:388, 

15:28:42:736, -52,9
15:28:42:740, 

15:28:43:088, -43,9
15:28:43:088, 

15:28:43:437, -42,8
15:28:43:441, 

15:28:43:787, -41,11
15:28:43:791, 

15:28:44:139, -41,11
15:28:44:139, 

15:28:44:487, -40,8
15:28:44:491, 

15:28:44:839, -39,8
15:28:44:839, 

15:28:45:187, -39,8
15:28:45:191, 

15:28:45:539, -39,8
15:28:45:539, 

15:28:45:891, -40,8
15:28:45:891, 

15:28:46:239, -39,8
15:28:46:239, 

15:28:46:591, -36,11
15:28:46:591, 

15:28:46:939, -35,8
15:28:46:939, 

15:28:47:291, -36,8
15:28:47:291, 

15:28:47:641, -36,8
15:28:47:641, 

15:28:47:993, -37,8
15:28:47:993, 

15:28:48:342, -37,8
15:28:48:342, 

15:28:48:692, -37,9
15:28:48:692, 

15:28:49:040, -37,8
15:28:49:044, 

15:28:49:392, -37,9
15:28:49:392, 

15:28:49:740, -38,8
15:28:49:744, 

15:28:50:092, -38,8
15:28:50:092, 

15:28:50:442, -38,7
15:28:50:442, 

15:28:50:794, -38,8
15:28:50:794, 

15:28:51:142, -37,8
15:28:51:142, 

15:28:51:494, -37,8
15:28:51:494, 

15:28:51:842, -37,8
15:28:51:846, 

15:28:52:194, -38,8
15:28:52:194, 

15:28:52:542, -38,8
15:28:52:542, 

15:28:52:894, -38,8
15:28:52:894, 

15:28:53:242, -39,8
15:28:53:246, 

15:28:53:594, -39,8
15:28:53:594, 

15:28:53:946, -39,8
15:28:53:946, 

15:28:54:294, -40,8
15:28:54:294, 

15:28:54:646, -41,11
15:28:54:646, 

15:28:54:994, -43,10
15:28:54:994, 

15:28:55:346, -43,8
15:28:55:346, 

15:28:55:694, -45,8
15:28:55:698, 

15:28:56:046, -48,8
15:28:56:046, 

15:28:56:394, -50,8
15:28:56:398, 

15:28:56:746, -47,8
15:28:56:746, 

15:28:57:094, -45,9
15:28:57:098, 

15:28:57:447, -44,11
15:28:57:447, 

15:28:57:795, -45,9
15:28:57:799, 

15:28:58:147, -45,9
15:28:58:147, 

15:28:58:498, -47,8
15:28:58:498, 

15:28:58:847, -47,9
15:28:58:847, 

15:28:59:196, -48,10
15:28:59:200, 

15:28:59:548, -41,10
15:28:59:548, 

15:28:59:896, -42,8
15:28:59:900, 

15:29:00:249, -45,8
15:29:00:250, 

15:29:00:598, -45,8
15:29:00:598, 

15:29:00:950, -47,11
15:29:00:950, 

15:29:01:298, -44,9
15:29:01:298, 

15:29:01:650, -42,8
15:29:01:650, 

15:29:01:998, -40,8
15:29:01:998, 

15:29:02:350, -41,11
15:29:02:350, 

15:29:02:698, -42,8
15:29:02:698, 

15:29:03:050, -50,8
15:29:03:050, 

15:29:03:400, -42,8
15:29:03:400, 

15:29:03:750, -43,11
15:29:03:750, 

15:29:04:102, -40,8
15:29:04:102, 

15:29:04:450, -38,8
15:29:04:450, 

15:29:04:802, -40,9
15:29:04:802, 

15:29:05:153, -42,8
15:29:05:153, 

15:29:05:501, -43,8
15:29:05:501, 

15:29:05:853, -40,8
15:29:05:853, 

15:29:06:201, -46,11
15:29:06:201, 

15:29:06:553, -43,9
15:29:06:553, 

15:29:06:901, -41,11
15:29:06:905, 

15:29:07:253, -43,8
15:29:07:253, 

15:29:07:602, -39,8
15:29:07:602, 

15:29:07:954, -42,10
15:29:07:954, 

15:29:08:303, -48,8
15:29:08:303, 

15:29:08:654, -43,11
15:29:08:654, 

15:29:09:002, -44,8
15:29:09:006, 

15:29:09:354, -41,11
15:29:09:354, 

15:29:09:705, -47,9
15:29:09:705, 

15:29:10:054, -41,10
15:29:10:054, 

15:29:10:404, -52,10
15:29:10:404, 

15:29:10:756, -44,11
15:29:10:756, 

15:29:11:104, -43,11
15:29:11:104, 

15:29:11:456, -46,9
15:29:11:456, 

15:29:11:804, -47,10
15:29:11:808, 

15:29:12:156, -55,9
15:29:12:156, 

15:29:12:508, -53,11
15:29:12:508, 

15:29:12:856, -52,9
15:29:12:856, 

15:29:13:208, -58,8
15:29:13:208, 

15:29:13:554, -53,8
15:29:13:558, 

15:29:13:907, -63,11
15:29:13:907, 

15:29:14:255, -58,11
15:29:14:259, 

15:29:14:607, -62,10
15:29:14:607, 

15:29:14:955, -68,8
15:29:14:959, 

15:29:15:307, -62,10
15:29:15:307, 

15:29:15:655, -71,10
15:29:15:659, 

15:29:16:007, -67,11
15:29:16:007, 

15:29:16:359, -84,7
15:29:16:359, 

15:29:16:707, -75,9
15:29:16:707, 

15:29:17:059, -78,8
15:29:17:059, 

15:29:17:407, -70,8
15:29:17:407, 

15:29:17:760, -69,10
15:29:17:760, 

15:29:18:108, -71,9
15:29:18:108, 

15:29:18:458, -69,9
15:29:18:462, 

15:29:18:808, -70,11
15:29:18:812, 

15:29:19:160, -66,5
15:29:19:160, 

15:29:19:508, -66,9
15:29:19:508, 

15:29:19:860, -72,9
15:29:19:860, 

15:29:20:208, -76,10
15:29:20:212, 

15:29:20:558, -75,10
15:29:20:562, 

15:29:20:910, -81,8
15:29:20:910, 

15:29:21:262, -81,8
15:29:21:262, 

15:29:21:610, -80,8
15:29:21:610, 

15:29:21:962, -79,8
15:29:21:962, 

15:29:22:322, Timeout/error! No packet received.
15:29:22:326, 

15:29:22:662, -76,9
15:29:22:662, 

15:29:23:010, -76,8
15:29:23:014, 

15:29:23:363, -75,10
15:29:23:363, 

15:29:23:710, -75,9
15:29:23:714, 

15:29:24:062, -74,9
15:29:24:062, 

15:29:24:414, -67,8
15:29:24:414, 

15:29:24:762, -76,8
15:29:24:762, 

15:29:25:114, -73,11
15:29:25:114, 

15:29:25:462, -82,9
15:29:25:462, 

15:29:25:814, -72,7
15:29:25:814, 

15:29:26:162, -80,9
15:29:26:166, 

15:29:26:514, -78,8
15:29:26:514, 

15:29:26:862, -75,9
15:29:26:866, 

15:29:27:214, -73,8
15:29:27:214, 

15:29:27:563, -82,10
15:29:27:563, 

15:29:27:915, -88,7
15:29:27:915, 

15:29:28:263, -85,7
15:29:28:267, 

15:29:28:615, -80,8
15:29:28:615, 

15:29:28:964, -79,10
15:29:28:964, 

15:29:29:316, -73,10
15:29:29:316, 

15:29:29:664, -78,8
15:29:29:668, 

15:29:30:016, -80,8
15:29:30:016, 

15:29:30:379, Timeout/error! No packet received.
15:29:30:379, 

15:29:30:715, -81,8
15:29:30:715, 

15:29:31:067, -92,5
15:29:31:067, 

15:29:31:415, -83,9
15:29:31:415, 

15:29:31:767, -71,-8
15:29:31:767, 

15:29:32:115, -80,8
15:29:32:119, 

15:29:32:467, -83,8
15:29:32:467, 

15:29:32:815, -79,8
15:29:32:819, 

15:29:33:167, -81,8
15:29:33:167, 

15:29:33:518, -79,8
15:29:33:518, 

15:29:33:867, -90,6
15:29:33:867, 

15:29:34:219, -81,9
15:29:34:219, 

15:29:34:567, -82,10
15:29:34:571, 

15:29:34:931, Timeout/error! No packet received.
15:29:34:935, 

15:29:35:267, -84,9
15:29:35:271, 

15:29:35:619, -84,8
15:29:35:619, 

15:29:35:967, -88,8
15:29:35:971, 

15:29:36:319, -87,8
15:29:36:319, 

15:29:36:683, Timeout/error! No packet received.
15:29:36:683, 

15:29:37:019, -90,6
15:29:37:019, 

15:29:37:371, -99,-6
15:29:37:371, 

15:29:37:720, -94,2
15:29:37:720, 

15:29:38:080, Timeout/error! No packet received.
15:29:38:084, 

15:29:38:422, -90,6
15:29:38:422, 

15:29:38:772, -90,7
15:29:38:772, 

15:29:39:120, -86,8
15:29:39:120, 

15:29:39:472, -87,8
15:29:39:472, 

15:29:39:820, -95,2
15:29:39:824, 

15:29:40:172, -85,7
15:29:40:172, 

15:29:40:523, -91,5
15:29:40:523, 

15:29:40:871, -88,8
15:29:40:871, 

15:29:41:223, -91,5
15:29:41:223, 

15:29:41:571, -86,7
15:29:41:575, 

15:29:41:923, -88,7
15:29:41:923, 

15:29:42:271, -94,3
15:29:42:275, 

15:29:42:623, -89,6
15:29:42:623, 

15:29:42:971, -92,5
15:29:42:975, 

15:29:43:324, -86,7
15:29:43:324, 

15:29:43:675, -87,8
15:29:43:675, 

15:29:44:023, -82,7
15:29:44:027, 

15:29:44:375, -85,9
15:29:44:375, 

15:29:44:723, -89,7
15:29:44:727, 

15:29:45:075, -92,5
15:29:45:075, 

15:29:45:427, -92,4
15:29:45:427, 

15:29:45:775, -92,4
15:29:45:775, 

15:29:46:123, -86,7
15:29:46:127, 

15:29:46:475, -82,8
15:29:46:475, 

15:29:46:827, -86,8
15:29:46:827, 

15:29:47:175, -89,8
15:29:47:175, 

15:29:47:524, -90,6
15:29:47:528, 

15:29:47:876, -86,6
15:29:47:876, 

15:29:48:228, -87,8
15:29:48:228, 

15:29:48:578, -88,4
15:29:48:578, 

15:29:48:928, -94,3
15:29:48:928, 

15:29:49:276, -91,5
15:29:49:280, 

15:29:49:628, -87,7
15:29:49:628, 

15:29:49:980, -89,8
15:29:49:980, 

15:29:50:327, -91,5
15:29:50:327, 

15:29:50:679, -89,5
15:29:50:679, 

15:29:51:027, -92,5
15:29:51:031, 

15:29:51:379, -90,3
15:29:51:379, 

15:29:51:731, -95,3
15:29:51:731, 

15:29:52:079, -98,-1
15:29:52:079, 

15:29:52:431, -96,0
15:29:52:431, 

15:29:52:779, -98,0
15:29:52:779, 

15:29:53:131, -98,-1
15:29:53:131, 

15:29:53:480, -100,-5
15:29:53:480, 

15:29:53:830, Timeout/error! No packet received.
15:29:53:834, 

15:29:54:178, Timeout/error! No packet received.
15:29:54:182, 

15:29:54:530, Timeout/error! No packet received.
15:29:54:534, 

15:29:54:890, Timeout/error! No packet received.
15:29:54:894, 

15:29:55:242, Timeout/error! No packet received.
15:29:55:246, 

15:29:55:594, Timeout/error! No packet received.
15:29:55:594, 

15:29:55:930, -96,0
15:29:55:934, 

15:29:56:282, -99,-2
15:29:56:282, 

15:29:56:630, -98,-4
15:29:56:634, 

15:29:56:982, -96,2
15:29:56:982, 

15:29:57:330, -96,2
15:29:57:330, 

15:29:57:684, -99,-7
15:29:57:684, 

15:29:58:032, -97,0
15:29:58:032, 

15:29:58:385, -96,0
15:29:58:385, 

15:29:58:731, -97,-1
15:29:58:731, 

15:29:59:084, -100,-6
15:29:59:084, 

15:29:59:432, -98,-4
15:29:59:432, 

15:29:59:784, -98,-5
15:29:59:784, 

15:30:00:132, -99,-5
15:30:00:136, 

15:30:00:482, -99,-4
15:30:00:482, 

15:30:00:834, -97,-2
15:30:00:834, 

15:30:01:182, -99,-6
15:30:01:186, 

15:30:01:534, -99,-4
15:30:01:534, 

15:30:01:886, -100,-6
15:30:01:886, 

15:30:02:234, -94,2
15:30:02:234, 

15:30:02:586, -95,1
15:30:02:586, 

15:30:02:934, -97,1
15:30:02:934, 

15:30:03:286, -94,4
15:30:03:286, 

15:30:03:634, -100,-8
15:30:03:638, 

15:30:03:986, -100,-8
15:30:03:986, 

15:30:04:334, -99,-7
15:30:04:338, 

15:30:04:686, -99,-4
15:30:04:686, 

15:30:05:036, -100,-7
15:30:05:036, 

15:30:05:388, -100,-12
15:30:05:388, 

15:30:05:736, -100,-11
15:30:05:736, 

15:30:06:088, -95,2
15:30:06:088, 

15:30:06:436, Timeout/error! No packet received.
15:30:06:440, 

15:30:06:788, Timeout/error! No packet received.
15:30:06:788, 

15:30:07:136, -96,2
15:30:07:140, 

15:30:07:501, Timeout/error! No packet received.
15:30:07:501, 

15:30:07:850, Timeout/error! No packet received.
15:30:07:853, 

15:30:08:189, -101,-9
15:30:08:189, 

15:30:08:549, Timeout/error! No packet received.
15:30:08:553, 

15:30:08:902, Timeout/error! No packet received.
15:30:08:906, 

15:30:09:250, Timeout/error! No packet received.
15:30:09:254, 

15:30:09:590, -99,-11
15:30:09:590, 

15:30:09:938, Timeout/error! No packet received.
15:30:09:942, 

15:30:10:300, Timeout/error! No packet received.
15:30:10:304, 

15:30:10:640, -99,-10
15:30:10:640, 

15:30:10:992, -99,-12
15:30:10:992, 

15:30:11:352, Timeout/error! No packet received.
15:30:11:356, 

15:30:11:692, -99,-12
15:30:11:692, 

15:30:12:040, -98,-4
15:30:12:040, 

15:30:12:404, Timeout/error! No packet received.
15:30:12:404, 

15:30:12:740, -98,-6
15:30:12:744, 

15:30:13:092, -99,-6
15:30:13:092, 

15:30:13:441, -100,-9
15:30:13:441, 

15:30:13:804, Timeout/error! No packet received.
15:30:13:808, 

15:30:14:144, -98,-4
15:30:14:144, 

15:30:14:492, -100,-12
15:30:14:492, 

15:30:14:844, -99,-10
15:30:14:844, 

15:30:15:192, Timeout/error! No packet received.
15:30:15:196, 

15:30:15:544, -99,-7
15:30:15:544, 

15:30:15:892, -99,-3
15:30:15:892, 

15:30:16:244, Timeout/error! No packet received.
15:30:16:248, 

15:30:16:592, -101,-9
15:30:16:596, 

15:30:16:944, -99,-7
15:30:16:944, 

15:30:17:296, -100,-4
15:30:17:296, 

15:30:17:645, -99,-10
15:30:17:645, 

15:30:17:993, -99,-2
15:30:17:997, 

15:30:18:342, -100,-3
15:30:18:346, 

15:30:18:692, -100,-8
15:30:18:696, 

15:30:19:044, -99,-10
15:30:19:044, 

15:30:19:396, -99,-7
15:30:19:396, 

15:30:19:744, -99,-9
15:30:19:744, 

15:30:20:096, -100,-5
15:30:20:096, 

15:30:20:447, -100,-5
15:30:20:447, 

15:30:20:795, -100,-9
15:30:20:795, 

15:30:21:147, -98,-3
15:30:21:147, 

15:30:21:495, -97,-2
15:30:21:499, 

15:30:21:847, Timeout/error! No packet received.
15:30:21:851, 

15:30:22:199, -100,-9
15:30:22:199, 

15:30:22:547, -99,-4
15:30:22:547, 

15:30:22:899, -99,-3
15:30:22:899, 

15:30:23:259, Timeout/error! No packet received.
15:30:23:263, 

15:30:23:598, -101,-7
15:30:23:598, 

15:30:23:946, -99,-12
15:30:23:950, 

15:30:24:298, -99,-8
15:30:24:298, 

15:30:24:646, -100,-6
15:30:24:650, 

15:30:24:998, -100,-5
15:30:24:998, 

15:30:25:358, Timeout/error! No packet received.
15:30:25:362, 

15:30:25:698, -98,-3
15:30:25:698, 

15:30:26:050, -99,-4
15:30:26:050, 

15:30:26:398, -98,-4
15:30:26:398, 

15:30:26:750, -98,-2
15:30:26:750, 

15:30:27:098, -99,-2
15:30:27:098, 

15:30:27:452, -100,-8
15:30:27:452, 

15:30:27:800, -100,-5
15:30:27:800, 

15:30:28:152, -100,-5
15:30:28:152, 

15:30:28:498, -100,-6
15:30:28:502, 

15:30:28:848, -99,-10
15:30:28:852, 

15:30:29:202, -99,-3
15:30:29:202, 

15:30:29:550, -98,0
15:30:29:550, 

15:30:29:902, -98,0
15:30:29:902, 

15:30:30:252, -98,-1
15:30:30:253, 

15:30:30:602, -95,2
15:30:30:602, 

15:30:30:950, -96,3
15:30:30:950, 

15:30:31:302, -95,3
15:30:31:302, 

15:30:31:650, -98,0
15:30:31:654, 

15:30:32:002, -97,1
15:30:32:002, 

15:30:32:350, Timeout/error! No packet received.
15:30:32:354, 

15:30:32:702, -97,-1
15:30:32:702, 

15:30:33:054, -97,0
15:30:33:054, 

15:30:33:403, -97,0
15:30:33:403, 

15:30:33:754, -99,-2
15:30:33:754, 

15:30:34:102, -96,1
15:30:34:106, 

15:30:34:454, Timeout/error! No packet received.
15:30:34:458, 

15:30:34:802, -96,0
15:30:34:802, 

15:30:35:154, -96,1
15:30:35:154, 

15:30:35:502, Timeout/error! No packet received.
15:30:35:506, 

15:30:35:854, -99,-1
15:30:35:854, 

15:30:36:206, -98,0
15:30:36:206, 

15:30:36:554, -97,0
15:30:36:554, 

15:30:36:906, -98,-1
15:30:36:906, 

15:30:37:254, -96,0
15:30:37:254, 

15:30:37:607, -98,0
15:30:37:607, 

15:30:37:955, -98,0
15:30:37:955, 

15:30:38:307, -98,-1
15:30:38:307, 

15:30:38:656, -97,0
15:30:38:656, 

15:30:39:007, -96,1
15:30:39:007, 

15:30:39:356, -98,-1
15:30:39:356, 

15:30:39:708, -98,-1
15:30:39:708, 

15:30:40:055, -95,-1
15:30:40:060, 

15:30:40:408, -97,1
15:30:40:408, 

15:30:40:756, -96,1
15:30:40:760, 

15:30:41:108, -96,1
15:30:41:108, 

15:30:41:460, -98,0
15:30:41:460, 

15:30:41:808, -97,0
15:30:41:808, 

15:30:42:160, -97,0
15:30:42:160, 

15:30:42:508, -99,-4
15:30:42:508, 

15:30:42:860, -99,-3
15:30:42:860, 

15:30:43:208, -98,0
15:30:43:208, 

15:30:43:558, -99,-3
15:30:43:558, 

15:30:43:908, -98,0
15:30:43:912, 

15:30:44:260, -96,-1
15:30:44:260, 

15:30:44:612, -98,1
15:30:44:612, 

15:30:44:960, -98,-2
15:30:44:960, 

15:30:45:312, -99,-4
15:30:45:312, 

15:30:45:660, -99,-2
15:30:45:660, 

15:30:46:012, -98,-3
15:30:46:012, 

15:30:46:360, -98,-5
15:30:46:360, 

15:30:46:712, -100,-3
15:30:46:712, 

15:30:47:060, -96,-3
15:30:47:064, 

15:30:47:412, -98,-1
15:30:47:412, 

15:30:47:762, -99,-4
15:30:47:762, 

15:30:48:111, -98,-10
15:30:48:111, 

15:30:48:460, -98,-1
15:30:48:464, 

15:30:48:814, -97,1
15:30:48:814, 

15:30:49:162, -96,-9
15:30:49:162, 

15:30:49:514, -99,-10
15:30:49:514, 

15:30:49:862, -96,0
15:30:49:862, 

15:30:50:214, -97,-10
15:30:50:214, 

15:30:50:563, -99,-6
15:30:50:563, 

15:30:50:911, -98,-1
15:30:50:915, 

15:30:51:263, -97,-1
15:30:51:263, 

15:30:51:615, -100,-4
15:30:51:615, 

15:30:51:963, -100,-5
15:30:51:963, 

15:30:52:315, -100,-7
15:30:52:315, 

15:30:52:663, -100,-5
15:30:52:667, 

15:30:53:015, -101,-7
15:30:53:015, 

15:30:53:364, -100,-7
15:30:53:364, 

15:30:53:715, -101,-7
15:30:53:715, 

15:30:54:067, -100,-4
15:30:54:067, 

15:30:54:415, -98,-6
15:30:54:415, 

15:30:54:767, -100,-10
15:30:54:767, 

15:30:55:115, -99,-10
15:30:55:119, 

15:30:55:467, -99,-10
15:30:55:467, 

15:30:55:815, -99,-9
15:30:55:819, 

15:30:56:169, -99,-8
15:30:56:169, 

15:30:56:517, -99,-7
15:30:56:517, 

15:30:56:869, -99,-2
15:30:56:869, 

15:30:57:217, -100,-3
15:30:57:217, 

15:30:57:566, Timeout/error! No packet received.
15:30:57:570, 

15:30:57:918, -98,-4
15:30:57:918, 

15:30:58:266, -99,-9
15:30:58:270, 

15:30:58:618, Timeout/error! No packet received.
15:30:58:622, 

15:30:58:969, -100,-4
15:30:58:969, 

15:30:59:317, -99,-7
15:30:59:321, 

15:30:59:681, Timeout/error! No packet received.
15:30:59:685, 

15:31:00:021, -100,-8
15:31:00:021, 

15:31:00:380, Timeout/error! No packet received.
15:31:00:384, 

15:31:00:732, Timeout/error! No packet received.
15:31:00:736, 

15:31:01:080, Timeout/error! No packet received.
15:31:01:084, 

15:31:01:432, Timeout/error! No packet received.
15:31:01:436, 

15:31:01:780, Timeout/error! No packet received.
15:31:01:784, 

15:31:02:120, -101,-15
15:31:02:120, 

15:31:02:469, -101,-12
15:31:02:473, 

15:31:02:821, -100,-11
15:31:02:821, 

15:31:03:173, -101,-8
15:31:03:173, 

15:31:03:519, -100,-12
15:31:03:523, 

15:31:03:872, -100,-15
15:31:03:872, 

15:31:04:220, -100,-15
15:31:04:220, 

15:31:04:584, Timeout/error! No packet received.
15:31:04:584, 

15:31:04:934, Timeout/error! No packet received.
15:31:04:938, 

15:31:05:283, Timeout/error! No packet received.
15:31:05:287, 

15:31:05:635, Timeout/error! No packet received.
15:31:05:639, 

15:31:05:983, Timeout/error! No packet received.
15:31:05:987, 

15:31:06:335, Timeout/error! No packet received.
15:31:06:339, 

15:31:06:683, Timeout/error! No packet received.
15:31:06:687, 

15:31:07:035, Timeout/error! No packet received.
15:31:07:039, 

15:31:07:387, Timeout/error! No packet received.
15:31:07:387, 

15:31:07:724, -101,-10
15:31:07:724, 

15:31:08:072, -100,-13
15:31:08:076, 

15:31:08:425, -99,-12
15:31:08:425, 

15:31:08:776, -101,-13
15:31:08:776, 

15:31:09:124, -100,-14
15:31:09:124, 

15:31:09:488, Timeout/error! No packet received.
15:31:09:488, 

15:31:09:824, Timeout/error! No packet received.
15:31:09:828, 

15:31:10:188, Timeout/error! No packet received.
15:31:10:192, 

15:31:10:524, -100,-13
15:31:10:528, 

15:31:10:876, Timeout/error! No packet received.
15:31:10:880, 

15:31:11:236, Timeout/error! No packet received.
15:31:11:240, 

15:31:11:588, Timeout/error! No packet received.
15:31:11:592, 

15:31:11:928, Timeout/error! No packet received.
15:31:11:928, 

15:31:12:288, Timeout/error! No packet received.
15:31:12:292, 

15:31:12:640, Timeout/error! No packet received.
15:31:12:640, 

15:31:12:988, Timeout/error! No packet received.
15:31:12:992, 

15:31:13:328, -101,-16
15:31:13:328, 

15:31:13:687, Timeout/error! No packet received.
15:31:13:691, 

15:31:14:039, Timeout/error! No packet received.
15:31:14:043, 

15:31:14:387, Timeout/error! No packet received.
15:31:14:391, 

15:31:14:739, Timeout/error! No packet received.
15:31:14:743, 

15:31:15:091, Timeout/error! No packet received.
15:31:15:091, 

15:31:15:439, Timeout/error! No packet received.
15:31:15:443, 

15:31:15:791, Timeout/error! No packet received.
15:31:15:791, 

15:31:16:139, Timeout/error! No packet received.
15:31:16:143, 

15:31:16:491, Timeout/error! No packet received.
15:31:16:491, 

15:31:16:839, Timeout/error! No packet received.
15:31:16:843, 

15:31:17:191, Timeout/error! No packet received.
15:31:17:195, 

15:31:17:541, Timeout/error! No packet received.
15:31:17:544, 

15:31:17:893, Timeout/error! No packet received.
15:31:17:893, 

15:31:18:241, Timeout/error! No packet received.
15:31:18:244, 

15:31:18:592, Timeout/error! No packet received.
15:31:18:596, 

15:31:18:940, Timeout/error! No packet received.
15:31:18:944, 

15:31:19:292, Timeout/error! No packet received.
15:31:19:296, 

15:31:19:640, Timeout/error! No packet received.
15:31:19:644, 

15:31:19:992, Timeout/error! No packet received.
15:31:19:996, 

15:31:20:342, Timeout/error! No packet received.
15:31:20:346, 

15:31:20:694, Timeout/error! No packet received.
15:31:20:694, 

15:31:21:042, Timeout/error! No packet received.
15:31:21:046, 

15:31:21:394, Timeout/error! No packet received.
15:31:21:394, 

15:31:21:742, Timeout/error! No packet received.
15:31:21:746, 

15:31:22:094, Timeout/error! No packet received.
15:31:22:098, 

15:31:22:442, Timeout/error! No packet received.
15:31:22:446, 

15:31:22:794, Timeout/error! No packet received.
15:31:22:798, 

15:31:23:142, Timeout/error! No packet received.
15:31:23:146, 

15:31:23:497, Timeout/error! No packet received.
15:31:23:497, 

15:31:23:846, Timeout/error! No packet received.
15:31:23:850, 

15:31:24:194, Timeout/error! No packet received.
15:31:24:198, 

15:31:24:546, Timeout/error! No packet received.
15:31:24:550, 

15:31:24:894, Timeout/error! No packet received.
15:31:24:898, 

15:31:25:246, Timeout/error! No packet received.
15:31:25:250, 

15:31:25:598, Timeout/error! No packet received.
15:31:25:598, 

15:31:25:947, Timeout/error! No packet received.
15:31:25:947, 

15:31:26:296, Timeout/error! No packet received.
15:31:26:300, 
