=~=~=~=~=~=~=~=~=~=~=~= PuTTY log 2019.06.14 15:31:54 =~=~=~=~=~=~=~=~=~=~=~=

15:39:32:052, Timeout/error! No packet received.
15:39:32:056, 

15:39:32:404, Timeout/error! No packet received.
15:39:32:404, 

15:39:32:752, Timeout/error! No packet received.
15:39:32:756, 

15:39:33:104, Timeout/error! No packet received.
15:39:33:104, 

15:39:33:452, Timeout/error! No packet received.
15:39:33:456, 

15:39:33:803, Timeout/error! No packet received.
15:39:33:807, 

15:39:34:151, Timeout/error! No packet received.
15:39:34:155, 

15:39:34:503, Timeout/error! No packet received.
15:39:34:507, 

15:39:34:851, Timeout/error! No packet received.
15:39:34:855, 

15:39:35:203, Timeout/error! No packet received.
15:39:35:207, 

15:39:35:555, Timeout/error! No packet received.
15:39:35:555, 

15:39:35:903, Timeout/error! No packet received.
15:39:35:907, 

15:39:41:846, -47,8
15:39:41:846, 

15:39:42:198, -48,8
15:39:42:198, 

15:39:42:546, -49,11
15:39:42:546, 

15:39:42:898, -64,10
15:39:42:898, 

15:39:43:246, -54,10
15:39:43:250, 

15:39:43:598, -47,8
15:39:43:598, 

15:39:43:946, -47,8
15:39:43:950, 

15:39:44:298, -60,10
15:39:44:298, 

15:39:44:646, -50,8
15:39:44:650, 

15:39:44:997, -45,8
15:39:45:001, 

15:39:45:349, -43,11
15:39:45:349, 

15:39:45:701, -43,9
15:39:45:701, 

15:39:46:049, -39,8
15:39:46:049, 

15:39:46:401, -40,9
15:39:46:401, 

15:39:46:749, -47,8
15:39:46:749, 

15:39:47:105, -44,11
15:39:47:105, 

15:39:47:452, -48,10
15:39:47:452, 

15:39:47:800, -42,8
15:39:47:800, 

15:39:48:152, -46,9
15:39:48:152, 

15:39:48:501, -52,11
15:39:48:501, 

15:39:48:851, -49,8
15:39:48:851, 

15:39:49:199, -54,7
15:39:49:199, 

15:39:49:551, -75,9
15:39:49:551, 

15:39:49:899, -53,10
15:39:49:903, 

15:39:50:253, -60,10
15:39:50:254, 

15:39:50:603, -47,8
15:39:50:603, 

15:39:50:951, -43,11
15:39:50:951, 

15:39:51:303, -42,10
15:39:51:303, 

15:39:51:651, -54,8
15:39:51:651, 

15:39:52:004, -56,10
15:39:52:004, 

15:39:52:352, -58,9
15:39:52:355, 

15:39:52:703, -56,11
15:39:52:703, 

15:39:53:052, -58,8
15:39:53:055, 

15:39:53:403, -55,11
15:39:53:403, 

15:39:53:755, -49,8
15:39:53:755, 

15:39:54:103, -50,8
15:39:54:103, 

15:39:54:455, -53,8
15:39:54:455, 

15:39:54:803, -52,11
15:39:54:807, 

15:39:55:155, -50,10
15:39:55:155, 

15:39:55:503, -54,9
15:39:55:507, 

15:39:55:855, -59,9
15:39:55:855, 

15:39:56:203, -64,9
15:39:56:207, 

15:39:56:555, -58,8
15:39:56:555, 

15:39:56:903, -62,10
15:39:56:907, 

15:39:57:255, -59,11
15:39:57:255, 

15:39:57:604, -56,8
15:39:57:608, 

15:39:57:956, -59,9
15:39:57:956, 

15:39:58:304, -62,11
15:39:58:308, 

15:39:58:656, -69,8
15:39:58:656, 

15:39:59:005, -71,9
15:39:59:009, 

15:39:59:357, -72,10
15:39:59:357, 

15:39:59:705, -64,8
15:39:59:709, 

15:40:00:057, -66,11
15:40:00:057, 

15:40:00:406, -64,11
15:40:00:410, 

15:40:00:758, -69,9
15:40:00:758, 

15:40:01:106, -70,10
15:40:01:110, 

15:40:01:458, -68,9
15:40:01:458, 

15:40:01:806, -78,4
15:40:01:810, 

15:40:02:158, -65,8
15:40:02:158, 

15:40:02:510, -66,7
15:40:02:510, 

15:40:02:858, -64,8
15:40:02:858, 

15:40:03:210, -66,5
15:40:03:210, 

15:40:03:561, -66,11
15:40:03:561, 

15:40:03:910, -68,7
15:40:03:910, 

15:40:04:258, -69,11
15:40:04:262, 

15:40:04:610, -67,8
15:40:04:610, 

15:40:04:958, -74,7
15:40:04:962, 

15:40:05:310, -83,10
15:40:05:310, 

15:40:05:662, -75,8
15:40:05:662, 

15:40:06:010, -72,9
15:40:06:010, 

15:40:06:362, -67,8
15:40:06:362, 

15:40:06:710, -77,9
15:40:06:714, 

15:40:07:062, -72,10
15:40:07:062, 

15:40:07:414, -72,11
15:40:07:414, 

15:40:07:763, -79,9
15:40:07:763, 

15:40:08:111, -77,10
15:40:08:111, 

15:40:08:463, -83,9
15:40:08:463, 

15:40:08:811, -80,9
15:40:08:815, 

15:40:09:163, -72,11
15:40:09:163, 

15:40:09:515, -72,9
15:40:09:515, 

15:40:09:863, -74,8
15:40:09:863, 

15:40:10:215, -84,8
15:40:10:215, 

15:40:10:566, -87,7
15:40:10:566, 

15:40:10:914, -77,10
15:40:10:914, 

15:40:11:262, -77,9
15:40:11:266, 

15:40:11:614, -80,9
15:40:11:614, 

15:40:11:966, -93,3
15:40:11:966, 

15:40:12:314, -82,8
15:40:12:314, 

15:40:12:666, -82,6
15:40:12:666, 

15:40:13:014, -84,9
15:40:13:014, 

15:40:13:366, -81,8
15:40:13:366, 

15:40:13:714, -80,8
15:40:13:714, 

15:40:14:066, -86,7
15:40:14:066, 

15:40:14:414, -77,9
15:40:14:418, 

15:40:14:766, -78,10
15:40:14:766, 

15:40:15:114, -86,7
15:40:15:118, 

15:40:15:466, -83,8
15:40:15:466, 

15:40:15:818, -77,9
15:40:15:818, 

15:40:16:166, -81,8
15:40:16:166, 

15:40:16:518, -82,8
15:40:16:518, 

15:40:16:866, -80,10
15:40:16:866, 

15:40:17:218, -91,5
15:40:17:218, 

15:40:17:567, -90,6
15:40:17:567, 

15:40:17:919, -88,7
15:40:17:919, 

15:40:18:267, -81,7
15:40:18:267, 

15:40:18:618, -87,8
15:40:18:618, 

15:40:18:970, -83,8
15:40:18:970, 

15:40:19:318, -80,9
15:40:19:318, 

15:40:19:670, -80,8
15:40:19:670, 

15:40:20:018, -81,8
15:40:20:022, 

15:40:20:368, -82,7
15:40:20:372, 

15:40:20:720, -86,8
15:40:20:720, 

15:40:21:072, -85,7
15:40:21:072, 

15:40:21:420, -88,8
15:40:21:420, 

15:40:21:772, -91,2
15:40:21:772, 

15:40:22:120, -96,1
15:40:22:120, 

15:40:22:472, -96,0
15:40:22:472, 

15:40:22:820, -91,4
15:40:22:820, 

15:40:23:172, -89,7
15:40:23:172, 

15:40:23:521, -91,6
15:40:23:521, 

15:40:23:870, -93,5
15:40:23:870, 

15:40:24:222, -87,8
15:40:24:222, 

15:40:24:570, -79,8
15:40:24:574, 

15:40:24:922, -84,9
15:40:24:922, 

15:40:25:270, -96,1
15:40:25:274, 

15:40:25:622, -90,6
15:40:25:622, 

15:40:25:974, -92,4
15:40:25:974, 

15:40:26:322, -97,0
15:40:26:322, 

15:40:26:674, -87,2
15:40:26:674, 

15:40:27:022, -89,6
15:40:27:026, 

15:40:27:374, -85,7
15:40:27:374, 

15:40:27:723, -88,8
15:40:27:723, 

15:40:28:075, -86,7
15:40:28:075, 

15:40:28:423, -85,7
15:40:28:423, 

15:40:28:774, -85,8
15:40:28:774, 

15:40:29:125, -84,8
15:40:29:125, 

15:40:29:477, -84,8
15:40:29:477, 

15:40:29:825, -86,5
15:40:29:825, 

15:40:30:177, -86,7
15:40:30:177, 

15:40:30:527, -88,8
15:40:30:527, 

15:40:30:875, -87,8
15:40:30:875, 

15:40:31:227, -91,5
15:40:31:227, 

15:40:31:575, -88,8
15:40:31:579, 

15:40:31:927, -92,5
15:40:31:927, 

15:40:32:275, -88,8
15:40:32:279, 

15:40:32:627, -97,0
15:40:32:627, 

15:40:32:987, Timeout/error! No packet received.
15:40:32:991, 

15:40:33:327, -94,4
15:40:33:327, 

15:40:33:679, -93,4
15:40:33:679, 

15:40:34:027, -96,2
15:40:34:027, 

15:40:34:379, -91,5
15:40:34:379, 

15:40:34:727, Timeout/error! No packet received.
15:40:34:731, 

15:40:35:079, -90,6
15:40:35:079, 

15:40:35:427, -89,7
15:40:35:431, 

15:40:35:779, -88,6
15:40:35:779, 

15:40:36:131, -89,6
15:40:36:131, 

15:40:36:479, -88,8
15:40:36:479, 

15:40:36:831, -87,7
15:40:36:831, 

15:40:37:179, -92,5
15:40:37:179, 

15:40:37:527, -90,5
15:40:37:531, 

15:40:37:879, -93,4
15:40:37:879, 

15:40:38:231, -93,4
15:40:38:231, 

15:40:38:581, -96,2
15:40:38:582, 

15:40:38:929, -93,3
15:40:38:929, 

15:40:39:281, -87,8
15:40:39:281, 

15:40:39:629, -90,6
15:40:39:633, 

15:40:39:981, -96,1
15:40:39:981, 

15:40:40:330, -94,2
15:40:40:330, 

15:40:40:682, -90,6
15:40:40:682, 

15:40:41:030, -94,3
15:40:41:030, 

15:40:41:382, -91,5
15:40:41:382, 

15:40:41:730, -90,4
15:40:41:734, 

15:40:42:082, -95,3
15:40:42:082, 

15:40:42:430, -97,-1
15:40:42:434, 

15:40:42:782, -95,2
15:40:42:782, 

15:40:43:134, -94,2
15:40:43:134, 

15:40:43:482, -97,-1
15:40:43:482, 

15:40:43:833, -95,3
15:40:43:833, 

15:40:44:193, Timeout/error! No packet received.
15:40:44:197, 

15:40:44:533, -95,1
15:40:44:533, 

15:40:44:885, -92,5
15:40:44:885, 

15:40:45:233, -94,2
15:40:45:233, 

15:40:45:585, -97,-1
15:40:45:585, 

15:40:45:933, -96,0
15:40:45:937, 

15:40:46:285, -98,-4
15:40:46:285, 

15:40:46:633, -95,3
15:40:46:637, 

15:40:46:985, -95,2
15:40:46:985, 

15:40:47:335, -98,-3
15:40:47:335, 

15:40:47:684, -97,0
15:40:47:688, 

15:40:48:036, -97,1
15:40:48:036, 

15:40:48:388, -97,1
15:40:48:388, 

15:40:48:734, -98,-4
15:40:48:738, 

15:40:49:086, -99,-2
15:40:49:086, 

15:40:49:446, Timeout/error! No packet received.
15:40:49:450, 

15:40:49:786, -98,-2
15:40:49:786, 

15:40:50:138, -96,-3
15:40:50:138, 

15:40:50:486, -95,3
15:40:50:486, 

15:40:50:838, -92,4
15:40:50:838, 

15:40:51:186, -93,3
15:40:51:186, 

15:40:51:538, -96,0
15:40:51:538, 

15:40:51:886, -95,3
15:40:51:890, 

15:40:52:238, -93,3
15:40:52:238, 

15:40:52:586, -94,4
15:40:52:590, 

15:40:52:938, -96,0
15:40:52:938, 

15:40:53:290, -97,-2
15:40:53:290, 

15:40:53:638, -95,3
15:40:53:638, 

15:40:53:990, -96,0
15:40:53:990, 

15:40:54:338, -98,-3
15:40:54:342, 

15:40:54:690, -94,3
15:40:54:690, 

15:40:55:042, -93,5
15:40:55:042, 

15:40:55:390, -92,3
15:40:55:390, 

15:40:55:742, -93,4
15:40:55:742, 

15:40:56:090, -91,5
15:40:56:090, 

15:40:56:442, -92,4
15:40:56:442, 

15:40:56:790, -97,0
15:40:56:790, 

15:40:57:142, -95,0
15:40:57:142, 

15:40:57:491, -99,-8
15:40:57:491, 

15:40:57:839, -99,-5
15:40:57:843, 

15:40:58:191, -98,-4
15:40:58:191, 

15:40:58:540, -99,-3
15:40:58:544, 

15:40:58:891, -99,-3
15:40:58:891, 

15:40:59:240, Timeout/error! No packet received.
15:40:59:244, 

15:40:59:592, -99,-5
15:40:59:592, 

15:40:59:952, Timeout/error! No packet received.
15:40:59:956, 

15:41:00:291, -98,-6
15:41:00:295, 

15:41:00:643, -99,-3
15:41:00:643, 

15:41:01:003, Timeout/error! No packet received.
15:41:01:007, 

15:41:01:343, Timeout/error! No packet received.
15:41:01:347, 

15:41:01:695, Timeout/error! No packet received.
15:41:01:695, 

15:41:02:043, -99,-4
15:41:02:043, 

15:41:02:395, -99,-5
15:41:02:395, 

15:41:02:743, Timeout/error! No packet received.
15:41:02:747, 

15:41:03:095, -99,-6
15:41:03:095, 

15:41:03:443, -99,-2
15:41:03:443, 

15:41:03:794, -98,-4
15:41:03:794, 

15:41:04:146, -99,-10
15:41:04:146, 

15:41:04:494, -99,-7
15:41:04:498, 

15:41:04:846, -99,-8
15:41:04:846, 

15:41:05:198, -99,-7
15:41:05:198, 

15:41:05:546, -98,-4
15:41:05:546, 

15:41:05:898, -96,-4
15:41:05:898, 

15:41:06:246, -99,-7
15:41:06:246, 

15:41:06:598, -97,-7
15:41:06:598, 

15:41:06:958, Timeout/error! No packet received.
15:41:06:962, 

15:41:07:298, -100,-8
15:41:07:298, 

15:41:07:647, Timeout/error! No packet received.
15:41:07:651, 

15:41:07:995, Timeout/error! No packet received.
15:41:07:999, 

15:41:08:347, -100,-8
15:41:08:347, 

15:41:08:711, Timeout/error! No packet received.
15:41:08:711, 

15:41:09:047, Timeout/error! No packet received.
15:41:09:051, 

15:41:09:399, -98,-5
15:41:09:399, 

15:41:09:747, Timeout/error! No packet received.
15:41:09:751, 

15:41:10:111, Timeout/error! No packet received.
15:41:10:115, 

15:41:10:448, -100,-11
15:41:10:452, 

15:41:10:812, Timeout/error! No packet received.
15:41:10:816, 

15:41:11:148, -98,-8
15:41:11:152, 

15:41:11:500, -99,-5
15:41:11:500, 

15:41:11:848, Timeout/error! No packet received.
15:41:11:852, 

15:41:12:200, -100,-5
15:41:12:200, 

15:41:12:552, -100,-4
15:41:12:552, 

15:41:12:900, Timeout/error! No packet received.
15:41:12:904, 

15:41:13:252, -100,-5
15:41:13:252, 

15:41:13:602, Timeout/error! No packet received.
15:41:13:602, 

15:41:13:950, -99,-3
15:41:13:950, 

15:41:14:302, -99,-6
15:41:14:302, 

15:41:14:662, Timeout/error! No packet received.
15:41:14:666, 

15:41:15:002, -100,-9
15:41:15:002, 

15:41:15:354, -98,-5
15:41:15:354, 

15:41:15:702, -100,-8
15:41:15:702, 

15:41:16:054, -99,-7
15:41:16:054, 

15:41:16:402, -99,-8
15:41:16:402, 

15:41:16:754, Timeout/error! No packet received.
15:41:16:754, 

15:41:17:114, Timeout/error! No packet received.
15:41:17:118, 

15:41:17:463, Timeout/error! No packet received.
15:41:17:467, 

15:41:17:815, Timeout/error! No packet received.
15:41:17:819, 

15:41:18:151, Timeout/error! No packet received.
15:41:18:155, 

15:41:18:516, Timeout/error! No packet received.
15:41:18:516, 

15:41:18:866, Timeout/error! No packet received.
15:41:18:866, 

15:41:19:214, Timeout/error! No packet received.
15:41:19:218, 

15:41:19:566, Timeout/error! No packet received.
15:41:19:570, 

15:41:19:902, -101,-10
15:41:19:906, 

15:41:20:267, Timeout/error! No packet received.
15:41:20:270, 

15:41:20:614, Timeout/error! No packet received.
15:41:20:618, 

15:41:20:966, Timeout/error! No packet received.
15:41:20:970, 

15:41:21:306, -100,-5
15:41:21:306, 

15:41:21:666, Timeout/error! No packet received.
15:41:21:670, 

15:41:22:018, Timeout/error! No packet received.
15:41:22:018, 

15:41:22:354, Timeout/error! No packet received.
15:41:22:358, 

15:41:22:718, Timeout/error! No packet received.
15:41:22:722, 

15:41:23:066, Timeout/error! No packet received.
15:41:23:070, 

15:41:23:406, -99,-8
15:41:23:406, 

15:41:23:758, -99,-7
15:41:23:758, 

15:41:24:118, Timeout/error! No packet received.
15:41:24:122, 

15:41:24:458, Timeout/error! No packet received.
15:41:24:462, 

15:41:24:806, -97,-5
15:41:24:810, 

15:41:25:158, -98,-3
15:41:25:158, 

15:41:25:510, -100,-8
15:41:25:510, 

15:41:25:870, Timeout/error! No packet received.
15:41:25:874, 

15:41:26:210, -100,-5
15:41:26:210, 

15:41:26:558, Timeout/error! No packet received.
15:41:26:562, 

15:41:26:910, -99,-7
15:41:26:910, 

15:41:27:258, -99,-7
15:41:27:258, 

15:41:27:611, -99,-6
15:41:27:611, 

15:41:27:959, -99,-8
15:41:27:959, 

15:41:28:307, -94,3
15:41:28:311, 

15:41:28:659, -96,1
15:41:28:659, 

15:41:29:008, -96,-1
15:41:29:012, 

15:41:29:360, -95,2
15:41:29:360, 

15:41:29:708, -98,-4
15:41:29:712, 

15:41:30:060, Timeout/error! No packet received.
15:41:30:064, 

15:41:30:410, -97,0
15:41:30:410, 

15:41:30:762, -97,-4
15:41:30:762, 

15:41:31:110, -95,2
15:41:31:110, 

15:41:31:462, -98,-2
15:41:31:462, 

15:41:31:810, -98,-1
15:41:31:810, 

15:41:32:162, -98,-2
15:41:32:162, 

15:41:32:510, -98,-6
15:41:32:514, 

15:41:32:862, -98,-9
15:41:32:862, 

15:41:33:222, Timeout/error! No packet received.
15:41:33:226, 

15:41:33:564, -99,-4
15:41:33:565, 

15:41:33:915, -97,-6
15:41:33:915, 

15:41:34:275, Timeout/error! No packet received.
15:41:34:279, 

15:41:34:615, -99,-3
15:41:34:615, 

15:41:34:963, -100,-5
15:41:34:963, 

15:41:35:315, -98,-7
15:41:35:315, 

15:41:35:663, -98,-4
15:41:35:663, 

15:41:36:015, Timeout/error! No packet received.
15:41:36:019, 

15:41:36:363, -100,-4
15:41:36:367, 

15:41:36:727, Timeout/error! No packet received.
15:41:36:731, 

15:41:37:075, Timeout/error! No packet received.
15:41:37:079, 

15:41:37:415, -99,-11
15:41:37:416, 

15:41:37:764, Timeout/error! No packet received.
15:41:37:768, 

15:41:38:116, -99,-5
15:41:38:116, 

15:41:38:476, Timeout/error! No packet received.
15:41:38:480, 

15:41:38:815, -99,-5
15:41:38:815, 

15:41:39:167, -98,-3
15:41:39:167, 

15:41:39:515, -98,-4
15:41:39:515, 

15:41:39:867, -98,-3
15:41:39:867, 

15:41:40:215, Timeout/error! No packet received.
15:41:40:219, 

15:41:40:567, -100,-10
15:41:40:567, 

15:41:40:915, -99,-5
15:41:40:919, 

15:41:41:267, -99,-6
15:41:41:267, 

15:41:41:615, -99,-3
15:41:41:619, 

15:41:41:967, -96,-4
15:41:41:967, 

15:41:42:315, -99,-2
15:41:42:319, 

15:41:42:667, -96,-3
15:41:42:667, 

15:41:43:019, -97,-5
15:41:43:019, 

15:41:43:367, -97,-2
15:41:43:367, 

15:41:43:718, -97,-4
15:41:43:718, 

15:41:44:082, Timeout/error! No packet received.
15:41:44:082, 

15:41:44:418, -97,-2
15:41:44:418, 

15:41:44:770, -98,-3
15:41:44:770, 

15:41:45:118, -98,-4
15:41:45:122, 

15:41:45:470, Timeout/error! No packet received.
15:41:45:474, 

15:41:45:818, Timeout/error! No packet received.
15:41:45:822, 

15:41:46:170, -99,-6
15:41:46:170, 

15:41:46:522, -100,-7
15:41:46:522, 

15:41:46:870, -99,-5
15:41:46:870, 

15:41:47:219, -99,-6
15:41:47:219, 

15:41:47:572, -99,-6
15:41:47:572, 

15:41:47:920, -100,-12
15:41:47:920, 

15:41:48:272, -100,-7
15:41:48:272, 

15:41:48:622, -99,-8
15:41:48:622, 

15:41:48:982, Timeout/error! No packet received.
15:41:48:986, 

15:41:49:322, -98,-6
15:41:49:322, 

15:41:49:674, -99,-4
15:41:49:674, 

15:41:50:022, Timeout/error! No packet received.
15:41:50:026, 

15:41:50:371, -99,-3
15:41:50:375, 

15:41:50:723, -101,-8
15:41:50:723, 

15:41:51:071, -98,-10
15:41:51:075, 

15:41:51:423, -99,-8
15:41:51:423, 

15:41:51:775, -100,-5
15:41:51:775, 

15:41:52:123, -99,-4
15:41:52:127, 

15:41:52:475, -98,-3
15:41:52:475, 

15:41:52:823, -98,-1
15:41:52:823, 

15:41:53:175, -97,-3
15:41:53:175, 

15:41:53:524, -98,-2
15:41:53:524, 

15:41:53:874, -97,-4
15:41:53:874, 

15:41:54:222, -97,0
15:41:54:226, 

15:41:54:574, -96,-1
15:41:54:574, 

15:41:54:926, -97,-1
15:41:54:926, 

15:41:55:274, -97,0
15:41:55:274, 

15:41:55:626, -97,-2
15:41:55:626, 

15:41:55:974, -98,-3
15:41:55:978, 

15:41:56:326, -96,1
15:41:56:326, 

15:41:56:674, -96,0
15:41:56:674, 

15:41:57:026, -97,0
15:41:57:026, 

15:41:57:374, -98,-1
15:41:57:378, 

15:41:57:727, -97,-1
15:41:57:727, 

15:41:58:075, -99,-2
15:41:58:079, 

15:41:58:427, -96,-4
15:41:58:427, 

15:41:58:778, -98,-4
15:41:58:778, 

15:41:59:127, -97,-1
15:41:59:127, 

15:41:59:479, -96,-2
15:41:59:479, 

15:41:59:827, -97,-1
15:41:59:827, 

15:42:00:179, -97,-1
15:42:00:179, 

15:42:00:526, -96,-1
15:42:00:530, 

15:42:00:878, -97,-1
15:42:00:878, 

15:42:01:230, -97,-3
15:42:01:230, 

15:42:01:578, -98,-4
15:42:01:578, 

15:42:01:930, -99,-4
15:42:01:930, 

15:42:02:278, -98,-4
15:42:02:282, 

15:42:02:630, -98,-5
15:42:02:630, 

15:42:02:978, -99,-3
15:42:02:982, 

15:42:03:330, -98,-3
15:42:03:330, 

15:42:03:682, -96,-3
15:42:03:682, 

15:42:04:030, -97,0
15:42:04:030, 

15:42:04:382, -98,-3
15:42:04:382, 

15:42:04:730, -99,-2
15:42:04:730, 

15:42:05:082, -99,-3
15:42:05:082, 

15:42:05:430, -99,-2
15:42:05:434, 

15:42:05:782, -98,-1
15:42:05:782, 

15:42:06:142, Timeout/error! No packet received.
15:42:06:146, 

15:42:06:482, -97,-1
15:42:06:482, 

15:42:06:834, -97,-1
15:42:06:834, 

15:42:07:182, -97,0
15:42:07:182, 

15:42:07:531, Timeout/error! No packet received.
15:42:07:535, 

15:42:07:883, -96,0
15:42:07:883, 

15:42:08:235, -95,2
15:42:08:235, 

15:42:08:584, -98,0
15:42:08:585, 

15:42:08:934, -99,-2
15:42:08:934, 

15:42:09:282, -98,-1
15:42:09:286, 

15:42:09:634, -97,-1
15:42:09:634, 

15:42:09:986, -97,-1
15:42:09:986, 

15:42:10:335, -96,0
15:42:10:335, 

15:42:10:683, -96,1
15:42:10:687, 

15:42:11:035, -96,-1
15:42:11:035, 

15:42:11:387, -98,-3
15:42:11:387, 

15:42:11:747, Timeout/error! No packet received.
15:42:11:751, 

15:42:12:087, -98,-2
15:42:12:087, 

15:42:12:435, -97,-1
15:42:12:435, 

15:42:12:787, -96,0
15:42:12:787, 

15:42:13:135, -96,2
15:42:13:135, 

15:42:13:488, -96,2
15:42:13:488, 

15:42:13:835, -97,1
15:42:13:835, 

15:42:14:187, -96,0
15:42:14:187, 

15:42:14:535, -98,-1
15:42:14:539, 

15:42:14:887, -96,0
15:42:14:887, 

15:42:15:235, -96,0
15:42:15:239, 

15:42:15:587, -97,0
15:42:15:587, 

15:42:15:935, -98,-4
15:42:15:939, 

15:42:16:287, -98,-2
15:42:16:287, 

15:42:16:639, -96,0
15:42:16:639, 

15:42:16:987, -95,1
15:42:16:987, 

15:42:17:339, -96,1
15:42:17:339, 

15:42:17:688, -94,2
15:42:17:688, 

15:42:18:036, -95,2
15:42:18:040, 

15:42:18:388, -96,1
15:42:18:388, 

15:42:18:738, -94,3
15:42:18:738, 

15:42:19:090, -94,4
15:42:19:090, 

15:42:19:438, -94,3
15:42:19:442, 

15:42:19:790, -95,0
15:42:19:790, 

15:42:20:142, -97,0
15:42:20:142, 

15:42:20:490, -99,-4
15:42:20:490, 

15:42:20:842, -96,0
15:42:20:842, 

15:42:21:190, -96,0
15:42:21:190, 

15:42:21:542, -97,-1
15:42:21:542, 

15:42:21:890, -96,0
15:42:21:890, 

15:42:22:242, -96,0
15:42:22:242, 

15:42:22:590, -95,2
15:42:22:594, 

15:42:22:942, -94,4
15:42:22:942, 

15:42:23:294, -94,1
15:42:23:294, 

15:42:23:642, -95,1
15:42:23:642, 

15:42:23:990, -94,3
15:42:23:994, 

15:42:24:342, -93,3
15:42:24:342, 

15:42:24:690, -95,1
15:42:24:694, 

15:42:25:042, -93,4
15:42:25:042, 

15:42:25:394, -93,5
15:42:25:394, 

15:42:25:742, -94,3
15:42:25:742, 

15:42:26:094, -95,2
15:42:26:094, 

15:42:26:442, -95,3
15:42:26:442, 

15:42:26:794, -98,-2
15:42:26:794, 

15:42:27:142, Timeout/error! No packet received.
15:42:27:146, 

15:42:27:496, -96,1
15:42:27:496, 

15:42:27:844, -96,0
15:42:27:844, 

15:42:28:196, -94,0
15:42:28:196, 

15:42:28:545, -98,-1
15:42:28:545, 

15:42:28:893, -96,1
15:42:28:897, 

15:42:29:247, -96,0
15:42:29:247, 

15:42:29:595, -96,0
15:42:29:595, 

15:42:29:947, -97,0
15:42:29:947, 

15:42:30:296, -96,1
15:42:30:296, 

15:42:30:648, -96,0
15:42:30:648, 

15:42:30:996, -97,-1
15:42:30:996, 

15:42:31:348, -96,0
15:42:31:348, 

15:42:31:696, -98,-2
15:42:31:700, 

15:42:32:048, -97,-1
15:42:32:048, 

15:42:32:396, -95,1
15:42:32:400, 

15:42:32:748, -97,-1
15:42:32:748, 

15:42:33:096, -95,1
15:42:33:100, 

15:42:33:448, -96,0
15:42:33:448, 

15:42:33:799, -98,-3
15:42:33:799, 

15:42:34:147, -98,0
15:42:34:147, 

15:42:34:499, -96,0
15:42:34:499, 

15:42:34:847, -98,-1
15:42:34:851, 

15:42:35:199, Timeout/error! No packet received.
15:42:35:203, 

15:42:35:547, -98,-2
15:42:35:551, 

15:42:35:899, -99,-4
15:42:35:899, 

15:42:36:247, -95,-4
15:42:36:251, 

15:42:36:599, -98,0
15:42:36:599, 

15:42:36:951, -96,1
15:42:36:951, 

15:42:37:299, -97,-1
15:42:37:299, 

15:42:37:648, -98,-3
15:42:37:652, 

15:42:38:000, -97,-2
15:42:38:000, 

15:42:38:348, -95,2
15:42:38:352, 

15:42:38:702, -96,0
15:42:38:702, 

15:42:39:050, -98,-2
15:42:39:050, 

15:42:39:402, -98,0
15:42:39:402, 

15:42:39:750, -96,0
15:42:39:754, 

15:42:40:102, -96,1
15:42:40:102, 

15:42:40:451, -96,1
15:42:40:451, 

15:42:40:803, -96,2
15:42:40:803, 

15:42:41:151, -95,1
15:42:41:155, 

15:42:41:503, -96,2
15:42:41:503, 

15:42:41:855, -95,0
15:42:41:855, 

15:42:42:203, -96,1
15:42:42:203, 

15:42:42:555, -96,0
15:42:42:555, 

15:42:42:903, -96,0
15:42:42:903, 

15:42:43:255, -95,0
15:42:43:255, 

15:42:43:605, -95,1
15:42:43:605, 

15:42:43:965, Timeout/error! No packet received.
15:42:43:969, 

15:42:44:305, -98,-6
15:42:44:305, 

15:42:44:653, -100,-4
15:42:44:657, 

15:42:45:005, -100,-6
15:42:45:005, 

15:42:45:353, -98,-3
15:42:45:353, 

15:42:45:705, Timeout/error! No packet received.
15:42:45:709, 

15:42:46:053, -98,-5
15:42:46:057, 

15:42:46:405, -99,-1
15:42:46:405, 

15:42:46:753, -97,-4
15:42:46:757, 

15:42:47:105, -97,0
15:42:47:105, 

15:42:47:456, -97,0
15:42:47:456, 

15:42:47:808, -98,-2
15:42:47:808, 

15:42:48:156, -98,-4
15:42:48:156, 

15:42:48:505, -99,-8
15:42:48:509, 

15:42:48:858, -99,-11
15:42:48:858, 

15:42:49:206, -100,-9
15:42:49:210, 

15:42:49:558, -99,-6
15:42:49:558, 

15:42:49:906, -100,-6
15:42:49:906, 

15:42:50:258, -99,-5
15:42:50:260, 

15:42:50:606, -99,-6
15:42:50:610, 

15:42:50:958, -99,-3
15:42:50:958, 

15:42:51:306, -100,-5
15:42:51:310, 

15:42:51:658, -98,-8
15:42:51:658, 

15:42:52:006, -99,-6
15:42:52:010, 

15:42:52:358, -99,-7
15:42:52:358, 

15:42:52:722, Timeout/error! No packet received.
15:42:52:722, 

15:42:53:058, -98,-6
15:42:53:058, 

15:42:53:422, Timeout/error! No packet received.
15:42:53:422, 

15:42:53:761, -100,-16
15:42:53:761, 

15:42:54:109, -99,-9
15:42:54:109, 

15:42:54:461, Timeout/error! No packet received.
15:42:54:465, 

15:42:54:809, -100,-8
15:42:54:809, 

15:42:55:161, -100,-12
15:42:55:161, 

15:42:55:509, -99,-13
15:42:55:513, 

15:42:55:861, -100,-9
15:42:55:861, 

15:42:56:209, -100,-7
15:42:56:213, 

15:42:56:561, -99,-14
15:42:56:561, 

15:42:56:909, Timeout/error! No packet received.
15:42:56:913, 

15:42:57:261, -99,-9
15:42:57:261, 

15:42:57:610, -100,-7
15:42:57:614, 

15:42:57:962, -99,-6
15:42:57:962, 

15:42:58:310, -100,-12
15:42:58:314, 

15:42:58:661, -100,-13
15:42:58:665, 

15:42:59:026, Timeout/error! No packet received.
15:42:59:026, 

15:42:59:362, -98,-3
15:42:59:362, 

15:42:59:714, Timeout/error! No packet received.
15:42:59:718, 

15:43:00:062, -98,-5
15:43:00:066, 

15:43:00:414, -98,-6
15:43:00:414, 

15:43:00:766, Timeout/error! No packet received.
15:43:00:766, 

15:43:01:114, -98,-6
15:43:01:114, 

15:43:01:466, Timeout/error! No packet received.
15:43:01:466, 

15:43:01:814, Timeout/error! No packet received.
15:43:01:818, 

15:43:02:178, Timeout/error! No packet received.
15:43:02:178, 

15:43:02:514, Timeout/error! No packet received.
15:43:02:518, 

15:43:02:878, Timeout/error! No packet received.
15:43:02:882, 

15:43:03:214, -99,-13
15:43:03:218, 

15:43:03:563, -99,-13
15:43:03:567, 

15:43:03:926, Timeout/error! No packet received.
15:43:03:930, 

15:43:04:266, -99,-13
15:43:04:266, 

15:43:04:618, -99,-10
15:43:04:618, 

15:43:04:966, Timeout/error! No packet received.
15:43:04:970, 

15:43:05:318, -99,-12
15:43:05:318, 

15:43:05:666, -100,-12
15:43:05:670, 

15:43:06:018, -100,-11
15:43:06:018, 

15:43:06:366, -100,-11
15:43:06:370, 

15:43:06:718, -100,-5
15:43:06:718, 

15:43:07:066, Timeout/error! No packet received.
15:43:07:070, 

15:43:07:431, Timeout/error! No packet received.
15:43:07:435, 

15:43:07:767, Timeout/error! No packet received.
15:43:07:771, 

15:43:08:131, Timeout/error! No packet received.
15:43:08:135, 

15:43:08:479, Timeout/error! No packet received.
15:43:08:483, 

15:43:08:817, -101,-12
15:43:08:821, 

15:43:09:169, -96,-11
15:43:09:169, 

15:43:09:517, -99,-12
15:43:09:521, 

15:43:09:869, -99,-12
15:43:09:869, 

15:43:10:217, -99,-11
15:43:10:221, 

15:43:10:567, -99,-9
15:43:10:571, 

15:43:10:919, -100,-13
15:43:10:919, 

15:43:11:283, Timeout/error! No packet received.
15:43:11:283, 

15:43:11:619, -99,-15
15:43:11:619, 

15:43:11:983, Timeout/error! No packet received.
15:43:11:987, 

15:43:12:331, Timeout/error! No packet received.
15:43:12:335, 

15:43:12:683, Timeout/error! No packet received.
15:43:12:687, 

15:43:13:031, Timeout/error! No packet received.
15:43:13:035, 

15:43:13:383, Timeout/error! No packet received.
15:43:13:387, 

15:43:13:732, Timeout/error! No packet received.
15:43:13:736, 

15:43:14:084, Timeout/error! No packet received.
15:43:14:088, 

15:43:14:436, Timeout/error! No packet received.
15:43:14:436, 

15:43:14:784, Timeout/error! No packet received.
15:43:14:788, 

15:43:15:136, Timeout/error! No packet received.
15:43:15:136, 

15:43:15:484, Timeout/error! No packet received.
15:43:15:488, 

15:43:15:836, Timeout/error! No packet received.
15:43:15:836, 

15:43:16:184, Timeout/error! No packet received.
15:43:16:188, 

15:43:16:536, Timeout/error! No packet received.
15:43:16:540, 

15:43:16:884, Timeout/error! No packet received.
15:43:16:888, 

15:43:17:236, Timeout/error! No packet received.
15:43:17:240, 

15:43:17:585, Timeout/error! No packet received.
15:43:17:589, 

15:43:17:937, Timeout/error! No packet received.
15:43:17:937, 

15:43:18:285, Timeout/error! No packet received.
15:43:18:289, 

15:43:18:638, Timeout/error! No packet received.
15:43:18:638, 

15:43:18:986, Timeout/error! No packet received.
15:43:18:990, 

15:43:19:338, Timeout/error! No packet received.
15:43:19:342, 

15:43:19:686, Timeout/error! No packet received.
15:43:19:690, 

15:43:20:038, Timeout/error! No packet received.
15:43:20:042, 

15:43:20:388, Timeout/error! No packet received.
15:43:20:392, 

15:43:20:736, Timeout/error! No packet received.
15:43:20:740, 

15:43:21:088, Timeout/error! No packet received.
15:43:21:092, 

15:43:21:440, Timeout/error! No packet received.
15:43:21:440, 

15:43:21:788, Timeout/error! No packet received.
15:43:21:792, 

15:43:22:140, Timeout/error! No packet received.
15:43:22:144, 

15:43:22:488, Timeout/error! No packet received.
15:43:22:492, 
